CRITICAL - 2023-05-10 18:18:09 --> Undefined variable: title
in APPPATH\Views\front\pages\HeaderPage.php on line 9.
 1 APPPATH\Views\front\pages\HeaderPage.php(9): CodeIgniter\Debug\Exceptions->errorHandler(8, 'Undefined variable: title', 'C:\\xampp\\htdocs\\gauna_octavio\\app\\Views\\front\\pages\\HeaderPage.php', 9, [])
 2 SYSTEMPATH\View\View.php(213): include('C:\\xampp\\htdocs\\gauna_octavio\\app\\Views\\front\\pages\\HeaderPage.php')
 3 SYSTEMPATH\View\View.php(216): CodeIgniter\View\View->CodeIgniter\View\{closure}()
 4 SYSTEMPATH\Common.php(1184): CodeIgniter\View\View->render('front/pages/HeaderPage', [], true)
 5 APPPATH\Config\Routes.php(31): view('front/pages/HeaderPage')
 6 SYSTEMPATH\CodeIgniter.php(954): CodeIgniter\Router\RouteCollection->Config\{closure}('Can\'t find a route for \'get: login\'.')
 7 SYSTEMPATH\CodeIgniter.php(387): CodeIgniter\CodeIgniter->display404errors(Object(CodeIgniter\Exceptions\PageNotFoundException))
 8 FCPATH\index.php(67): CodeIgniter\CodeIgniter->run()
CRITICAL - 2023-05-10 18:53:57 --> Undefined variable: title
in APPPATH\Views\front\pages\HeaderPage.php on line 9.
 1 APPPATH\Views\front\pages\HeaderPage.php(9): CodeIgniter\Debug\Exceptions->errorHandler(8, 'Undefined variable: title', 'C:\\xampp\\htdocs\\gauna_octavio\\app\\Views\\front\\pages\\HeaderPage.php', 9, [])
 2 SYSTEMPATH\View\View.php(213): include('C:\\xampp\\htdocs\\gauna_octavio\\app\\Views\\front\\pages\\HeaderPage.php')
 3 SYSTEMPATH\View\View.php(216): CodeIgniter\View\View->CodeIgniter\View\{closure}()
 4 SYSTEMPATH\Common.php(1184): CodeIgniter\View\View->render('front/pages/HeaderPage', [], true)
 5 APPPATH\Config\Routes.php(32): view('front/pages/HeaderPage')
 6 SYSTEMPATH\CodeIgniter.php(954): CodeIgniter\Router\RouteCollection->Config\{closure}('Can\'t find a route for \'get: assets/women_login.svg\'.')
 7 SYSTEMPATH\CodeIgniter.php(387): CodeIgniter\CodeIgniter->display404errors(Object(CodeIgniter\Exceptions\PageNotFoundException))
 8 FCPATH\index.php(67): CodeIgniter\CodeIgniter->run()
CRITICAL - 2023-05-10 18:53:57 --> Undefined variable: title
in APPPATH\Views\front\pages\HeaderPage.php on line 9.
 1 APPPATH\Views\front\pages\HeaderPage.php(9): CodeIgniter\Debug\Exceptions->errorHandler(8, 'Undefined variable: title', 'C:\\xampp\\htdocs\\gauna_octavio\\app\\Views\\front\\pages\\HeaderPage.php', 9, [])
 2 SYSTEMPATH\View\View.php(213): include('C:\\xampp\\htdocs\\gauna_octavio\\app\\Views\\front\\pages\\HeaderPage.php')
 3 SYSTEMPATH\View\View.php(216): CodeIgniter\View\View->CodeIgniter\View\{closure}()
 4 SYSTEMPATH\Common.php(1184): CodeIgniter\View\View->render('front/pages/HeaderPage', [], true)
 5 APPPATH\Config\Routes.php(32): view('front/pages/HeaderPage')
 6 SYSTEMPATH\CodeIgniter.php(954): CodeIgniter\Router\RouteCollection->Config\{closure}('Can\'t find a route for \'get: assets/women_login.svg\'.')
 7 SYSTEMPATH\CodeIgniter.php(387): CodeIgniter\CodeIgniter->display404errors(Object(CodeIgniter\Exceptions\PageNotFoundException))
 8 FCPATH\index.php(67): CodeIgniter\CodeIgniter->run()
CRITICAL - 2023-05-10 18:54:18 --> Undefined variable: title
in APPPATH\Views\front\pages\HeaderPage.php on line 9.
 1 APPPATH\Views\front\pages\HeaderPage.php(9): CodeIgniter\Debug\Exceptions->errorHandler(8, 'Undefined variable: title', 'C:\\xampp\\htdocs\\gauna_octavio\\app\\Views\\front\\pages\\HeaderPage.php', 9, [])
 2 SYSTEMPATH\View\View.php(213): include('C:\\xampp\\htdocs\\gauna_octavio\\app\\Views\\front\\pages\\HeaderPage.php')
 3 SYSTEMPATH\View\View.php(216): CodeIgniter\View\View->CodeIgniter\View\{closure}()
 4 SYSTEMPATH\Common.php(1184): CodeIgniter\View\View->render('front/pages/HeaderPage', [], true)
 5 APPPATH\Config\Routes.php(32): view('front/pages/HeaderPage')
 6 SYSTEMPATH\CodeIgniter.php(954): CodeIgniter\Router\RouteCollection->Config\{closure}('Can\'t find a route for \'get: assets/women_login.svg\'.')
 7 SYSTEMPATH\CodeIgniter.php(387): CodeIgniter\CodeIgniter->display404errors(Object(CodeIgniter\Exceptions\PageNotFoundException))
 8 FCPATH\index.php(67): CodeIgniter\CodeIgniter->run()
CRITICAL - 2023-05-10 19:35:44 --> Undefined variable: title
in APPPATH\Views\front\pages\HeaderPage.php on line 9.
 1 APPPATH\Views\front\pages\HeaderPage.php(9): CodeIgniter\Debug\Exceptions->errorHandler(8, 'Undefined variable: title', 'C:\\xampp\\htdocs\\gauna_octavio\\app\\Views\\front\\pages\\HeaderPage.php', 9, [])
 2 SYSTEMPATH\View\View.php(213): include('C:\\xampp\\htdocs\\gauna_octavio\\app\\Views\\front\\pages\\HeaderPage.php')
 3 SYSTEMPATH\View\View.php(216): CodeIgniter\View\View->CodeIgniter\View\{closure}()
 4 SYSTEMPATH\Common.php(1184): CodeIgniter\View\View->render('front/pages/HeaderPage', [], true)
 5 APPPATH\Config\Routes.php(32): view('front/pages/HeaderPage')
 6 SYSTEMPATH\CodeIgniter.php(954): CodeIgniter\Router\RouteCollection->Config\{closure}('Can\'t find a route for \'get: assets/images/nike.png\'.')
 7 SYSTEMPATH\CodeIgniter.php(387): CodeIgniter\CodeIgniter->display404errors(Object(CodeIgniter\Exceptions\PageNotFoundException))
 8 FCPATH\index.php(67): CodeIgniter\CodeIgniter->run()
CRITICAL - 2023-05-10 19:35:51 --> Undefined variable: title
in APPPATH\Views\front\pages\HeaderPage.php on line 9.
 1 APPPATH\Views\front\pages\HeaderPage.php(9): CodeIgniter\Debug\Exceptions->errorHandler(8, 'Undefined variable: title', 'C:\\xampp\\htdocs\\gauna_octavio\\app\\Views\\front\\pages\\HeaderPage.php', 9, [])
 2 SYSTEMPATH\View\View.php(213): include('C:\\xampp\\htdocs\\gauna_octavio\\app\\Views\\front\\pages\\HeaderPage.php')
 3 SYSTEMPATH\View\View.php(216): CodeIgniter\View\View->CodeIgniter\View\{closure}()
 4 SYSTEMPATH\Common.php(1184): CodeIgniter\View\View->render('front/pages/HeaderPage', [], true)
 5 APPPATH\Config\Routes.php(32): view('front/pages/HeaderPage')
 6 SYSTEMPATH\CodeIgniter.php(954): CodeIgniter\Router\RouteCollection->Config\{closure}('Can\'t find a route for \'get: assets/images/nike.png\'.')
 7 SYSTEMPATH\CodeIgniter.php(387): CodeIgniter\CodeIgniter->display404errors(Object(CodeIgniter\Exceptions\PageNotFoundException))
 8 FCPATH\index.php(67): CodeIgniter\CodeIgniter->run()
CRITICAL - 2023-05-10 19:36:01 --> Undefined variable: title
in APPPATH\Views\front\pages\HeaderPage.php on line 9.
 1 APPPATH\Views\front\pages\HeaderPage.php(9): CodeIgniter\Debug\Exceptions->errorHandler(8, 'Undefined variable: title', 'C:\\xampp\\htdocs\\gauna_octavio\\app\\Views\\front\\pages\\HeaderPage.php', 9, [])
 2 SYSTEMPATH\View\View.php(213): include('C:\\xampp\\htdocs\\gauna_octavio\\app\\Views\\front\\pages\\HeaderPage.php')
 3 SYSTEMPATH\View\View.php(216): CodeIgniter\View\View->CodeIgniter\View\{closure}()
 4 SYSTEMPATH\Common.php(1184): CodeIgniter\View\View->render('front/pages/HeaderPage', [], true)
 5 APPPATH\Config\Routes.php(32): view('front/pages/HeaderPage')
 6 SYSTEMPATH\CodeIgniter.php(954): CodeIgniter\Router\RouteCollection->Config\{closure}('Can\'t find a route for \'get: assets/images/nike.png\'.')
 7 SYSTEMPATH\CodeIgniter.php(387): CodeIgniter\CodeIgniter->display404errors(Object(CodeIgniter\Exceptions\PageNotFoundException))
 8 FCPATH\index.php(67): CodeIgniter\CodeIgniter->run()
CRITICAL - 2023-05-10 19:36:03 --> Undefined variable: title
in APPPATH\Views\front\pages\HeaderPage.php on line 9.
 1 APPPATH\Views\front\pages\HeaderPage.php(9): CodeIgniter\Debug\Exceptions->errorHandler(8, 'Undefined variable: title', 'C:\\xampp\\htdocs\\gauna_octavio\\app\\Views\\front\\pages\\HeaderPage.php', 9, [])
 2 SYSTEMPATH\View\View.php(213): include('C:\\xampp\\htdocs\\gauna_octavio\\app\\Views\\front\\pages\\HeaderPage.php')
 3 SYSTEMPATH\View\View.php(216): CodeIgniter\View\View->CodeIgniter\View\{closure}()
 4 SYSTEMPATH\Common.php(1184): CodeIgniter\View\View->render('front/pages/HeaderPage', [], true)
 5 APPPATH\Config\Routes.php(32): view('front/pages/HeaderPage')
 6 SYSTEMPATH\CodeIgniter.php(954): CodeIgniter\Router\RouteCollection->Config\{closure}('Can\'t find a route for \'get: assets/images/nike.png\'.')
 7 SYSTEMPATH\CodeIgniter.php(387): CodeIgniter\CodeIgniter->display404errors(Object(CodeIgniter\Exceptions\PageNotFoundException))
 8 FCPATH\index.php(67): CodeIgniter\CodeIgniter->run()
CRITICAL - 2023-05-10 19:36:04 --> Undefined variable: title
in APPPATH\Views\front\pages\HeaderPage.php on line 9.
 1 APPPATH\Views\front\pages\HeaderPage.php(9): CodeIgniter\Debug\Exceptions->errorHandler(8, 'Undefined variable: title', 'C:\\xampp\\htdocs\\gauna_octavio\\app\\Views\\front\\pages\\HeaderPage.php', 9, [])
 2 SYSTEMPATH\View\View.php(213): include('C:\\xampp\\htdocs\\gauna_octavio\\app\\Views\\front\\pages\\HeaderPage.php')
 3 SYSTEMPATH\View\View.php(216): CodeIgniter\View\View->CodeIgniter\View\{closure}()
 4 SYSTEMPATH\Common.php(1184): CodeIgniter\View\View->render('front/pages/HeaderPage', [], true)
 5 APPPATH\Config\Routes.php(32): view('front/pages/HeaderPage')
 6 SYSTEMPATH\CodeIgniter.php(954): CodeIgniter\Router\RouteCollection->Config\{closure}('Can\'t find a route for \'get: assets/images/nike.png\'.')
 7 SYSTEMPATH\CodeIgniter.php(387): CodeIgniter\CodeIgniter->display404errors(Object(CodeIgniter\Exceptions\PageNotFoundException))
 8 FCPATH\index.php(67): CodeIgniter\CodeIgniter->run()
CRITICAL - 2023-05-10 19:36:10 --> Undefined variable: title
in APPPATH\Views\front\pages\HeaderPage.php on line 9.
 1 APPPATH\Views\front\pages\HeaderPage.php(9): CodeIgniter\Debug\Exceptions->errorHandler(8, 'Undefined variable: title', 'C:\\xampp\\htdocs\\gauna_octavio\\app\\Views\\front\\pages\\HeaderPage.php', 9, [])
 2 SYSTEMPATH\View\View.php(213): include('C:\\xampp\\htdocs\\gauna_octavio\\app\\Views\\front\\pages\\HeaderPage.php')
 3 SYSTEMPATH\View\View.php(216): CodeIgniter\View\View->CodeIgniter\View\{closure}()
 4 SYSTEMPATH\Common.php(1184): CodeIgniter\View\View->render('front/pages/HeaderPage', [], true)
 5 APPPATH\Config\Routes.php(32): view('front/pages/HeaderPage')
 6 SYSTEMPATH\CodeIgniter.php(954): CodeIgniter\Router\RouteCollection->Config\{closure}('Can\'t find a route for \'get: assets/images/nike.png\'.')
 7 SYSTEMPATH\CodeIgniter.php(387): CodeIgniter\CodeIgniter->display404errors(Object(CodeIgniter\Exceptions\PageNotFoundException))
 8 FCPATH\index.php(67): CodeIgniter\CodeIgniter->run()
CRITICAL - 2023-05-10 19:36:11 --> Undefined variable: title
in APPPATH\Views\front\pages\HeaderPage.php on line 9.
 1 APPPATH\Views\front\pages\HeaderPage.php(9): CodeIgniter\Debug\Exceptions->errorHandler(8, 'Undefined variable: title', 'C:\\xampp\\htdocs\\gauna_octavio\\app\\Views\\front\\pages\\HeaderPage.php', 9, [])
 2 SYSTEMPATH\View\View.php(213): include('C:\\xampp\\htdocs\\gauna_octavio\\app\\Views\\front\\pages\\HeaderPage.php')
 3 SYSTEMPATH\View\View.php(216): CodeIgniter\View\View->CodeIgniter\View\{closure}()
 4 SYSTEMPATH\Common.php(1184): CodeIgniter\View\View->render('front/pages/HeaderPage', [], true)
 5 APPPATH\Config\Routes.php(32): view('front/pages/HeaderPage')
 6 SYSTEMPATH\CodeIgniter.php(954): CodeIgniter\Router\RouteCollection->Config\{closure}('Can\'t find a route for \'get: assets/images/nike.png\'.')
 7 SYSTEMPATH\CodeIgniter.php(387): CodeIgniter\CodeIgniter->display404errors(Object(CodeIgniter\Exceptions\PageNotFoundException))
 8 FCPATH\index.php(67): CodeIgniter\CodeIgniter->run()
CRITICAL - 2023-05-10 19:36:16 --> Undefined variable: title
in APPPATH\Views\front\pages\HeaderPage.php on line 9.
 1 APPPATH\Views\front\pages\HeaderPage.php(9): CodeIgniter\Debug\Exceptions->errorHandler(8, 'Undefined variable: title', 'C:\\xampp\\htdocs\\gauna_octavio\\app\\Views\\front\\pages\\HeaderPage.php', 9, [])
 2 SYSTEMPATH\View\View.php(213): include('C:\\xampp\\htdocs\\gauna_octavio\\app\\Views\\front\\pages\\HeaderPage.php')
 3 SYSTEMPATH\View\View.php(216): CodeIgniter\View\View->CodeIgniter\View\{closure}()
 4 SYSTEMPATH\Common.php(1184): CodeIgniter\View\View->render('front/pages/HeaderPage', [], true)
 5 APPPATH\Config\Routes.php(32): view('front/pages/HeaderPage')
 6 SYSTEMPATH\CodeIgniter.php(954): CodeIgniter\Router\RouteCollection->Config\{closure}('Can\'t find a route for \'get: assets/images/nike.png\'.')
 7 SYSTEMPATH\CodeIgniter.php(387): CodeIgniter\CodeIgniter->display404errors(Object(CodeIgniter\Exceptions\PageNotFoundException))
 8 FCPATH\index.php(67): CodeIgniter\CodeIgniter->run()
CRITICAL - 2023-05-10 19:36:28 --> Undefined variable: title
in APPPATH\Views\front\pages\HeaderPage.php on line 9.
 1 APPPATH\Views\front\pages\HeaderPage.php(9): CodeIgniter\Debug\Exceptions->errorHandler(8, 'Undefined variable: title', 'C:\\xampp\\htdocs\\gauna_octavio\\app\\Views\\front\\pages\\HeaderPage.php', 9, [])
 2 SYSTEMPATH\View\View.php(213): include('C:\\xampp\\htdocs\\gauna_octavio\\app\\Views\\front\\pages\\HeaderPage.php')
 3 SYSTEMPATH\View\View.php(216): CodeIgniter\View\View->CodeIgniter\View\{closure}()
 4 SYSTEMPATH\Common.php(1184): CodeIgniter\View\View->render('front/pages/HeaderPage', [], true)
 5 APPPATH\Config\Routes.php(32): view('front/pages/HeaderPage')
 6 SYSTEMPATH\CodeIgniter.php(954): CodeIgniter\Router\RouteCollection->Config\{closure}('Can\'t find a route for \'get: assets/images/nike.png\'.')
 7 SYSTEMPATH\CodeIgniter.php(387): CodeIgniter\CodeIgniter->display404errors(Object(CodeIgniter\Exceptions\PageNotFoundException))
 8 FCPATH\index.php(67): CodeIgniter\CodeIgniter->run()
CRITICAL - 2023-05-10 19:37:16 --> Undefined variable: title
in APPPATH\Views\front\pages\HeaderPage.php on line 9.
 1 APPPATH\Views\front\pages\HeaderPage.php(9): CodeIgniter\Debug\Exceptions->errorHandler(8, 'Undefined variable: title', 'C:\\xampp\\htdocs\\gauna_octavio\\app\\Views\\front\\pages\\HeaderPage.php', 9, [])
 2 SYSTEMPATH\View\View.php(213): include('C:\\xampp\\htdocs\\gauna_octavio\\app\\Views\\front\\pages\\HeaderPage.php')
 3 SYSTEMPATH\View\View.php(216): CodeIgniter\View\View->CodeIgniter\View\{closure}()
 4 SYSTEMPATH\Common.php(1184): CodeIgniter\View\View->render('front/pages/HeaderPage', [], true)
 5 APPPATH\Config\Routes.php(32): view('front/pages/HeaderPage')
 6 SYSTEMPATH\CodeIgniter.php(954): CodeIgniter\Router\RouteCollection->Config\{closure}('Can\'t find a route for \'get: admin/dashboard\'.')
 7 SYSTEMPATH\CodeIgniter.php(387): CodeIgniter\CodeIgniter->display404errors(Object(CodeIgniter\Exceptions\PageNotFoundException))
 8 FCPATH\index.php(67): CodeIgniter\CodeIgniter->run()
CRITICAL - 2023-05-10 19:37:47 --> Undefined variable: title
in APPPATH\Views\front\pages\HeaderPage.php on line 9.
 1 APPPATH\Views\front\pages\HeaderPage.php(9): CodeIgniter\Debug\Exceptions->errorHandler(8, 'Undefined variable: title', 'C:\\xampp\\htdocs\\gauna_octavio\\app\\Views\\front\\pages\\HeaderPage.php', 9, [])
 2 SYSTEMPATH\View\View.php(213): include('C:\\xampp\\htdocs\\gauna_octavio\\app\\Views\\front\\pages\\HeaderPage.php')
 3 SYSTEMPATH\View\View.php(216): CodeIgniter\View\View->CodeIgniter\View\{closure}()
 4 SYSTEMPATH\Common.php(1184): CodeIgniter\View\View->render('front/pages/HeaderPage', [], true)
 5 APPPATH\Config\Routes.php(32): view('front/pages/HeaderPage')
 6 SYSTEMPATH\CodeIgniter.php(954): CodeIgniter\Router\RouteCollection->Config\{closure}('Can\'t find a route for \'get: asdfasd/dashboard\'.')
 7 SYSTEMPATH\CodeIgniter.php(387): CodeIgniter\CodeIgniter->display404errors(Object(CodeIgniter\Exceptions\PageNotFoundException))
 8 FCPATH\index.php(67): CodeIgniter\CodeIgniter->run()
