INFO - 2023-06-06 17:48:10 --> Session: Class initialized using 'CodeIgniter\Session\Handlers\FileHandler' driver.
INFO - 2023-06-06 17:48:10 --> Cart Class Initialized
INFO - 2023-06-06 17:48:16 --> Session: Class initialized using 'CodeIgniter\Session\Handlers\FileHandler' driver.
INFO - 2023-06-06 17:48:16 --> Cart Class Initialized
INFO - 2023-06-06 17:48:18 --> Session: Class initialized using 'CodeIgniter\Session\Handlers\FileHandler' driver.
WARNING - 2023-06-06 17:48:18 --> Session: Sessions is enabled, and one exists.Please don't $session->start();
INFO - 2023-06-06 17:48:18 --> Session: Class initialized using 'CodeIgniter\Session\Handlers\FileHandler' driver.
INFO - 2023-06-06 17:48:18 --> Cart Class Initialized
INFO - 2023-06-06 17:48:21 --> Session: Class initialized using 'CodeIgniter\Session\Handlers\FileHandler' driver.
INFO - 2023-06-06 17:48:21 --> Cart Class Initialized
INFO - 2023-06-06 17:48:22 --> Session: Class initialized using 'CodeIgniter\Session\Handlers\FileHandler' driver.
INFO - 2023-06-06 17:48:22 --> Cart Class Initialized
INFO - 2023-06-06 17:48:23 --> Session: Class initialized using 'CodeIgniter\Session\Handlers\FileHandler' driver.
INFO - 2023-06-06 17:48:23 --> Cart Class Initialized
INFO - 2023-06-06 17:48:26 --> Session: Class initialized using 'CodeIgniter\Session\Handlers\FileHandler' driver.
INFO - 2023-06-06 17:48:26 --> Cart Class Initialized
INFO - 2023-06-06 17:48:49 --> Session: Class initialized using 'CodeIgniter\Session\Handlers\FileHandler' driver.
INFO - 2023-06-06 17:48:49 --> Cart Class Initialized
INFO - 2023-06-06 17:49:00 --> Session: Class initialized using 'CodeIgniter\Session\Handlers\FileHandler' driver.
INFO - 2023-06-06 17:49:00 --> Cart Class Initialized
INFO - 2023-06-06 17:49:08 --> Session: Class initialized using 'CodeIgniter\Session\Handlers\FileHandler' driver.
INFO - 2023-06-06 17:49:08 --> Cart Class Initialized
INFO - 2023-06-06 17:49:23 --> Session: Class initialized using 'CodeIgniter\Session\Handlers\FileHandler' driver.
INFO - 2023-06-06 17:49:23 --> Cart Class Initialized
INFO - 2023-06-06 17:49:25 --> Session: Class initialized using 'CodeIgniter\Session\Handlers\FileHandler' driver.
INFO - 2023-06-06 17:49:25 --> Cart Class Initialized
INFO - 2023-06-06 17:49:34 --> Session: Class initialized using 'CodeIgniter\Session\Handlers\FileHandler' driver.
INFO - 2023-06-06 17:49:34 --> Cart Class Initialized
INFO - 2023-06-06 17:49:41 --> Session: Class initialized using 'CodeIgniter\Session\Handlers\FileHandler' driver.
INFO - 2023-06-06 17:49:41 --> Cart Class Initialized
INFO - 2023-06-06 17:49:44 --> Session: Class initialized using 'CodeIgniter\Session\Handlers\FileHandler' driver.
INFO - 2023-06-06 17:49:44 --> Cart Class Initialized
INFO - 2023-06-06 17:50:34 --> Session: Class initialized using 'CodeIgniter\Session\Handlers\FileHandler' driver.
INFO - 2023-06-06 17:50:34 --> Cart Class Initialized
INFO - 2023-06-06 17:51:32 --> Session: Class initialized using 'CodeIgniter\Session\Handlers\FileHandler' driver.
INFO - 2023-06-06 17:51:32 --> Cart Class Initialized
INFO - 2023-06-06 17:51:44 --> Session: Class initialized using 'CodeIgniter\Session\Handlers\FileHandler' driver.
INFO - 2023-06-06 17:51:44 --> Cart Class Initialized
INFO - 2023-06-06 17:52:09 --> Session: Class initialized using 'CodeIgniter\Session\Handlers\FileHandler' driver.
INFO - 2023-06-06 17:52:09 --> Cart Class Initialized
INFO - 2023-06-06 17:52:09 --> Session: Class initialized using 'CodeIgniter\Session\Handlers\FileHandler' driver.
INFO - 2023-06-06 17:52:09 --> Cart Class Initialized
INFO - 2023-06-06 17:52:13 --> Session: Class initialized using 'CodeIgniter\Session\Handlers\FileHandler' driver.
INFO - 2023-06-06 17:52:13 --> Cart Class Initialized
INFO - 2023-06-06 17:53:17 --> Session: Class initialized using 'CodeIgniter\Session\Handlers\FileHandler' driver.
INFO - 2023-06-06 17:53:17 --> Cart Class Initialized
INFO - 2023-06-06 17:54:28 --> Session: Class initialized using 'CodeIgniter\Session\Handlers\FileHandler' driver.
INFO - 2023-06-06 17:54:28 --> Cart Class Initialized
INFO - 2023-06-06 17:54:33 --> Session: Class initialized using 'CodeIgniter\Session\Handlers\FileHandler' driver.
INFO - 2023-06-06 17:54:33 --> Cart Class Initialized
INFO - 2023-06-06 17:56:03 --> Session: Class initialized using 'CodeIgniter\Session\Handlers\FileHandler' driver.
INFO - 2023-06-06 17:56:03 --> Cart Class Initialized
INFO - 2023-06-06 17:56:34 --> Session: Class initialized using 'CodeIgniter\Session\Handlers\FileHandler' driver.
INFO - 2023-06-06 17:56:34 --> Cart Class Initialized
INFO - 2023-06-06 17:56:36 --> Session: Class initialized using 'CodeIgniter\Session\Handlers\FileHandler' driver.
INFO - 2023-06-06 17:56:36 --> Cart Class Initialized
INFO - 2023-06-06 17:56:43 --> Session: Class initialized using 'CodeIgniter\Session\Handlers\FileHandler' driver.
INFO - 2023-06-06 17:56:43 --> Cart Class Initialized
INFO - 2023-06-06 17:56:44 --> Session: Class initialized using 'CodeIgniter\Session\Handlers\FileHandler' driver.
INFO - 2023-06-06 17:56:44 --> Cart Class Initialized
INFO - 2023-06-06 17:57:14 --> Session: Class initialized using 'CodeIgniter\Session\Handlers\FileHandler' driver.
INFO - 2023-06-06 17:57:14 --> Cart Class Initialized
INFO - 2023-06-06 17:57:15 --> Session: Class initialized using 'CodeIgniter\Session\Handlers\FileHandler' driver.
INFO - 2023-06-06 17:57:15 --> Cart Class Initialized
INFO - 2023-06-06 17:57:16 --> Session: Class initialized using 'CodeIgniter\Session\Handlers\FileHandler' driver.
INFO - 2023-06-06 17:57:16 --> Cart Class Initialized
INFO - 2023-06-06 17:57:41 --> Session: Class initialized using 'CodeIgniter\Session\Handlers\FileHandler' driver.
INFO - 2023-06-06 17:57:41 --> Cart Class Initialized
INFO - 2023-06-06 17:57:42 --> Session: Class initialized using 'CodeIgniter\Session\Handlers\FileHandler' driver.
INFO - 2023-06-06 17:57:42 --> Cart Class Initialized
INFO - 2023-06-06 17:57:43 --> Session: Class initialized using 'CodeIgniter\Session\Handlers\FileHandler' driver.
INFO - 2023-06-06 17:57:43 --> Cart Class Initialized
INFO - 2023-06-06 17:58:06 --> Session: Class initialized using 'CodeIgniter\Session\Handlers\FileHandler' driver.
INFO - 2023-06-06 17:58:06 --> Cart Class Initialized
INFO - 2023-06-06 17:58:26 --> Session: Class initialized using 'CodeIgniter\Session\Handlers\FileHandler' driver.
INFO - 2023-06-06 17:58:26 --> Cart Class Initialized
INFO - 2023-06-06 17:58:39 --> Session: Class initialized using 'CodeIgniter\Session\Handlers\FileHandler' driver.
INFO - 2023-06-06 17:58:39 --> Cart Class Initialized
INFO - 2023-06-06 17:58:40 --> Session: Class initialized using 'CodeIgniter\Session\Handlers\FileHandler' driver.
INFO - 2023-06-06 17:58:40 --> Cart Class Initialized
INFO - 2023-06-06 17:59:15 --> Session: Class initialized using 'CodeIgniter\Session\Handlers\FileHandler' driver.
INFO - 2023-06-06 17:59:15 --> Cart Class Initialized
INFO - 2023-06-06 17:59:16 --> Session: Class initialized using 'CodeIgniter\Session\Handlers\FileHandler' driver.
INFO - 2023-06-06 17:59:16 --> Cart Class Initialized
INFO - 2023-06-06 17:59:26 --> Session: Class initialized using 'CodeIgniter\Session\Handlers\FileHandler' driver.
INFO - 2023-06-06 17:59:26 --> Cart Class Initialized
INFO - 2023-06-06 18:00:24 --> Session: Class initialized using 'CodeIgniter\Session\Handlers\FileHandler' driver.
INFO - 2023-06-06 18:00:24 --> Cart Class Initialized
INFO - 2023-06-06 18:00:24 --> Session: Class initialized using 'CodeIgniter\Session\Handlers\FileHandler' driver.
INFO - 2023-06-06 18:00:24 --> Cart Class Initialized
INFO - 2023-06-06 18:00:25 --> Session: Class initialized using 'CodeIgniter\Session\Handlers\FileHandler' driver.
INFO - 2023-06-06 18:00:25 --> Cart Class Initialized
INFO - 2023-06-06 18:00:43 --> Session: Class initialized using 'CodeIgniter\Session\Handlers\FileHandler' driver.
INFO - 2023-06-06 18:00:43 --> Cart Class Initialized
INFO - 2023-06-06 18:00:53 --> Session: Class initialized using 'CodeIgniter\Session\Handlers\FileHandler' driver.
INFO - 2023-06-06 18:00:53 --> Cart Class Initialized
INFO - 2023-06-06 18:00:55 --> Session: Class initialized using 'CodeIgniter\Session\Handlers\FileHandler' driver.
INFO - 2023-06-06 18:00:55 --> Cart Class Initialized
INFO - 2023-06-06 18:02:55 --> Session: Class initialized using 'CodeIgniter\Session\Handlers\FileHandler' driver.
INFO - 2023-06-06 18:02:55 --> Cart Class Initialized
INFO - 2023-06-06 18:02:56 --> Session: Class initialized using 'CodeIgniter\Session\Handlers\FileHandler' driver.
INFO - 2023-06-06 18:02:56 --> Cart Class Initialized
INFO - 2023-06-06 18:03:14 --> Session: Class initialized using 'CodeIgniter\Session\Handlers\FileHandler' driver.
INFO - 2023-06-06 18:03:14 --> Cart Class Initialized
INFO - 2023-06-06 18:03:27 --> Session: Class initialized using 'CodeIgniter\Session\Handlers\FileHandler' driver.
INFO - 2023-06-06 18:03:27 --> Cart Class Initialized
INFO - 2023-06-06 18:03:28 --> Session: Class initialized using 'CodeIgniter\Session\Handlers\FileHandler' driver.
INFO - 2023-06-06 18:03:28 --> Cart Class Initialized
INFO - 2023-06-06 18:03:28 --> Session: Class initialized using 'CodeIgniter\Session\Handlers\FileHandler' driver.
INFO - 2023-06-06 18:03:28 --> Cart Class Initialized
INFO - 2023-06-06 18:03:53 --> Session: Class initialized using 'CodeIgniter\Session\Handlers\FileHandler' driver.
INFO - 2023-06-06 18:03:53 --> Cart Class Initialized
INFO - 2023-06-06 18:03:56 --> Session: Class initialized using 'CodeIgniter\Session\Handlers\FileHandler' driver.
INFO - 2023-06-06 18:03:56 --> Cart Class Initialized
INFO - 2023-06-06 18:03:57 --> Session: Class initialized using 'CodeIgniter\Session\Handlers\FileHandler' driver.
INFO - 2023-06-06 18:03:57 --> Cart Class Initialized
INFO - 2023-06-06 18:05:20 --> Session: Class initialized using 'CodeIgniter\Session\Handlers\FileHandler' driver.
INFO - 2023-06-06 18:05:20 --> Cart Class Initialized
INFO - 2023-06-06 18:05:21 --> Session: Class initialized using 'CodeIgniter\Session\Handlers\FileHandler' driver.
INFO - 2023-06-06 18:05:21 --> Cart Class Initialized
INFO - 2023-06-06 18:10:01 --> Session: Class initialized using 'CodeIgniter\Session\Handlers\FileHandler' driver.
INFO - 2023-06-06 18:10:01 --> Cart Class Initialized
INFO - 2023-06-06 18:10:32 --> Session: Class initialized using 'CodeIgniter\Session\Handlers\FileHandler' driver.
INFO - 2023-06-06 18:10:32 --> Cart Class Initialized
INFO - 2023-06-06 18:11:06 --> Session: Class initialized using 'CodeIgniter\Session\Handlers\FileHandler' driver.
INFO - 2023-06-06 18:11:06 --> Cart Class Initialized
INFO - 2023-06-06 18:11:24 --> Session: Class initialized using 'CodeIgniter\Session\Handlers\FileHandler' driver.
INFO - 2023-06-06 18:11:24 --> Cart Class Initialized
INFO - 2023-06-06 18:11:25 --> Session: Class initialized using 'CodeIgniter\Session\Handlers\FileHandler' driver.
INFO - 2023-06-06 18:11:25 --> Cart Class Initialized
INFO - 2023-06-06 18:11:39 --> Session: Class initialized using 'CodeIgniter\Session\Handlers\FileHandler' driver.
INFO - 2023-06-06 18:11:39 --> Cart Class Initialized
INFO - 2023-06-06 18:12:56 --> Session: Class initialized using 'CodeIgniter\Session\Handlers\FileHandler' driver.
INFO - 2023-06-06 18:12:56 --> Cart Class Initialized
INFO - 2023-06-06 18:12:57 --> Session: Class initialized using 'CodeIgniter\Session\Handlers\FileHandler' driver.
INFO - 2023-06-06 18:12:57 --> Cart Class Initialized
INFO - 2023-06-06 18:13:41 --> Session: Class initialized using 'CodeIgniter\Session\Handlers\FileHandler' driver.
INFO - 2023-06-06 18:13:41 --> Cart Class Initialized
INFO - 2023-06-06 18:13:42 --> Session: Class initialized using 'CodeIgniter\Session\Handlers\FileHandler' driver.
INFO - 2023-06-06 18:13:42 --> Cart Class Initialized
INFO - 2023-06-06 18:13:44 --> Session: Class initialized using 'CodeIgniter\Session\Handlers\FileHandler' driver.
INFO - 2023-06-06 18:13:44 --> Cart Class Initialized
INFO - 2023-06-06 18:13:54 --> Session: Class initialized using 'CodeIgniter\Session\Handlers\FileHandler' driver.
INFO - 2023-06-06 18:13:54 --> Cart Class Initialized
INFO - 2023-06-06 18:14:12 --> Session: Class initialized using 'CodeIgniter\Session\Handlers\FileHandler' driver.
INFO - 2023-06-06 18:14:12 --> Cart Class Initialized
INFO - 2023-06-06 18:14:13 --> Session: Class initialized using 'CodeIgniter\Session\Handlers\FileHandler' driver.
INFO - 2023-06-06 18:14:13 --> Cart Class Initialized
INFO - 2023-06-06 18:15:03 --> Session: Class initialized using 'CodeIgniter\Session\Handlers\FileHandler' driver.
INFO - 2023-06-06 18:15:03 --> Cart Class Initialized
INFO - 2023-06-06 18:15:04 --> Session: Class initialized using 'CodeIgniter\Session\Handlers\FileHandler' driver.
INFO - 2023-06-06 18:15:04 --> Cart Class Initialized
INFO - 2023-06-06 18:15:29 --> Session: Class initialized using 'CodeIgniter\Session\Handlers\FileHandler' driver.
INFO - 2023-06-06 18:15:29 --> Cart Class Initialized
INFO - 2023-06-06 18:15:54 --> Session: Class initialized using 'CodeIgniter\Session\Handlers\FileHandler' driver.
INFO - 2023-06-06 18:15:54 --> Cart Class Initialized
INFO - 2023-06-06 18:16:09 --> Session: Class initialized using 'CodeIgniter\Session\Handlers\FileHandler' driver.
INFO - 2023-06-06 18:16:09 --> Cart Class Initialized
INFO - 2023-06-06 18:16:12 --> Session: Class initialized using 'CodeIgniter\Session\Handlers\FileHandler' driver.
INFO - 2023-06-06 18:16:12 --> Cart Class Initialized
INFO - 2023-06-06 18:16:12 --> Session: Class initialized using 'CodeIgniter\Session\Handlers\FileHandler' driver.
INFO - 2023-06-06 18:16:12 --> Cart Class Initialized
INFO - 2023-06-06 18:16:27 --> Session: Class initialized using 'CodeIgniter\Session\Handlers\FileHandler' driver.
INFO - 2023-06-06 18:16:27 --> Cart Class Initialized
INFO - 2023-06-06 18:16:55 --> Session: Class initialized using 'CodeIgniter\Session\Handlers\FileHandler' driver.
INFO - 2023-06-06 18:16:55 --> Cart Class Initialized
INFO - 2023-06-06 18:17:06 --> Session: Class initialized using 'CodeIgniter\Session\Handlers\FileHandler' driver.
INFO - 2023-06-06 18:17:06 --> Cart Class Initialized
INFO - 2023-06-06 18:17:16 --> Session: Class initialized using 'CodeIgniter\Session\Handlers\FileHandler' driver.
INFO - 2023-06-06 18:17:16 --> Cart Class Initialized
INFO - 2023-06-06 18:17:40 --> Session: Class initialized using 'CodeIgniter\Session\Handlers\FileHandler' driver.
INFO - 2023-06-06 18:17:40 --> Cart Class Initialized
INFO - 2023-06-06 18:17:41 --> Session: Class initialized using 'CodeIgniter\Session\Handlers\FileHandler' driver.
INFO - 2023-06-06 18:17:41 --> Cart Class Initialized
INFO - 2023-06-06 18:17:54 --> Session: Class initialized using 'CodeIgniter\Session\Handlers\FileHandler' driver.
INFO - 2023-06-06 18:17:54 --> Cart Class Initialized
INFO - 2023-06-06 18:18:11 --> Session: Class initialized using 'CodeIgniter\Session\Handlers\FileHandler' driver.
INFO - 2023-06-06 18:18:11 --> Cart Class Initialized
INFO - 2023-06-06 18:18:12 --> Session: Class initialized using 'CodeIgniter\Session\Handlers\FileHandler' driver.
INFO - 2023-06-06 18:18:12 --> Cart Class Initialized
INFO - 2023-06-06 18:19:14 --> Session: Class initialized using 'CodeIgniter\Session\Handlers\FileHandler' driver.
INFO - 2023-06-06 18:19:14 --> Cart Class Initialized
INFO - 2023-06-06 18:19:46 --> Session: Class initialized using 'CodeIgniter\Session\Handlers\FileHandler' driver.
INFO - 2023-06-06 18:19:46 --> Cart Class Initialized
INFO - 2023-06-06 18:20:22 --> Session: Class initialized using 'CodeIgniter\Session\Handlers\FileHandler' driver.
INFO - 2023-06-06 18:20:22 --> Cart Class Initialized
INFO - 2023-06-06 18:20:41 --> Session: Class initialized using 'CodeIgniter\Session\Handlers\FileHandler' driver.
INFO - 2023-06-06 18:20:41 --> Cart Class Initialized
INFO - 2023-06-06 18:21:04 --> Session: Class initialized using 'CodeIgniter\Session\Handlers\FileHandler' driver.
INFO - 2023-06-06 18:21:04 --> Cart Class Initialized
INFO - 2023-06-06 18:21:04 --> Session: Class initialized using 'CodeIgniter\Session\Handlers\FileHandler' driver.
INFO - 2023-06-06 18:21:04 --> Cart Class Initialized
INFO - 2023-06-06 18:21:12 --> Session: Class initialized using 'CodeIgniter\Session\Handlers\FileHandler' driver.
INFO - 2023-06-06 18:21:12 --> Cart Class Initialized
INFO - 2023-06-06 18:21:21 --> Session: Class initialized using 'CodeIgniter\Session\Handlers\FileHandler' driver.
INFO - 2023-06-06 18:21:21 --> Cart Class Initialized
INFO - 2023-06-06 18:21:22 --> Session: Class initialized using 'CodeIgniter\Session\Handlers\FileHandler' driver.
INFO - 2023-06-06 18:21:22 --> Cart Class Initialized
INFO - 2023-06-06 18:21:28 --> Session: Class initialized using 'CodeIgniter\Session\Handlers\FileHandler' driver.
INFO - 2023-06-06 18:21:28 --> Cart Class Initialized
INFO - 2023-06-06 18:21:32 --> Session: Class initialized using 'CodeIgniter\Session\Handlers\FileHandler' driver.
INFO - 2023-06-06 18:21:32 --> Cart Class Initialized
INFO - 2023-06-06 18:21:32 --> Session: Class initialized using 'CodeIgniter\Session\Handlers\FileHandler' driver.
INFO - 2023-06-06 18:21:32 --> Cart Class Initialized
INFO - 2023-06-06 18:21:33 --> Session: Class initialized using 'CodeIgniter\Session\Handlers\FileHandler' driver.
INFO - 2023-06-06 18:21:33 --> Cart Class Initialized
INFO - 2023-06-06 18:21:53 --> Session: Class initialized using 'CodeIgniter\Session\Handlers\FileHandler' driver.
INFO - 2023-06-06 18:21:53 --> Cart Class Initialized
INFO - 2023-06-06 18:22:30 --> Session: Class initialized using 'CodeIgniter\Session\Handlers\FileHandler' driver.
INFO - 2023-06-06 18:22:30 --> Cart Class Initialized
INFO - 2023-06-06 18:22:55 --> Session: Class initialized using 'CodeIgniter\Session\Handlers\FileHandler' driver.
INFO - 2023-06-06 18:22:55 --> Cart Class Initialized
INFO - 2023-06-06 18:23:32 --> Session: Class initialized using 'CodeIgniter\Session\Handlers\FileHandler' driver.
INFO - 2023-06-06 18:23:32 --> Cart Class Initialized
INFO - 2023-06-06 18:23:34 --> Session: Class initialized using 'CodeIgniter\Session\Handlers\FileHandler' driver.
INFO - 2023-06-06 18:23:34 --> Cart Class Initialized
INFO - 2023-06-06 18:23:35 --> Session: Class initialized using 'CodeIgniter\Session\Handlers\FileHandler' driver.
INFO - 2023-06-06 18:23:35 --> Cart Class Initialized
INFO - 2023-06-06 18:23:40 --> Session: Class initialized using 'CodeIgniter\Session\Handlers\FileHandler' driver.
INFO - 2023-06-06 18:23:40 --> Cart Class Initialized
INFO - 2023-06-06 18:27:27 --> Session: Class initialized using 'CodeIgniter\Session\Handlers\FileHandler' driver.
INFO - 2023-06-06 18:27:27 --> Cart Class Initialized
INFO - 2023-06-06 18:27:55 --> Session: Class initialized using 'CodeIgniter\Session\Handlers\FileHandler' driver.
INFO - 2023-06-06 18:27:55 --> Cart Class Initialized
INFO - 2023-06-06 18:27:56 --> Session: Class initialized using 'CodeIgniter\Session\Handlers\FileHandler' driver.
INFO - 2023-06-06 18:27:56 --> Cart Class Initialized
INFO - 2023-06-06 18:28:59 --> Session: Class initialized using 'CodeIgniter\Session\Handlers\FileHandler' driver.
INFO - 2023-06-06 18:28:59 --> Cart Class Initialized
INFO - 2023-06-06 18:29:20 --> Session: Class initialized using 'CodeIgniter\Session\Handlers\FileHandler' driver.
INFO - 2023-06-06 18:29:20 --> Cart Class Initialized
INFO - 2023-06-06 18:29:42 --> Session: Class initialized using 'CodeIgniter\Session\Handlers\FileHandler' driver.
INFO - 2023-06-06 18:29:42 --> Cart Class Initialized
INFO - 2023-06-06 18:30:03 --> Session: Class initialized using 'CodeIgniter\Session\Handlers\FileHandler' driver.
INFO - 2023-06-06 18:30:03 --> Cart Class Initialized
INFO - 2023-06-06 18:30:30 --> Session: Class initialized using 'CodeIgniter\Session\Handlers\FileHandler' driver.
INFO - 2023-06-06 18:30:30 --> Cart Class Initialized
INFO - 2023-06-06 18:30:31 --> Session: Class initialized using 'CodeIgniter\Session\Handlers\FileHandler' driver.
INFO - 2023-06-06 18:30:31 --> Cart Class Initialized
INFO - 2023-06-06 18:30:54 --> Session: Class initialized using 'CodeIgniter\Session\Handlers\FileHandler' driver.
INFO - 2023-06-06 18:30:54 --> Cart Class Initialized
INFO - 2023-06-06 18:31:13 --> Session: Class initialized using 'CodeIgniter\Session\Handlers\FileHandler' driver.
INFO - 2023-06-06 18:31:13 --> Cart Class Initialized
INFO - 2023-06-06 18:31:14 --> Session: Class initialized using 'CodeIgniter\Session\Handlers\FileHandler' driver.
INFO - 2023-06-06 18:31:14 --> Cart Class Initialized
INFO - 2023-06-06 18:31:22 --> Session: Class initialized using 'CodeIgniter\Session\Handlers\FileHandler' driver.
INFO - 2023-06-06 18:31:22 --> Cart Class Initialized
INFO - 2023-06-06 18:32:06 --> Session: Class initialized using 'CodeIgniter\Session\Handlers\FileHandler' driver.
INFO - 2023-06-06 18:32:06 --> Cart Class Initialized
INFO - 2023-06-06 18:32:07 --> Session: Class initialized using 'CodeIgniter\Session\Handlers\FileHandler' driver.
INFO - 2023-06-06 18:32:07 --> Cart Class Initialized
INFO - 2023-06-06 18:32:17 --> Session: Class initialized using 'CodeIgniter\Session\Handlers\FileHandler' driver.
INFO - 2023-06-06 18:32:17 --> Cart Class Initialized
INFO - 2023-06-06 18:35:19 --> Session: Class initialized using 'CodeIgniter\Session\Handlers\FileHandler' driver.
INFO - 2023-06-06 18:35:19 --> Cart Class Initialized
INFO - 2023-06-06 18:35:21 --> Session: Class initialized using 'CodeIgniter\Session\Handlers\FileHandler' driver.
INFO - 2023-06-06 18:35:21 --> Cart Class Initialized
INFO - 2023-06-06 18:35:46 --> Session: Class initialized using 'CodeIgniter\Session\Handlers\FileHandler' driver.
INFO - 2023-06-06 18:35:46 --> Cart Class Initialized
INFO - 2023-06-06 18:35:47 --> Session: Class initialized using 'CodeIgniter\Session\Handlers\FileHandler' driver.
INFO - 2023-06-06 18:35:47 --> Cart Class Initialized
INFO - 2023-06-06 18:35:48 --> Session: Class initialized using 'CodeIgniter\Session\Handlers\FileHandler' driver.
INFO - 2023-06-06 18:35:48 --> Cart Class Initialized
INFO - 2023-06-06 18:36:24 --> Session: Class initialized using 'CodeIgniter\Session\Handlers\FileHandler' driver.
INFO - 2023-06-06 18:36:24 --> Cart Class Initialized
INFO - 2023-06-06 18:36:29 --> Session: Class initialized using 'CodeIgniter\Session\Handlers\FileHandler' driver.
INFO - 2023-06-06 18:36:29 --> Cart Class Initialized
INFO - 2023-06-06 18:37:15 --> Session: Class initialized using 'CodeIgniter\Session\Handlers\FileHandler' driver.
INFO - 2023-06-06 18:37:15 --> Cart Class Initialized
INFO - 2023-06-06 18:37:16 --> Session: Class initialized using 'CodeIgniter\Session\Handlers\FileHandler' driver.
INFO - 2023-06-06 18:37:16 --> Cart Class Initialized
INFO - 2023-06-06 18:37:35 --> Session: Class initialized using 'CodeIgniter\Session\Handlers\FileHandler' driver.
INFO - 2023-06-06 18:37:35 --> Cart Class Initialized
INFO - 2023-06-06 18:37:44 --> Session: Class initialized using 'CodeIgniter\Session\Handlers\FileHandler' driver.
INFO - 2023-06-06 18:37:44 --> Cart Class Initialized
INFO - 2023-06-06 18:37:50 --> Session: Class initialized using 'CodeIgniter\Session\Handlers\FileHandler' driver.
INFO - 2023-06-06 18:37:50 --> Cart Class Initialized
INFO - 2023-06-06 18:38:02 --> Session: Class initialized using 'CodeIgniter\Session\Handlers\FileHandler' driver.
INFO - 2023-06-06 18:38:02 --> Cart Class Initialized
INFO - 2023-06-06 18:38:15 --> Session: Class initialized using 'CodeIgniter\Session\Handlers\FileHandler' driver.
INFO - 2023-06-06 18:38:15 --> Cart Class Initialized
INFO - 2023-06-06 18:38:26 --> Session: Class initialized using 'CodeIgniter\Session\Handlers\FileHandler' driver.
INFO - 2023-06-06 18:38:26 --> Cart Class Initialized
INFO - 2023-06-06 18:38:26 --> Session: Class initialized using 'CodeIgniter\Session\Handlers\FileHandler' driver.
INFO - 2023-06-06 18:38:26 --> Cart Class Initialized
INFO - 2023-06-06 18:38:44 --> Session: Class initialized using 'CodeIgniter\Session\Handlers\FileHandler' driver.
INFO - 2023-06-06 18:38:44 --> Cart Class Initialized
INFO - 2023-06-06 18:39:03 --> Session: Class initialized using 'CodeIgniter\Session\Handlers\FileHandler' driver.
INFO - 2023-06-06 18:39:03 --> Cart Class Initialized
INFO - 2023-06-06 18:39:12 --> Session: Class initialized using 'CodeIgniter\Session\Handlers\FileHandler' driver.
INFO - 2023-06-06 18:39:12 --> Cart Class Initialized
INFO - 2023-06-06 18:39:27 --> Session: Class initialized using 'CodeIgniter\Session\Handlers\FileHandler' driver.
INFO - 2023-06-06 18:39:27 --> Cart Class Initialized
INFO - 2023-06-06 18:39:42 --> Session: Class initialized using 'CodeIgniter\Session\Handlers\FileHandler' driver.
INFO - 2023-06-06 18:39:42 --> Cart Class Initialized
INFO - 2023-06-06 18:40:32 --> Session: Class initialized using 'CodeIgniter\Session\Handlers\FileHandler' driver.
INFO - 2023-06-06 18:40:32 --> Cart Class Initialized
INFO - 2023-06-06 18:40:32 --> Session: Class initialized using 'CodeIgniter\Session\Handlers\FileHandler' driver.
INFO - 2023-06-06 18:40:32 --> Cart Class Initialized
INFO - 2023-06-06 18:40:52 --> Session: Class initialized using 'CodeIgniter\Session\Handlers\FileHandler' driver.
INFO - 2023-06-06 18:40:52 --> Cart Class Initialized
INFO - 2023-06-06 18:41:19 --> Session: Class initialized using 'CodeIgniter\Session\Handlers\FileHandler' driver.
INFO - 2023-06-06 18:41:19 --> Cart Class Initialized
INFO - 2023-06-06 18:41:39 --> Session: Class initialized using 'CodeIgniter\Session\Handlers\FileHandler' driver.
INFO - 2023-06-06 18:41:39 --> Cart Class Initialized
INFO - 2023-06-06 18:41:49 --> Session: Class initialized using 'CodeIgniter\Session\Handlers\FileHandler' driver.
INFO - 2023-06-06 18:41:49 --> Cart Class Initialized
INFO - 2023-06-06 18:42:35 --> Session: Class initialized using 'CodeIgniter\Session\Handlers\FileHandler' driver.
INFO - 2023-06-06 18:42:35 --> Cart Class Initialized
INFO - 2023-06-06 18:43:28 --> Session: Class initialized using 'CodeIgniter\Session\Handlers\FileHandler' driver.
INFO - 2023-06-06 18:43:28 --> Cart Class Initialized
INFO - 2023-06-06 18:44:00 --> Session: Class initialized using 'CodeIgniter\Session\Handlers\FileHandler' driver.
INFO - 2023-06-06 18:44:00 --> Cart Class Initialized
INFO - 2023-06-06 18:44:10 --> Session: Class initialized using 'CodeIgniter\Session\Handlers\FileHandler' driver.
INFO - 2023-06-06 18:44:10 --> Cart Class Initialized
INFO - 2023-06-06 18:44:21 --> Session: Class initialized using 'CodeIgniter\Session\Handlers\FileHandler' driver.
INFO - 2023-06-06 18:44:21 --> Cart Class Initialized
INFO - 2023-06-06 18:45:19 --> Session: Class initialized using 'CodeIgniter\Session\Handlers\FileHandler' driver.
INFO - 2023-06-06 18:45:19 --> Cart Class Initialized
INFO - 2023-06-06 18:45:31 --> Session: Class initialized using 'CodeIgniter\Session\Handlers\FileHandler' driver.
INFO - 2023-06-06 18:45:31 --> Cart Class Initialized
INFO - 2023-06-06 18:45:31 --> Session: Class initialized using 'CodeIgniter\Session\Handlers\FileHandler' driver.
INFO - 2023-06-06 18:45:31 --> Cart Class Initialized
INFO - 2023-06-06 18:45:56 --> Session: Class initialized using 'CodeIgniter\Session\Handlers\FileHandler' driver.
INFO - 2023-06-06 18:45:56 --> Cart Class Initialized
INFO - 2023-06-06 18:46:20 --> Session: Class initialized using 'CodeIgniter\Session\Handlers\FileHandler' driver.
INFO - 2023-06-06 18:46:20 --> Cart Class Initialized
INFO - 2023-06-06 18:46:40 --> Session: Class initialized using 'CodeIgniter\Session\Handlers\FileHandler' driver.
INFO - 2023-06-06 18:46:40 --> Cart Class Initialized
INFO - 2023-06-06 18:46:41 --> Session: Class initialized using 'CodeIgniter\Session\Handlers\FileHandler' driver.
INFO - 2023-06-06 18:46:41 --> Cart Class Initialized
INFO - 2023-06-06 18:46:49 --> Session: Class initialized using 'CodeIgniter\Session\Handlers\FileHandler' driver.
INFO - 2023-06-06 18:46:49 --> Cart Class Initialized
INFO - 2023-06-06 18:46:49 --> Session: Class initialized using 'CodeIgniter\Session\Handlers\FileHandler' driver.
INFO - 2023-06-06 18:46:49 --> Cart Class Initialized
INFO - 2023-06-06 22:58:39 --> Session: Class initialized using 'CodeIgniter\Session\Handlers\FileHandler' driver.
INFO - 2023-06-06 22:58:39 --> Cart Class Initialized
INFO - 2023-06-06 22:58:41 --> Session: Class initialized using 'CodeIgniter\Session\Handlers\FileHandler' driver.
INFO - 2023-06-06 22:58:41 --> Cart Class Initialized
INFO - 2023-06-06 22:58:42 --> Session: Class initialized using 'CodeIgniter\Session\Handlers\FileHandler' driver.
INFO - 2023-06-06 22:58:42 --> Cart Class Initialized
INFO - 2023-06-06 22:58:45 --> Session: Class initialized using 'CodeIgniter\Session\Handlers\FileHandler' driver.
INFO - 2023-06-06 22:58:45 --> Cart Class Initialized
INFO - 2023-06-06 23:02:15 --> Session: Class initialized using 'CodeIgniter\Session\Handlers\FileHandler' driver.
INFO - 2023-06-06 23:02:15 --> Cart Class Initialized
CRITICAL - 2023-06-06 23:02:15 --> Undefined constant "session"
in APPPATH\Views\front\pages\product.php on line 119.
 1 SYSTEMPATH\View\View.php(213): include()
 2 SYSTEMPATH\View\View.php(216): CodeIgniter\View\View->CodeIgniter\View\{closure}()
 3 SYSTEMPATH\Common.php(1184): CodeIgniter\View\View->render('front/pages/product', [], true)
 4 APPPATH\Controllers\Main.php(50): view('front/pages/product', [...])
 5 SYSTEMPATH\CodeIgniter.php(934): App\Controllers\Main->product('31')
 6 SYSTEMPATH\CodeIgniter.php(499): CodeIgniter\CodeIgniter->runController(Object(App\Controllers\Main))
 7 SYSTEMPATH\CodeIgniter.php(368): CodeIgniter\CodeIgniter->handleRequest(null, Object(Config\Cache), false)
 8 FCPATH\index.php(67): CodeIgniter\CodeIgniter->run()
INFO - 2023-06-06 23:02:16 --> Session: Class initialized using 'CodeIgniter\Session\Handlers\FileHandler' driver.
INFO - 2023-06-06 23:02:16 --> Cart Class Initialized
CRITICAL - 2023-06-06 23:02:16 --> Undefined constant "session"
in APPPATH\Views\front\pages\product.php on line 119.
 1 SYSTEMPATH\View\View.php(213): include()
 2 SYSTEMPATH\View\View.php(216): CodeIgniter\View\View->CodeIgniter\View\{closure}()
 3 SYSTEMPATH\Common.php(1184): CodeIgniter\View\View->render('front/pages/product', [], true)
 4 APPPATH\Controllers\Main.php(50): view('front/pages/product', [...])
 5 SYSTEMPATH\CodeIgniter.php(934): App\Controllers\Main->product('31')
 6 SYSTEMPATH\CodeIgniter.php(499): CodeIgniter\CodeIgniter->runController(Object(App\Controllers\Main))
 7 SYSTEMPATH\CodeIgniter.php(368): CodeIgniter\CodeIgniter->handleRequest(null, Object(Config\Cache), false)
 8 FCPATH\index.php(67): CodeIgniter\CodeIgniter->run()
INFO - 2023-06-06 23:02:43 --> Session: Class initialized using 'CodeIgniter\Session\Handlers\FileHandler' driver.
INFO - 2023-06-06 23:02:43 --> Cart Class Initialized
INFO - 2023-06-06 23:04:34 --> Session: Class initialized using 'CodeIgniter\Session\Handlers\FileHandler' driver.
INFO - 2023-06-06 23:04:34 --> Cart Class Initialized
CRITICAL - 2023-06-06 23:21:57 --> Class "App\Controllers\CommentModel" not found
in APPPATH\Controllers\Main.php on line 40.
 1 SYSTEMPATH\CodeIgniter.php(934): App\Controllers\Main->product('31')
 2 SYSTEMPATH\CodeIgniter.php(499): CodeIgniter\CodeIgniter->runController(Object(App\Controllers\Main))
 3 SYSTEMPATH\CodeIgniter.php(368): CodeIgniter\CodeIgniter->handleRequest(null, Object(Config\Cache), false)
 4 FCPATH\index.php(67): CodeIgniter\CodeIgniter->run()
CRITICAL - 2023-06-06 23:22:08 --> Undefined variable $shoeId
in APPPATH\Controllers\Main.php on line 46.
 1 APPPATH\Controllers\Main.php(46): CodeIgniter\Debug\Exceptions->errorHandler(2, 'Undefined variable $shoeId', 'C:\\xampp\\htdocs\\gauna_octavio\\app\\Controllers\\Main.php', 46)
 2 SYSTEMPATH\CodeIgniter.php(934): App\Controllers\Main->product('31')
 3 SYSTEMPATH\CodeIgniter.php(499): CodeIgniter\CodeIgniter->runController(Object(App\Controllers\Main))
 4 SYSTEMPATH\CodeIgniter.php(368): CodeIgniter\CodeIgniter->handleRequest(null, Object(Config\Cache), false)
 5 FCPATH\index.php(67): CodeIgniter\CodeIgniter->run()
INFO - 2023-06-06 23:22:17 --> Session: Class initialized using 'CodeIgniter\Session\Handlers\FileHandler' driver.
ERROR - 2023-06-06 23:22:17 --> mysqli_sql_exception: Column 'message' cannot be null in C:\xampp\htdocs\gauna_octavio\system\Database\MySQLi\Connection.php:295
Stack trace:
#0 C:\xampp\htdocs\gauna_octavio\system\Database\MySQLi\Connection.php(295): mysqli->query('INSERT INTO `co...', 0)
#1 C:\xampp\htdocs\gauna_octavio\system\Database\BaseConnection.php(691): CodeIgniter\Database\MySQLi\Connection->execute('INSERT INTO `co...')
#2 C:\xampp\htdocs\gauna_octavio\system\Database\BaseConnection.php(605): CodeIgniter\Database\BaseConnection->simpleQuery('INSERT INTO `co...')
#3 C:\xampp\htdocs\gauna_octavio\system\Database\BaseBuilder.php(2309): CodeIgniter\Database\BaseConnection->query('INSERT INTO `co...', Array, false)
#4 C:\xampp\htdocs\gauna_octavio\system\Model.php(330): CodeIgniter\Database\BaseBuilder->insert()
#5 C:\xampp\htdocs\gauna_octavio\system\BaseModel.php(782): CodeIgniter\Model->doInsert(Array)
#6 C:\xampp\htdocs\gauna_octavio\system\Model.php(730): CodeIgniter\BaseModel->insert(Array, false)
#7 C:\xampp\htdocs\gauna_octavio\system\BaseModel.php(692): CodeIgniter\Model->insert(Array, false)
#8 C:\xampp\htdocs\gauna_octavio\app\Models\CommentModel.php(17): CodeIgniter\BaseModel->save(Array)
#9 C:\xampp\htdocs\gauna_octavio\app\Controllers\Main.php(45): App\Models\CommentModel->save_comment('31', Object(CodeIgniter\HTTP\IncomingRequest))
#10 C:\xampp\htdocs\gauna_octavio\system\CodeIgniter.php(934): App\Controllers\Main->product('31')
#11 C:\xampp\htdocs\gauna_octavio\system\CodeIgniter.php(499): CodeIgniter\CodeIgniter->runController(Object(App\Controllers\Main))
#12 C:\xampp\htdocs\gauna_octavio\system\CodeIgniter.php(368): CodeIgniter\CodeIgniter->handleRequest(NULL, Object(Config\Cache), false)
#13 C:\xampp\htdocs\gauna_octavio\index.php(67): CodeIgniter\CodeIgniter->run()
#14 {main}
CRITICAL - 2023-06-06 23:22:17 --> Column 'message' cannot be null
in SYSTEMPATH\Database\MySQLi\Connection.php on line 295.
 1 SYSTEMPATH\Database\MySQLi\Connection.php(295): mysqli->query('INSERT INTO `comments` (`message`, `shoeId`, `userId`) VALUES (NULL, \'31\', NULL)', 0)
 2 SYSTEMPATH\Database\BaseConnection.php(691): CodeIgniter\Database\MySQLi\Connection->execute('INSERT INTO `comments` (`message`, `shoeId`, `userId`) VALUES (NULL, \'31\', NULL)')
 3 SYSTEMPATH\Database\BaseConnection.php(605): CodeIgniter\Database\BaseConnection->simpleQuery('INSERT INTO `comments` (`message`, `shoeId`, `userId`) VALUES (NULL, \'31\', NULL)')
 4 SYSTEMPATH\Database\BaseBuilder.php(2309): CodeIgniter\Database\BaseConnection->query('INSERT INTO `comments` (`message`, `shoeId`, `userId`) VALUES (:message:, :shoeId:, :userId:)', [...], false)
 5 SYSTEMPATH\Model.php(330): CodeIgniter\Database\BaseBuilder->insert()
 6 SYSTEMPATH\BaseModel.php(782): CodeIgniter\Model->doInsert([...])
 7 SYSTEMPATH\Model.php(730): CodeIgniter\BaseModel->insert([...], false)
 8 SYSTEMPATH\BaseModel.php(692): CodeIgniter\Model->insert([...], false)
 9 APPPATH\Models\CommentModel.php(17): CodeIgniter\BaseModel->save([...])
10 APPPATH\Controllers\Main.php(45): App\Models\CommentModel->save_comment('31', Object(CodeIgniter\HTTP\IncomingRequest))
11 SYSTEMPATH\CodeIgniter.php(934): App\Controllers\Main->product('31')
12 SYSTEMPATH\CodeIgniter.php(499): CodeIgniter\CodeIgniter->runController(Object(App\Controllers\Main))
13 SYSTEMPATH\CodeIgniter.php(368): CodeIgniter\CodeIgniter->handleRequest(null, Object(Config\Cache), false)
14 FCPATH\index.php(67): CodeIgniter\CodeIgniter->run()
INFO - 2023-06-06 23:22:44 --> Session: Class initialized using 'CodeIgniter\Session\Handlers\FileHandler' driver.
INFO - 2023-06-06 23:22:44 --> Cart Class Initialized
INFO - 2023-06-06 23:22:45 --> Session: Class initialized using 'CodeIgniter\Session\Handlers\FileHandler' driver.
INFO - 2023-06-06 23:22:45 --> Cart Class Initialized
INFO - 2023-06-06 23:25:20 --> Session: Class initialized using 'CodeIgniter\Session\Handlers\FileHandler' driver.
INFO - 2023-06-06 23:25:20 --> Cart Class Initialized
INFO - 2023-06-06 23:26:46 --> Session: Class initialized using 'CodeIgniter\Session\Handlers\FileHandler' driver.
INFO - 2023-06-06 23:26:46 --> Cart Class Initialized
INFO - 2023-06-06 23:27:39 --> Session: Class initialized using 'CodeIgniter\Session\Handlers\FileHandler' driver.
INFO - 2023-06-06 23:27:39 --> Cart Class Initialized
INFO - 2023-06-06 23:27:40 --> Session: Class initialized using 'CodeIgniter\Session\Handlers\FileHandler' driver.
WARNING - 2023-06-06 23:27:40 --> Session: Sessions is enabled, and one exists.Please don't $session->start();
INFO - 2023-06-06 23:27:40 --> Session: Class initialized using 'CodeIgniter\Session\Handlers\FileHandler' driver.
INFO - 2023-06-06 23:27:40 --> Cart Class Initialized
INFO - 2023-06-06 23:27:43 --> Session: Class initialized using 'CodeIgniter\Session\Handlers\FileHandler' driver.
INFO - 2023-06-06 23:27:43 --> Cart Class Initialized
INFO - 2023-06-06 23:27:46 --> Session: Class initialized using 'CodeIgniter\Session\Handlers\FileHandler' driver.
INFO - 2023-06-06 23:27:46 --> Cart Class Initialized
INFO - 2023-06-06 23:28:01 --> Session: Class initialized using 'CodeIgniter\Session\Handlers\FileHandler' driver.
INFO - 2023-06-06 23:28:01 --> Cart Class Initialized
INFO - 2023-06-06 23:28:07 --> Session: Class initialized using 'CodeIgniter\Session\Handlers\FileHandler' driver.
INFO - 2023-06-06 23:28:07 --> Cart Class Initialized
INFO - 2023-06-06 23:28:07 --> Session: Class initialized using 'CodeIgniter\Session\Handlers\FileHandler' driver.
INFO - 2023-06-06 23:28:07 --> Cart Class Initialized
INFO - 2023-06-06 23:28:19 --> Session: Class initialized using 'CodeIgniter\Session\Handlers\FileHandler' driver.
INFO - 2023-06-06 23:28:19 --> Cart Class Initialized
INFO - 2023-06-06 23:28:21 --> Session: Class initialized using 'CodeIgniter\Session\Handlers\FileHandler' driver.
INFO - 2023-06-06 23:28:21 --> Cart Class Initialized
INFO - 2023-06-06 23:29:10 --> Session: Class initialized using 'CodeIgniter\Session\Handlers\FileHandler' driver.
INFO - 2023-06-06 23:29:10 --> Cart Class Initialized
INFO - 2023-06-06 23:29:11 --> Session: Class initialized using 'CodeIgniter\Session\Handlers\FileHandler' driver.
INFO - 2023-06-06 23:29:11 --> Cart Class Initialized
INFO - 2023-06-06 23:29:12 --> Session: Class initialized using 'CodeIgniter\Session\Handlers\FileHandler' driver.
INFO - 2023-06-06 23:29:12 --> Cart Class Initialized
INFO - 2023-06-06 23:29:24 --> Session: Class initialized using 'CodeIgniter\Session\Handlers\FileHandler' driver.
INFO - 2023-06-06 23:29:24 --> Cart Class Initialized
INFO - 2023-06-06 23:29:24 --> Session: Class initialized using 'CodeIgniter\Session\Handlers\FileHandler' driver.
INFO - 2023-06-06 23:29:24 --> Cart Class Initialized
INFO - 2023-06-06 23:29:48 --> Session: Class initialized using 'CodeIgniter\Session\Handlers\FileHandler' driver.
INFO - 2023-06-06 23:29:48 --> Cart Class Initialized
INFO - 2023-06-06 23:30:07 --> Session: Class initialized using 'CodeIgniter\Session\Handlers\FileHandler' driver.
INFO - 2023-06-06 23:30:07 --> Cart Class Initialized
INFO - 2023-06-06 23:30:08 --> Session: Class initialized using 'CodeIgniter\Session\Handlers\FileHandler' driver.
INFO - 2023-06-06 23:30:08 --> Cart Class Initialized
INFO - 2023-06-06 23:30:24 --> Session: Class initialized using 'CodeIgniter\Session\Handlers\FileHandler' driver.
INFO - 2023-06-06 23:30:24 --> Cart Class Initialized
INFO - 2023-06-06 23:30:24 --> Session: Class initialized using 'CodeIgniter\Session\Handlers\FileHandler' driver.
INFO - 2023-06-06 23:30:24 --> Cart Class Initialized
INFO - 2023-06-06 23:30:50 --> Session: Class initialized using 'CodeIgniter\Session\Handlers\FileHandler' driver.
INFO - 2023-06-06 23:30:50 --> Cart Class Initialized
INFO - 2023-06-06 23:30:59 --> Session: Class initialized using 'CodeIgniter\Session\Handlers\FileHandler' driver.
INFO - 2023-06-06 23:30:59 --> Cart Class Initialized
INFO - 2023-06-06 23:31:13 --> Session: Class initialized using 'CodeIgniter\Session\Handlers\FileHandler' driver.
INFO - 2023-06-06 23:31:13 --> Cart Class Initialized
INFO - 2023-06-06 23:31:55 --> Session: Class initialized using 'CodeIgniter\Session\Handlers\FileHandler' driver.
INFO - 2023-06-06 23:31:55 --> Cart Class Initialized
INFO - 2023-06-06 23:32:14 --> Session: Class initialized using 'CodeIgniter\Session\Handlers\FileHandler' driver.
INFO - 2023-06-06 23:32:14 --> Cart Class Initialized
INFO - 2023-06-06 23:32:47 --> Session: Class initialized using 'CodeIgniter\Session\Handlers\FileHandler' driver.
INFO - 2023-06-06 23:32:47 --> Cart Class Initialized
INFO - 2023-06-06 23:32:50 --> Session: Class initialized using 'CodeIgniter\Session\Handlers\FileHandler' driver.
INFO - 2023-06-06 23:32:50 --> Cart Class Initialized
INFO - 2023-06-06 23:34:07 --> Session: Class initialized using 'CodeIgniter\Session\Handlers\FileHandler' driver.
INFO - 2023-06-06 23:34:07 --> Cart Class Initialized
INFO - 2023-06-06 23:34:28 --> Session: Class initialized using 'CodeIgniter\Session\Handlers\FileHandler' driver.
INFO - 2023-06-06 23:34:28 --> Cart Class Initialized
INFO - 2023-06-06 23:34:29 --> Session: Class initialized using 'CodeIgniter\Session\Handlers\FileHandler' driver.
INFO - 2023-06-06 23:34:29 --> Cart Class Initialized
INFO - 2023-06-06 23:34:29 --> Session: Class initialized using 'CodeIgniter\Session\Handlers\FileHandler' driver.
INFO - 2023-06-06 23:34:29 --> Cart Class Initialized
INFO - 2023-06-06 23:34:30 --> Session: Class initialized using 'CodeIgniter\Session\Handlers\FileHandler' driver.
INFO - 2023-06-06 23:34:30 --> Cart Class Initialized
INFO - 2023-06-06 23:34:30 --> Session: Class initialized using 'CodeIgniter\Session\Handlers\FileHandler' driver.
INFO - 2023-06-06 23:34:30 --> Cart Class Initialized
INFO - 2023-06-06 23:34:30 --> Session: Class initialized using 'CodeIgniter\Session\Handlers\FileHandler' driver.
INFO - 2023-06-06 23:34:30 --> Cart Class Initialized
INFO - 2023-06-06 23:35:42 --> Session: Class initialized using 'CodeIgniter\Session\Handlers\FileHandler' driver.
INFO - 2023-06-06 23:35:42 --> Cart Class Initialized
INFO - 2023-06-06 23:35:47 --> Session: Class initialized using 'CodeIgniter\Session\Handlers\FileHandler' driver.
INFO - 2023-06-06 23:35:47 --> Session: Class initialized using 'CodeIgniter\Session\Handlers\FileHandler' driver.
INFO - 2023-06-06 23:35:47 --> Cart Class Initialized
INFO - 2023-06-06 23:35:48 --> Session: Class initialized using 'CodeIgniter\Session\Handlers\FileHandler' driver.
INFO - 2023-06-06 23:35:48 --> Cart Class Initialized
INFO - 2023-06-06 23:35:50 --> Session: Class initialized using 'CodeIgniter\Session\Handlers\FileHandler' driver.
WARNING - 2023-06-06 23:35:50 --> Session: Sessions is enabled, and one exists.Please don't $session->start();
INFO - 2023-06-06 23:35:50 --> Session: Class initialized using 'CodeIgniter\Session\Handlers\FileHandler' driver.
INFO - 2023-06-06 23:35:50 --> Cart Class Initialized
INFO - 2023-06-06 23:35:52 --> Session: Class initialized using 'CodeIgniter\Session\Handlers\FileHandler' driver.
INFO - 2023-06-06 23:35:52 --> Cart Class Initialized
INFO - 2023-06-06 23:35:55 --> Session: Class initialized using 'CodeIgniter\Session\Handlers\FileHandler' driver.
INFO - 2023-06-06 23:35:55 --> Session: Class initialized using 'CodeIgniter\Session\Handlers\FileHandler' driver.
INFO - 2023-06-06 23:35:55 --> Cart Class Initialized
INFO - 2023-06-06 23:35:56 --> Session: Class initialized using 'CodeIgniter\Session\Handlers\FileHandler' driver.
INFO - 2023-06-06 23:35:56 --> Cart Class Initialized
INFO - 2023-06-06 23:35:57 --> Session: Class initialized using 'CodeIgniter\Session\Handlers\FileHandler' driver.
INFO - 2023-06-06 23:35:57 --> Cart Class Initialized
INFO - 2023-06-06 23:36:07 --> Session: Class initialized using 'CodeIgniter\Session\Handlers\FileHandler' driver.
INFO - 2023-06-06 23:36:07 --> Cart Class Initialized
INFO - 2023-06-06 23:36:45 --> Session: Class initialized using 'CodeIgniter\Session\Handlers\FileHandler' driver.
INFO - 2023-06-06 23:36:45 --> Cart Class Initialized
INFO - 2023-06-06 23:36:46 --> Session: Class initialized using 'CodeIgniter\Session\Handlers\FileHandler' driver.
INFO - 2023-06-06 23:36:46 --> Cart Class Initialized
INFO - 2023-06-06 23:37:16 --> Session: Class initialized using 'CodeIgniter\Session\Handlers\FileHandler' driver.
INFO - 2023-06-06 23:37:16 --> Cart Class Initialized
INFO - 2023-06-06 23:38:30 --> Session: Class initialized using 'CodeIgniter\Session\Handlers\FileHandler' driver.
INFO - 2023-06-06 23:38:30 --> Cart Class Initialized
CRITICAL - 2023-06-06 23:38:30 --> syntax error, unexpected token "?"
in APPPATH\Views\front\pages\product.php on line 124.
 1 SYSTEMPATH\View\View.php(216): CodeIgniter\View\View->CodeIgniter\View\{closure}()
 2 SYSTEMPATH\Common.php(1184): CodeIgniter\View\View->render('front/pages/product', [], true)
 3 APPPATH\Controllers\Main.php(54): view('front/pages/product', [...])
 4 SYSTEMPATH\CodeIgniter.php(934): App\Controllers\Main->product('31')
 5 SYSTEMPATH\CodeIgniter.php(499): CodeIgniter\CodeIgniter->runController(Object(App\Controllers\Main))
 6 SYSTEMPATH\CodeIgniter.php(368): CodeIgniter\CodeIgniter->handleRequest(null, Object(Config\Cache), false)
 7 FCPATH\index.php(67): CodeIgniter\CodeIgniter->run()
INFO - 2023-06-06 23:38:31 --> Session: Class initialized using 'CodeIgniter\Session\Handlers\FileHandler' driver.
INFO - 2023-06-06 23:38:31 --> Cart Class Initialized
CRITICAL - 2023-06-06 23:38:31 --> syntax error, unexpected token "?"
in APPPATH\Views\front\pages\product.php on line 124.
 1 SYSTEMPATH\View\View.php(216): CodeIgniter\View\View->CodeIgniter\View\{closure}()
 2 SYSTEMPATH\Common.php(1184): CodeIgniter\View\View->render('front/pages/product', [], true)
 3 APPPATH\Controllers\Main.php(54): view('front/pages/product', [...])
 4 SYSTEMPATH\CodeIgniter.php(934): App\Controllers\Main->product('31')
 5 SYSTEMPATH\CodeIgniter.php(499): CodeIgniter\CodeIgniter->runController(Object(App\Controllers\Main))
 6 SYSTEMPATH\CodeIgniter.php(368): CodeIgniter\CodeIgniter->handleRequest(null, Object(Config\Cache), false)
 7 FCPATH\index.php(67): CodeIgniter\CodeIgniter->run()
INFO - 2023-06-06 23:38:55 --> Session: Class initialized using 'CodeIgniter\Session\Handlers\FileHandler' driver.
INFO - 2023-06-06 23:38:55 --> Cart Class Initialized
INFO - 2023-06-06 23:39:35 --> Session: Class initialized using 'CodeIgniter\Session\Handlers\FileHandler' driver.
INFO - 2023-06-06 23:39:35 --> Cart Class Initialized
INFO - 2023-06-06 23:39:35 --> Session: Class initialized using 'CodeIgniter\Session\Handlers\FileHandler' driver.
INFO - 2023-06-06 23:39:35 --> Cart Class Initialized
INFO - 2023-06-06 23:40:09 --> Session: Class initialized using 'CodeIgniter\Session\Handlers\FileHandler' driver.
INFO - 2023-06-06 23:40:09 --> Cart Class Initialized
INFO - 2023-06-06 23:40:10 --> Session: Class initialized using 'CodeIgniter\Session\Handlers\FileHandler' driver.
INFO - 2023-06-06 23:40:10 --> Cart Class Initialized
INFO - 2023-06-06 23:40:16 --> Session: Class initialized using 'CodeIgniter\Session\Handlers\FileHandler' driver.
INFO - 2023-06-06 23:40:16 --> Cart Class Initialized
INFO - 2023-06-06 23:40:17 --> Session: Class initialized using 'CodeIgniter\Session\Handlers\FileHandler' driver.
WARNING - 2023-06-06 23:40:18 --> Session: Sessions is enabled, and one exists.Please don't $session->start();
INFO - 2023-06-06 23:40:18 --> Session: Class initialized using 'CodeIgniter\Session\Handlers\FileHandler' driver.
INFO - 2023-06-06 23:40:18 --> Cart Class Initialized
INFO - 2023-06-06 23:40:19 --> Session: Class initialized using 'CodeIgniter\Session\Handlers\FileHandler' driver.
INFO - 2023-06-06 23:40:19 --> Cart Class Initialized
INFO - 2023-06-06 23:40:56 --> Session: Class initialized using 'CodeIgniter\Session\Handlers\FileHandler' driver.
INFO - 2023-06-06 23:40:56 --> Cart Class Initialized
INFO - 2023-06-06 23:41:33 --> Session: Class initialized using 'CodeIgniter\Session\Handlers\FileHandler' driver.
INFO - 2023-06-06 23:41:33 --> Cart Class Initialized
INFO - 2023-06-06 23:41:35 --> Session: Class initialized using 'CodeIgniter\Session\Handlers\FileHandler' driver.
INFO - 2023-06-06 23:41:35 --> Cart Class Initialized
INFO - 2023-06-06 23:41:49 --> Session: Class initialized using 'CodeIgniter\Session\Handlers\FileHandler' driver.
INFO - 2023-06-06 23:41:49 --> Cart Class Initialized
INFO - 2023-06-06 23:41:52 --> Session: Class initialized using 'CodeIgniter\Session\Handlers\FileHandler' driver.
INFO - 2023-06-06 23:41:52 --> Cart Class Initialized
INFO - 2023-06-06 23:42:04 --> Session: Class initialized using 'CodeIgniter\Session\Handlers\FileHandler' driver.
INFO - 2023-06-06 23:42:04 --> Cart Class Initialized
INFO - 2023-06-06 23:42:06 --> Session: Class initialized using 'CodeIgniter\Session\Handlers\FileHandler' driver.
INFO - 2023-06-06 23:42:06 --> Cart Class Initialized
INFO - 2023-06-06 23:42:13 --> Session: Class initialized using 'CodeIgniter\Session\Handlers\FileHandler' driver.
INFO - 2023-06-06 23:42:13 --> Cart Class Initialized
INFO - 2023-06-06 23:42:15 --> Session: Class initialized using 'CodeIgniter\Session\Handlers\FileHandler' driver.
INFO - 2023-06-06 23:42:15 --> Cart Class Initialized
INFO - 2023-06-06 23:42:35 --> Session: Class initialized using 'CodeIgniter\Session\Handlers\FileHandler' driver.
INFO - 2023-06-06 23:42:35 --> Cart Class Initialized
INFO - 2023-06-06 23:43:05 --> Session: Class initialized using 'CodeIgniter\Session\Handlers\FileHandler' driver.
INFO - 2023-06-06 23:43:05 --> Cart Class Initialized
INFO - 2023-06-06 23:43:22 --> Session: Class initialized using 'CodeIgniter\Session\Handlers\FileHandler' driver.
INFO - 2023-06-06 23:43:22 --> Cart Class Initialized
INFO - 2023-06-06 23:43:23 --> Session: Class initialized using 'CodeIgniter\Session\Handlers\FileHandler' driver.
INFO - 2023-06-06 23:43:23 --> Cart Class Initialized
INFO - 2023-06-06 23:43:58 --> Session: Class initialized using 'CodeIgniter\Session\Handlers\FileHandler' driver.
INFO - 2023-06-06 23:43:58 --> Cart Class Initialized
INFO - 2023-06-06 23:43:58 --> Session: Class initialized using 'CodeIgniter\Session\Handlers\FileHandler' driver.
INFO - 2023-06-06 23:43:58 --> Cart Class Initialized
INFO - 2023-06-06 23:44:00 --> Session: Class initialized using 'CodeIgniter\Session\Handlers\FileHandler' driver.
INFO - 2023-06-06 23:44:00 --> Cart Class Initialized
INFO - 2023-06-06 23:44:12 --> Session: Class initialized using 'CodeIgniter\Session\Handlers\FileHandler' driver.
INFO - 2023-06-06 23:44:12 --> Cart Class Initialized
INFO - 2023-06-06 23:44:14 --> Session: Class initialized using 'CodeIgniter\Session\Handlers\FileHandler' driver.
INFO - 2023-06-06 23:44:14 --> Cart Class Initialized
INFO - 2023-06-06 23:44:14 --> Session: Class initialized using 'CodeIgniter\Session\Handlers\FileHandler' driver.
INFO - 2023-06-06 23:44:14 --> Cart Class Initialized
INFO - 2023-06-06 23:44:44 --> Session: Class initialized using 'CodeIgniter\Session\Handlers\FileHandler' driver.
INFO - 2023-06-06 23:44:44 --> Cart Class Initialized
INFO - 2023-06-06 23:44:47 --> Session: Class initialized using 'CodeIgniter\Session\Handlers\FileHandler' driver.
INFO - 2023-06-06 23:44:47 --> Cart Class Initialized
INFO - 2023-06-06 23:45:07 --> Session: Class initialized using 'CodeIgniter\Session\Handlers\FileHandler' driver.
INFO - 2023-06-06 23:45:07 --> Cart Class Initialized
INFO - 2023-06-06 23:45:19 --> Session: Class initialized using 'CodeIgniter\Session\Handlers\FileHandler' driver.
INFO - 2023-06-06 23:45:19 --> Cart Class Initialized
INFO - 2023-06-06 23:47:13 --> Session: Class initialized using 'CodeIgniter\Session\Handlers\FileHandler' driver.
INFO - 2023-06-06 23:47:13 --> Cart Class Initialized
INFO - 2023-06-06 23:47:23 --> Session: Class initialized using 'CodeIgniter\Session\Handlers\FileHandler' driver.
INFO - 2023-06-06 23:47:23 --> Cart Class Initialized
INFO - 2023-06-06 23:47:24 --> Session: Class initialized using 'CodeIgniter\Session\Handlers\FileHandler' driver.
INFO - 2023-06-06 23:47:24 --> Cart Class Initialized
INFO - 2023-06-06 23:47:33 --> Session: Class initialized using 'CodeIgniter\Session\Handlers\FileHandler' driver.
INFO - 2023-06-06 23:47:33 --> Cart Class Initialized
INFO - 2023-06-06 23:47:36 --> Session: Class initialized using 'CodeIgniter\Session\Handlers\FileHandler' driver.
INFO - 2023-06-06 23:47:36 --> Cart Class Initialized
INFO - 2023-06-06 23:47:55 --> Session: Class initialized using 'CodeIgniter\Session\Handlers\FileHandler' driver.
INFO - 2023-06-06 23:47:55 --> Cart Class Initialized
INFO - 2023-06-06 23:47:55 --> Session: Class initialized using 'CodeIgniter\Session\Handlers\FileHandler' driver.
INFO - 2023-06-06 23:47:55 --> Cart Class Initialized
INFO - 2023-06-06 23:48:16 --> Session: Class initialized using 'CodeIgniter\Session\Handlers\FileHandler' driver.
INFO - 2023-06-06 23:48:16 --> Cart Class Initialized
INFO - 2023-06-06 23:48:19 --> Session: Class initialized using 'CodeIgniter\Session\Handlers\FileHandler' driver.
INFO - 2023-06-06 23:48:19 --> Cart Class Initialized
INFO - 2023-06-06 23:48:28 --> Session: Class initialized using 'CodeIgniter\Session\Handlers\FileHandler' driver.
INFO - 2023-06-06 23:48:28 --> Cart Class Initialized
INFO - 2023-06-06 23:48:40 --> Session: Class initialized using 'CodeIgniter\Session\Handlers\FileHandler' driver.
INFO - 2023-06-06 23:48:40 --> Cart Class Initialized
INFO - 2023-06-06 23:48:42 --> Session: Class initialized using 'CodeIgniter\Session\Handlers\FileHandler' driver.
INFO - 2023-06-06 23:48:42 --> Cart Class Initialized
INFO - 2023-06-06 23:49:30 --> Session: Class initialized using 'CodeIgniter\Session\Handlers\FileHandler' driver.
INFO - 2023-06-06 23:49:30 --> Cart Class Initialized
INFO - 2023-06-06 23:49:32 --> Session: Class initialized using 'CodeIgniter\Session\Handlers\FileHandler' driver.
INFO - 2023-06-06 23:49:32 --> Cart Class Initialized
INFO - 2023-06-06 23:50:07 --> Session: Class initialized using 'CodeIgniter\Session\Handlers\FileHandler' driver.
INFO - 2023-06-06 23:50:07 --> Cart Class Initialized
INFO - 2023-06-06 23:50:17 --> Session: Class initialized using 'CodeIgniter\Session\Handlers\FileHandler' driver.
INFO - 2023-06-06 23:50:17 --> Cart Class Initialized
INFO - 2023-06-06 23:50:18 --> Session: Class initialized using 'CodeIgniter\Session\Handlers\FileHandler' driver.
INFO - 2023-06-06 23:50:18 --> Cart Class Initialized
INFO - 2023-06-06 23:50:34 --> Session: Class initialized using 'CodeIgniter\Session\Handlers\FileHandler' driver.
INFO - 2023-06-06 23:50:34 --> Cart Class Initialized
INFO - 2023-06-06 23:50:46 --> Session: Class initialized using 'CodeIgniter\Session\Handlers\FileHandler' driver.
INFO - 2023-06-06 23:50:46 --> Cart Class Initialized
INFO - 2023-06-06 23:51:12 --> Session: Class initialized using 'CodeIgniter\Session\Handlers\FileHandler' driver.
INFO - 2023-06-06 23:51:12 --> Cart Class Initialized
INFO - 2023-06-06 23:51:14 --> Session: Class initialized using 'CodeIgniter\Session\Handlers\FileHandler' driver.
INFO - 2023-06-06 23:51:14 --> Cart Class Initialized
INFO - 2023-06-06 23:51:22 --> Session: Class initialized using 'CodeIgniter\Session\Handlers\FileHandler' driver.
INFO - 2023-06-06 23:51:22 --> Cart Class Initialized
INFO - 2023-06-06 23:51:46 --> Session: Class initialized using 'CodeIgniter\Session\Handlers\FileHandler' driver.
INFO - 2023-06-06 23:51:46 --> Cart Class Initialized
INFO - 2023-06-06 23:51:47 --> Session: Class initialized using 'CodeIgniter\Session\Handlers\FileHandler' driver.
INFO - 2023-06-06 23:51:47 --> Cart Class Initialized
INFO - 2023-06-06 23:51:54 --> Session: Class initialized using 'CodeIgniter\Session\Handlers\FileHandler' driver.
INFO - 2023-06-06 23:51:54 --> Cart Class Initialized
INFO - 2023-06-06 23:52:21 --> Session: Class initialized using 'CodeIgniter\Session\Handlers\FileHandler' driver.
INFO - 2023-06-06 23:52:21 --> Cart Class Initialized
INFO - 2023-06-06 23:52:23 --> Session: Class initialized using 'CodeIgniter\Session\Handlers\FileHandler' driver.
INFO - 2023-06-06 23:52:23 --> Cart Class Initialized
INFO - 2023-06-06 23:52:41 --> Session: Class initialized using 'CodeIgniter\Session\Handlers\FileHandler' driver.
INFO - 2023-06-06 23:52:41 --> Cart Class Initialized
INFO - 2023-06-06 23:52:44 --> Session: Class initialized using 'CodeIgniter\Session\Handlers\FileHandler' driver.
INFO - 2023-06-06 23:52:44 --> Cart Class Initialized
INFO - 2023-06-06 23:52:44 --> Session: Class initialized using 'CodeIgniter\Session\Handlers\FileHandler' driver.
INFO - 2023-06-06 23:52:44 --> Cart Class Initialized
INFO - 2023-06-06 23:52:55 --> Session: Class initialized using 'CodeIgniter\Session\Handlers\FileHandler' driver.
INFO - 2023-06-06 23:52:55 --> Cart Class Initialized
INFO - 2023-06-06 23:52:57 --> Session: Class initialized using 'CodeIgniter\Session\Handlers\FileHandler' driver.
INFO - 2023-06-06 23:52:57 --> Cart Class Initialized
INFO - 2023-06-06 23:53:06 --> Session: Class initialized using 'CodeIgniter\Session\Handlers\FileHandler' driver.
INFO - 2023-06-06 23:53:06 --> Cart Class Initialized
INFO - 2023-06-06 23:53:06 --> Session: Class initialized using 'CodeIgniter\Session\Handlers\FileHandler' driver.
INFO - 2023-06-06 23:53:06 --> Cart Class Initialized
INFO - 2023-06-06 23:53:08 --> Session: Class initialized using 'CodeIgniter\Session\Handlers\FileHandler' driver.
INFO - 2023-06-06 23:53:08 --> Cart Class Initialized
INFO - 2023-06-06 23:53:17 --> Session: Class initialized using 'CodeIgniter\Session\Handlers\FileHandler' driver.
INFO - 2023-06-06 23:53:17 --> Cart Class Initialized
INFO - 2023-06-06 23:53:18 --> Session: Class initialized using 'CodeIgniter\Session\Handlers\FileHandler' driver.
INFO - 2023-06-06 23:53:18 --> Cart Class Initialized
INFO - 2023-06-06 23:53:51 --> Session: Class initialized using 'CodeIgniter\Session\Handlers\FileHandler' driver.
INFO - 2023-06-06 23:53:51 --> Cart Class Initialized
INFO - 2023-06-06 23:53:52 --> Session: Class initialized using 'CodeIgniter\Session\Handlers\FileHandler' driver.
INFO - 2023-06-06 23:53:52 --> Cart Class Initialized
INFO - 2023-06-06 23:54:11 --> Session: Class initialized using 'CodeIgniter\Session\Handlers\FileHandler' driver.
INFO - 2023-06-06 23:54:11 --> Cart Class Initialized
INFO - 2023-06-06 23:54:51 --> Session: Class initialized using 'CodeIgniter\Session\Handlers\FileHandler' driver.
INFO - 2023-06-06 23:54:51 --> Cart Class Initialized
INFO - 2023-06-06 23:54:53 --> Session: Class initialized using 'CodeIgniter\Session\Handlers\FileHandler' driver.
INFO - 2023-06-06 23:54:53 --> Cart Class Initialized
INFO - 2023-06-06 23:56:09 --> Session: Class initialized using 'CodeIgniter\Session\Handlers\FileHandler' driver.
INFO - 2023-06-06 23:56:09 --> Cart Class Initialized
INFO - 2023-06-06 23:56:09 --> Session: Class initialized using 'CodeIgniter\Session\Handlers\FileHandler' driver.
INFO - 2023-06-06 23:56:09 --> Cart Class Initialized
INFO - 2023-06-06 23:56:21 --> Session: Class initialized using 'CodeIgniter\Session\Handlers\FileHandler' driver.
INFO - 2023-06-06 23:56:21 --> Cart Class Initialized
INFO - 2023-06-06 23:56:24 --> Session: Class initialized using 'CodeIgniter\Session\Handlers\FileHandler' driver.
INFO - 2023-06-06 23:56:24 --> Cart Class Initialized
