INFO - 2023-06-04 00:46:39 --> Session: Class initialized using 'CodeIgniter\Session\Handlers\FileHandler' driver.
INFO - 2023-06-04 00:46:41 --> Session: Class initialized using 'CodeIgniter\Session\Handlers\FileHandler' driver.
INFO - 2023-06-04 00:46:54 --> Session: Class initialized using 'CodeIgniter\Session\Handlers\FileHandler' driver.
INFO - 2023-06-04 00:46:54 --> Cart Class Initialized
INFO - 2023-06-04 00:46:57 --> Session: Class initialized using 'CodeIgniter\Session\Handlers\FileHandler' driver.
INFO - 2023-06-04 00:46:57 --> Cart Class Initialized
INFO - 2023-06-04 00:46:58 --> Session: Class initialized using 'CodeIgniter\Session\Handlers\FileHandler' driver.
INFO - 2023-06-04 00:46:58 --> Cart Class Initialized
INFO - 2023-06-04 00:47:01 --> Session: Class initialized using 'CodeIgniter\Session\Handlers\FileHandler' driver.
INFO - 2023-06-04 00:47:02 --> Session: Class initialized using 'CodeIgniter\Session\Handlers\FileHandler' driver.
INFO - 2023-06-04 00:47:02 --> Cart Class Initialized
INFO - 2023-06-04 00:47:03 --> Session: Class initialized using 'CodeIgniter\Session\Handlers\FileHandler' driver.
INFO - 2023-06-04 00:47:05 --> Session: Class initialized using 'CodeIgniter\Session\Handlers\FileHandler' driver.
INFO - 2023-06-04 00:47:10 --> Session: Class initialized using 'CodeIgniter\Session\Handlers\FileHandler' driver.
INFO - 2023-06-04 00:47:11 --> Session: Class initialized using 'CodeIgniter\Session\Handlers\FileHandler' driver.
INFO - 2023-06-04 00:47:15 --> Session: Class initialized using 'CodeIgniter\Session\Handlers\FileHandler' driver.
INFO - 2023-06-04 00:47:15 --> Cart Class Initialized
INFO - 2023-06-04 00:47:15 --> Session: Class initialized using 'CodeIgniter\Session\Handlers\FileHandler' driver.
INFO - 2023-06-04 00:47:17 --> Session: Class initialized using 'CodeIgniter\Session\Handlers\FileHandler' driver.
INFO - 2023-06-04 00:47:17 --> Cart Class Initialized
INFO - 2023-06-04 00:47:18 --> Session: Class initialized using 'CodeIgniter\Session\Handlers\FileHandler' driver.
INFO - 2023-06-04 00:47:18 --> Cart Class Initialized
INFO - 2023-06-04 00:47:55 --> Session: Class initialized using 'CodeIgniter\Session\Handlers\FileHandler' driver.
INFO - 2023-06-04 00:47:55 --> Cart Class Initialized
INFO - 2023-06-04 00:47:56 --> Session: Class initialized using 'CodeIgniter\Session\Handlers\FileHandler' driver.
INFO - 2023-06-04 00:47:56 --> Cart Class Initialized
INFO - 2023-06-04 00:47:57 --> Session: Class initialized using 'CodeIgniter\Session\Handlers\FileHandler' driver.
INFO - 2023-06-04 00:47:57 --> Cart Class Initialized
INFO - 2023-06-04 00:48:12 --> Session: Class initialized using 'CodeIgniter\Session\Handlers\FileHandler' driver.
INFO - 2023-06-04 00:48:12 --> Cart Class Initialized
INFO - 2023-06-04 00:48:12 --> Session: Class initialized using 'CodeIgniter\Session\Handlers\FileHandler' driver.
INFO - 2023-06-04 00:48:12 --> Cart Class Initialized
INFO - 2023-06-04 00:48:26 --> Session: Class initialized using 'CodeIgniter\Session\Handlers\FileHandler' driver.
INFO - 2023-06-04 00:48:26 --> Cart Class Initialized
INFO - 2023-06-04 00:48:49 --> Session: Class initialized using 'CodeIgniter\Session\Handlers\FileHandler' driver.
INFO - 2023-06-04 00:48:49 --> Cart Class Initialized
INFO - 2023-06-04 00:48:49 --> Session: Class initialized using 'CodeIgniter\Session\Handlers\FileHandler' driver.
INFO - 2023-06-04 00:48:50 --> Cart Class Initialized
INFO - 2023-06-04 00:48:58 --> Session: Class initialized using 'CodeIgniter\Session\Handlers\FileHandler' driver.
INFO - 2023-06-04 00:48:58 --> Cart Class Initialized
INFO - 2023-06-04 00:49:00 --> Session: Class initialized using 'CodeIgniter\Session\Handlers\FileHandler' driver.
INFO - 2023-06-04 00:49:00 --> Cart Class Initialized
INFO - 2023-06-04 00:50:24 --> Session: Class initialized using 'CodeIgniter\Session\Handlers\FileHandler' driver.
INFO - 2023-06-04 00:50:24 --> Cart Class Initialized
INFO - 2023-06-04 00:50:25 --> Session: Class initialized using 'CodeIgniter\Session\Handlers\FileHandler' driver.
INFO - 2023-06-04 00:50:25 --> Cart Class Initialized
INFO - 2023-06-04 00:50:41 --> Session: Class initialized using 'CodeIgniter\Session\Handlers\FileHandler' driver.
INFO - 2023-06-04 00:50:41 --> Cart Class Initialized
INFO - 2023-06-04 00:50:42 --> Session: Class initialized using 'CodeIgniter\Session\Handlers\FileHandler' driver.
INFO - 2023-06-04 00:50:42 --> Cart Class Initialized
INFO - 2023-06-04 00:51:08 --> Session: Class initialized using 'CodeIgniter\Session\Handlers\FileHandler' driver.
INFO - 2023-06-04 00:51:08 --> Cart Class Initialized
INFO - 2023-06-04 00:51:10 --> Session: Class initialized using 'CodeIgniter\Session\Handlers\FileHandler' driver.
INFO - 2023-06-04 00:51:10 --> Cart Class Initialized
INFO - 2023-06-04 00:51:32 --> Session: Class initialized using 'CodeIgniter\Session\Handlers\FileHandler' driver.
INFO - 2023-06-04 00:51:32 --> Cart Class Initialized
INFO - 2023-06-04 00:51:33 --> Session: Class initialized using 'CodeIgniter\Session\Handlers\FileHandler' driver.
INFO - 2023-06-04 00:51:33 --> Cart Class Initialized
INFO - 2023-06-04 00:51:34 --> Session: Class initialized using 'CodeIgniter\Session\Handlers\FileHandler' driver.
INFO - 2023-06-04 00:51:34 --> Cart Class Initialized
INFO - 2023-06-04 00:51:35 --> Session: Class initialized using 'CodeIgniter\Session\Handlers\FileHandler' driver.
INFO - 2023-06-04 00:51:35 --> Cart Class Initialized
INFO - 2023-06-04 00:51:36 --> Session: Class initialized using 'CodeIgniter\Session\Handlers\FileHandler' driver.
INFO - 2023-06-04 00:51:36 --> Cart Class Initialized
INFO - 2023-06-04 00:51:46 --> Session: Class initialized using 'CodeIgniter\Session\Handlers\FileHandler' driver.
INFO - 2023-06-04 00:51:46 --> Cart Class Initialized
INFO - 2023-06-04 00:51:46 --> Session: Class initialized using 'CodeIgniter\Session\Handlers\FileHandler' driver.
INFO - 2023-06-04 00:51:46 --> Cart Class Initialized
INFO - 2023-06-04 00:52:01 --> Session: Class initialized using 'CodeIgniter\Session\Handlers\FileHandler' driver.
INFO - 2023-06-04 00:52:01 --> Cart Class Initialized
INFO - 2023-06-04 00:52:02 --> Session: Class initialized using 'CodeIgniter\Session\Handlers\FileHandler' driver.
INFO - 2023-06-04 00:52:02 --> Cart Class Initialized
INFO - 2023-06-04 00:52:27 --> Session: Class initialized using 'CodeIgniter\Session\Handlers\FileHandler' driver.
INFO - 2023-06-04 00:52:27 --> Cart Class Initialized
INFO - 2023-06-04 00:52:28 --> Session: Class initialized using 'CodeIgniter\Session\Handlers\FileHandler' driver.
INFO - 2023-06-04 00:52:28 --> Cart Class Initialized
INFO - 2023-06-04 00:53:02 --> Session: Class initialized using 'CodeIgniter\Session\Handlers\FileHandler' driver.
INFO - 2023-06-04 00:53:05 --> Session: Class initialized using 'CodeIgniter\Session\Handlers\FileHandler' driver.
INFO - 2023-06-04 00:53:09 --> Session: Class initialized using 'CodeIgniter\Session\Handlers\FileHandler' driver.
INFO - 2023-06-04 00:53:13 --> Session: Class initialized using 'CodeIgniter\Session\Handlers\FileHandler' driver.
INFO - 2023-06-04 00:53:13 --> Cart Class Initialized
INFO - 2023-06-04 00:53:14 --> Session: Class initialized using 'CodeIgniter\Session\Handlers\FileHandler' driver.
INFO - 2023-06-04 00:53:17 --> Session: Class initialized using 'CodeIgniter\Session\Handlers\FileHandler' driver.
INFO - 2023-06-04 00:53:30 --> Session: Class initialized using 'CodeIgniter\Session\Handlers\FileHandler' driver.
INFO - 2023-06-04 00:53:30 --> Cart Class Initialized
INFO - 2023-06-04 00:53:31 --> Session: Class initialized using 'CodeIgniter\Session\Handlers\FileHandler' driver.
INFO - 2023-06-04 00:53:31 --> Cart Class Initialized
INFO - 2023-06-04 00:53:50 --> Session: Class initialized using 'CodeIgniter\Session\Handlers\FileHandler' driver.
INFO - 2023-06-04 00:53:57 --> Session: Class initialized using 'CodeIgniter\Session\Handlers\FileHandler' driver.
INFO - 2023-06-04 00:53:57 --> Cart Class Initialized
INFO - 2023-06-04 00:53:57 --> Session: Class initialized using 'CodeIgniter\Session\Handlers\FileHandler' driver.
INFO - 2023-06-04 00:54:00 --> Session: Class initialized using 'CodeIgniter\Session\Handlers\FileHandler' driver.
INFO - 2023-06-04 00:54:00 --> Cart Class Initialized
INFO - 2023-06-04 00:54:56 --> Session: Class initialized using 'CodeIgniter\Session\Handlers\FileHandler' driver.
INFO - 2023-06-04 00:54:56 --> Cart Class Initialized
INFO - 2023-06-04 00:55:14 --> Session: Class initialized using 'CodeIgniter\Session\Handlers\FileHandler' driver.
INFO - 2023-06-04 00:55:46 --> Session: Class initialized using 'CodeIgniter\Session\Handlers\FileHandler' driver.
INFO - 2023-06-04 00:55:46 --> Cart Class Initialized
INFO - 2023-06-04 00:56:24 --> Session: Class initialized using 'CodeIgniter\Session\Handlers\FileHandler' driver.
INFO - 2023-06-04 00:56:24 --> Cart Class Initialized
INFO - 2023-06-04 00:56:35 --> Session: Class initialized using 'CodeIgniter\Session\Handlers\FileHandler' driver.
INFO - 2023-06-04 00:56:35 --> Cart Class Initialized
INFO - 2023-06-04 00:56:52 --> Session: Class initialized using 'CodeIgniter\Session\Handlers\FileHandler' driver.
INFO - 2023-06-04 00:56:52 --> Cart Class Initialized
INFO - 2023-06-04 01:07:13 --> Session: Class initialized using 'CodeIgniter\Session\Handlers\FileHandler' driver.
INFO - 2023-06-04 01:07:13 --> Cart Class Initialized
INFO - 2023-06-04 01:07:14 --> Session: Class initialized using 'CodeIgniter\Session\Handlers\FileHandler' driver.
INFO - 2023-06-04 01:07:14 --> Cart Class Initialized
INFO - 2023-06-04 01:07:36 --> Session: Class initialized using 'CodeIgniter\Session\Handlers\FileHandler' driver.
INFO - 2023-06-04 01:07:36 --> Cart Class Initialized
INFO - 2023-06-04 01:07:37 --> Session: Class initialized using 'CodeIgniter\Session\Handlers\FileHandler' driver.
INFO - 2023-06-04 01:07:37 --> Cart Class Initialized
INFO - 2023-06-04 01:07:38 --> Session: Class initialized using 'CodeIgniter\Session\Handlers\FileHandler' driver.
INFO - 2023-06-04 01:07:38 --> Cart Class Initialized
INFO - 2023-06-04 01:07:39 --> Session: Class initialized using 'CodeIgniter\Session\Handlers\FileHandler' driver.
INFO - 2023-06-04 01:07:39 --> Cart Class Initialized
INFO - 2023-06-04 01:07:40 --> Session: Class initialized using 'CodeIgniter\Session\Handlers\FileHandler' driver.
INFO - 2023-06-04 01:07:40 --> Cart Class Initialized
INFO - 2023-06-04 01:10:41 --> Session: Class initialized using 'CodeIgniter\Session\Handlers\FileHandler' driver.
INFO - 2023-06-04 01:10:41 --> Cart Class Initialized
INFO - 2023-06-04 01:10:41 --> Session: Class initialized using 'CodeIgniter\Session\Handlers\FileHandler' driver.
INFO - 2023-06-04 01:10:41 --> Cart Class Initialized
INFO - 2023-06-04 01:11:15 --> Session: Class initialized using 'CodeIgniter\Session\Handlers\FileHandler' driver.
INFO - 2023-06-04 01:11:15 --> Cart Class Initialized
INFO - 2023-06-04 01:11:16 --> Session: Class initialized using 'CodeIgniter\Session\Handlers\FileHandler' driver.
INFO - 2023-06-04 01:11:16 --> Cart Class Initialized
INFO - 2023-06-04 01:11:21 --> Session: Class initialized using 'CodeIgniter\Session\Handlers\FileHandler' driver.
INFO - 2023-06-04 01:11:21 --> Cart Class Initialized
INFO - 2023-06-04 01:11:22 --> Session: Class initialized using 'CodeIgniter\Session\Handlers\FileHandler' driver.
INFO - 2023-06-04 01:11:22 --> Cart Class Initialized
INFO - 2023-06-04 01:11:40 --> Session: Class initialized using 'CodeIgniter\Session\Handlers\FileHandler' driver.
INFO - 2023-06-04 01:11:40 --> Cart Class Initialized
INFO - 2023-06-04 01:11:41 --> Session: Class initialized using 'CodeIgniter\Session\Handlers\FileHandler' driver.
INFO - 2023-06-04 01:11:41 --> Cart Class Initialized
INFO - 2023-06-04 01:11:50 --> Session: Class initialized using 'CodeIgniter\Session\Handlers\FileHandler' driver.
INFO - 2023-06-04 01:11:50 --> Cart Class Initialized
INFO - 2023-06-04 01:11:51 --> Session: Class initialized using 'CodeIgniter\Session\Handlers\FileHandler' driver.
INFO - 2023-06-04 01:11:51 --> Cart Class Initialized
INFO - 2023-06-04 01:13:23 --> Session: Class initialized using 'CodeIgniter\Session\Handlers\FileHandler' driver.
INFO - 2023-06-04 01:13:23 --> Cart Class Initialized
INFO - 2023-06-04 01:13:24 --> Session: Class initialized using 'CodeIgniter\Session\Handlers\FileHandler' driver.
INFO - 2023-06-04 01:13:24 --> Cart Class Initialized
INFO - 2023-06-04 01:13:44 --> Session: Class initialized using 'CodeIgniter\Session\Handlers\FileHandler' driver.
INFO - 2023-06-04 01:13:44 --> Cart Class Initialized
INFO - 2023-06-04 01:13:45 --> Session: Class initialized using 'CodeIgniter\Session\Handlers\FileHandler' driver.
INFO - 2023-06-04 01:13:45 --> Cart Class Initialized
INFO - 2023-06-04 01:14:10 --> Session: Class initialized using 'CodeIgniter\Session\Handlers\FileHandler' driver.
INFO - 2023-06-04 01:14:10 --> Cart Class Initialized
INFO - 2023-06-04 01:14:10 --> Session: Class initialized using 'CodeIgniter\Session\Handlers\FileHandler' driver.
INFO - 2023-06-04 01:14:10 --> Cart Class Initialized
INFO - 2023-06-04 01:14:10 --> Session: Class initialized using 'CodeIgniter\Session\Handlers\FileHandler' driver.
INFO - 2023-06-04 01:14:10 --> Cart Class Initialized
INFO - 2023-06-04 01:14:17 --> Session: Class initialized using 'CodeIgniter\Session\Handlers\FileHandler' driver.
INFO - 2023-06-04 01:14:17 --> Cart Class Initialized
INFO - 2023-06-04 01:14:18 --> Session: Class initialized using 'CodeIgniter\Session\Handlers\FileHandler' driver.
INFO - 2023-06-04 01:14:18 --> Cart Class Initialized
INFO - 2023-06-04 01:14:23 --> Session: Class initialized using 'CodeIgniter\Session\Handlers\FileHandler' driver.
INFO - 2023-06-04 01:14:23 --> Cart Class Initialized
INFO - 2023-06-04 01:14:23 --> Session: Class initialized using 'CodeIgniter\Session\Handlers\FileHandler' driver.
INFO - 2023-06-04 01:14:23 --> Cart Class Initialized
INFO - 2023-06-04 01:14:24 --> Session: Class initialized using 'CodeIgniter\Session\Handlers\FileHandler' driver.
INFO - 2023-06-04 01:14:24 --> Cart Class Initialized
INFO - 2023-06-04 01:14:44 --> Session: Class initialized using 'CodeIgniter\Session\Handlers\FileHandler' driver.
INFO - 2023-06-04 01:14:44 --> Cart Class Initialized
INFO - 2023-06-04 01:14:45 --> Session: Class initialized using 'CodeIgniter\Session\Handlers\FileHandler' driver.
INFO - 2023-06-04 01:14:45 --> Cart Class Initialized
INFO - 2023-06-04 01:14:54 --> Session: Class initialized using 'CodeIgniter\Session\Handlers\FileHandler' driver.
INFO - 2023-06-04 01:14:54 --> Cart Class Initialized
INFO - 2023-06-04 01:15:04 --> Session: Class initialized using 'CodeIgniter\Session\Handlers\FileHandler' driver.
INFO - 2023-06-04 01:15:04 --> Cart Class Initialized
INFO - 2023-06-04 01:15:05 --> Session: Class initialized using 'CodeIgniter\Session\Handlers\FileHandler' driver.
INFO - 2023-06-04 01:15:05 --> Cart Class Initialized
INFO - 2023-06-04 01:15:08 --> Session: Class initialized using 'CodeIgniter\Session\Handlers\FileHandler' driver.
INFO - 2023-06-04 01:15:10 --> Session: Class initialized using 'CodeIgniter\Session\Handlers\FileHandler' driver.
INFO - 2023-06-04 01:15:15 --> Session: Class initialized using 'CodeIgniter\Session\Handlers\FileHandler' driver.
INFO - 2023-06-04 01:15:15 --> Cart Class Initialized
INFO - 2023-06-04 01:15:15 --> Session: Class initialized using 'CodeIgniter\Session\Handlers\FileHandler' driver.
INFO - 2023-06-04 01:15:28 --> Session: Class initialized using 'CodeIgniter\Session\Handlers\FileHandler' driver.
INFO - 2023-06-04 01:15:28 --> Cart Class Initialized
INFO - 2023-06-04 01:15:31 --> Session: Class initialized using 'CodeIgniter\Session\Handlers\FileHandler' driver.
INFO - 2023-06-04 01:15:31 --> Cart Class Initialized
INFO - 2023-06-04 01:15:32 --> Session: Class initialized using 'CodeIgniter\Session\Handlers\FileHandler' driver.
INFO - 2023-06-04 01:15:32 --> Cart Class Initialized
INFO - 2023-06-04 01:19:52 --> Session: Class initialized using 'CodeIgniter\Session\Handlers\FileHandler' driver.
INFO - 2023-06-04 01:19:52 --> Cart Class Initialized
INFO - 2023-06-04 01:19:54 --> Session: Class initialized using 'CodeIgniter\Session\Handlers\FileHandler' driver.
INFO - 2023-06-04 01:19:54 --> Cart Class Initialized
INFO - 2023-06-04 01:19:57 --> Session: Class initialized using 'CodeIgniter\Session\Handlers\FileHandler' driver.
INFO - 2023-06-04 01:19:57 --> Cart Class Initialized
INFO - 2023-06-04 01:19:58 --> Session: Class initialized using 'CodeIgniter\Session\Handlers\FileHandler' driver.
INFO - 2023-06-04 01:19:58 --> Cart Class Initialized
INFO - 2023-06-04 01:20:17 --> Session: Class initialized using 'CodeIgniter\Session\Handlers\FileHandler' driver.
INFO - 2023-06-04 01:20:17 --> Cart Class Initialized
INFO - 2023-06-04 01:20:18 --> Session: Class initialized using 'CodeIgniter\Session\Handlers\FileHandler' driver.
INFO - 2023-06-04 01:20:18 --> Cart Class Initialized
INFO - 2023-06-04 01:20:19 --> Session: Class initialized using 'CodeIgniter\Session\Handlers\FileHandler' driver.
INFO - 2023-06-04 01:20:19 --> Cart Class Initialized
INFO - 2023-06-04 01:20:20 --> Session: Class initialized using 'CodeIgniter\Session\Handlers\FileHandler' driver.
INFO - 2023-06-04 01:20:20 --> Cart Class Initialized
INFO - 2023-06-04 01:20:22 --> Session: Class initialized using 'CodeIgniter\Session\Handlers\FileHandler' driver.
INFO - 2023-06-04 01:20:22 --> Cart Class Initialized
INFO - 2023-06-04 01:20:22 --> Session: Class initialized using 'CodeIgniter\Session\Handlers\FileHandler' driver.
INFO - 2023-06-04 01:20:22 --> Cart Class Initialized
INFO - 2023-06-04 01:20:50 --> Session: Class initialized using 'CodeIgniter\Session\Handlers\FileHandler' driver.
INFO - 2023-06-04 01:20:50 --> Cart Class Initialized
CRITICAL - 2023-06-04 01:20:50 --> Undefined array key "rowId"
in APPPATH\Views\back\cart\cartPage.php on line 37.
 1 APPPATH\Views\back\cart\cartPage.php(37): CodeIgniter\Debug\Exceptions->errorHandler(2, 'Undefined array key "rowId"', 'C:\\xampp\\htdocs\\gauna_octavio\\app\\Views\\back\\cart\\cartPage.php', 37)
 2 SYSTEMPATH\View\View.php(213): include('C:\\xampp\\htdocs\\gauna_octavio\\app\\Views\\back\\cart\\cartPage.php')
 3 SYSTEMPATH\View\View.php(216): CodeIgniter\View\View->CodeIgniter\View\{closure}()
 4 SYSTEMPATH\Common.php(1184): CodeIgniter\View\View->render('back/cart/cartPage', [], true)
 5 APPPATH\Controllers\CartController.php(22): view('back/cart/cartPage')
 6 SYSTEMPATH\CodeIgniter.php(934): App\Controllers\CartController->cartList()
 7 SYSTEMPATH\CodeIgniter.php(499): CodeIgniter\CodeIgniter->runController(Object(App\Controllers\CartController))
 8 SYSTEMPATH\CodeIgniter.php(368): CodeIgniter\CodeIgniter->handleRequest(null, Object(Config\Cache), false)
 9 FCPATH\index.php(67): CodeIgniter\CodeIgniter->run()
INFO - 2023-06-04 01:20:56 --> Session: Class initialized using 'CodeIgniter\Session\Handlers\FileHandler' driver.
INFO - 2023-06-04 01:20:56 --> Cart Class Initialized
INFO - 2023-06-04 01:20:57 --> Session: Class initialized using 'CodeIgniter\Session\Handlers\FileHandler' driver.
INFO - 2023-06-04 01:20:57 --> Cart Class Initialized
INFO - 2023-06-04 01:20:57 --> Session: Class initialized using 'CodeIgniter\Session\Handlers\FileHandler' driver.
INFO - 2023-06-04 01:20:57 --> Cart Class Initialized
INFO - 2023-06-04 01:20:58 --> Session: Class initialized using 'CodeIgniter\Session\Handlers\FileHandler' driver.
INFO - 2023-06-04 01:20:58 --> Cart Class Initialized
INFO - 2023-06-04 01:21:05 --> Session: Class initialized using 'CodeIgniter\Session\Handlers\FileHandler' driver.
INFO - 2023-06-04 01:21:05 --> Cart Class Initialized
INFO - 2023-06-04 01:21:05 --> Session: Class initialized using 'CodeIgniter\Session\Handlers\FileHandler' driver.
INFO - 2023-06-04 01:21:05 --> Cart Class Initialized
INFO - 2023-06-04 01:21:10 --> Session: Class initialized using 'CodeIgniter\Session\Handlers\FileHandler' driver.
INFO - 2023-06-04 01:21:13 --> Session: Class initialized using 'CodeIgniter\Session\Handlers\FileHandler' driver.
INFO - 2023-06-04 01:21:15 --> Session: Class initialized using 'CodeIgniter\Session\Handlers\FileHandler' driver.
INFO - 2023-06-04 01:21:15 --> Cart Class Initialized
INFO - 2023-06-04 01:21:15 --> Session: Class initialized using 'CodeIgniter\Session\Handlers\FileHandler' driver.
INFO - 2023-06-04 01:21:18 --> Session: Class initialized using 'CodeIgniter\Session\Handlers\FileHandler' driver.
INFO - 2023-06-04 01:21:18 --> Cart Class Initialized
INFO - 2023-06-04 01:21:19 --> Session: Class initialized using 'CodeIgniter\Session\Handlers\FileHandler' driver.
INFO - 2023-06-04 01:21:19 --> Cart Class Initialized
INFO - 2023-06-04 01:21:19 --> Session: Class initialized using 'CodeIgniter\Session\Handlers\FileHandler' driver.
INFO - 2023-06-04 01:21:19 --> Cart Class Initialized
INFO - 2023-06-04 01:25:30 --> Session: Class initialized using 'CodeIgniter\Session\Handlers\FileHandler' driver.
INFO - 2023-06-04 01:25:30 --> Cart Class Initialized
CRITICAL - 2023-06-04 01:25:30 --> Unclosed '[' does not match ')'
in APPPATH\Views\back\cart\cartPage.php on line 32.
 1 SYSTEMPATH\View\View.php(216): CodeIgniter\View\View->CodeIgniter\View\{closure}()
 2 SYSTEMPATH\Common.php(1184): CodeIgniter\View\View->render('back/cart/cartPage', [], true)
 3 APPPATH\Controllers\CartController.php(22): view('back/cart/cartPage')
 4 SYSTEMPATH\CodeIgniter.php(934): App\Controllers\CartController->cartList()
 5 SYSTEMPATH\CodeIgniter.php(499): CodeIgniter\CodeIgniter->runController(Object(App\Controllers\CartController))
 6 SYSTEMPATH\CodeIgniter.php(368): CodeIgniter\CodeIgniter->handleRequest(null, Object(Config\Cache), false)
 7 FCPATH\index.php(67): CodeIgniter\CodeIgniter->run()
INFO - 2023-06-04 01:25:31 --> Session: Class initialized using 'CodeIgniter\Session\Handlers\FileHandler' driver.
INFO - 2023-06-04 01:25:31 --> Cart Class Initialized
CRITICAL - 2023-06-04 01:25:31 --> Unclosed '[' does not match ')'
in APPPATH\Views\back\cart\cartPage.php on line 32.
 1 SYSTEMPATH\View\View.php(216): CodeIgniter\View\View->CodeIgniter\View\{closure}()
 2 SYSTEMPATH\Common.php(1184): CodeIgniter\View\View->render('back/cart/cartPage', [], true)
 3 APPPATH\Controllers\CartController.php(22): view('back/cart/cartPage')
 4 SYSTEMPATH\CodeIgniter.php(934): App\Controllers\CartController->cartList()
 5 SYSTEMPATH\CodeIgniter.php(499): CodeIgniter\CodeIgniter->runController(Object(App\Controllers\CartController))
 6 SYSTEMPATH\CodeIgniter.php(368): CodeIgniter\CodeIgniter->handleRequest(null, Object(Config\Cache), false)
 7 FCPATH\index.php(67): CodeIgniter\CodeIgniter->run()
INFO - 2023-06-04 01:25:36 --> Session: Class initialized using 'CodeIgniter\Session\Handlers\FileHandler' driver.
INFO - 2023-06-04 01:25:36 --> Cart Class Initialized
CRITICAL - 2023-06-04 01:25:36 --> Unclosed '[' does not match ')'
in APPPATH\Views\back\cart\cartPage.php on line 32.
 1 SYSTEMPATH\View\View.php(216): CodeIgniter\View\View->CodeIgniter\View\{closure}()
 2 SYSTEMPATH\Common.php(1184): CodeIgniter\View\View->render('back/cart/cartPage', [], true)
 3 APPPATH\Controllers\CartController.php(22): view('back/cart/cartPage')
 4 SYSTEMPATH\CodeIgniter.php(934): App\Controllers\CartController->cartList()
 5 SYSTEMPATH\CodeIgniter.php(499): CodeIgniter\CodeIgniter->runController(Object(App\Controllers\CartController))
 6 SYSTEMPATH\CodeIgniter.php(368): CodeIgniter\CodeIgniter->handleRequest(null, Object(Config\Cache), false)
 7 FCPATH\index.php(67): CodeIgniter\CodeIgniter->run()
INFO - 2023-06-04 01:26:17 --> Session: Class initialized using 'CodeIgniter\Session\Handlers\FileHandler' driver.
INFO - 2023-06-04 01:26:17 --> Cart Class Initialized
CRITICAL - 2023-06-04 01:26:17 --> syntax error, unexpected token "else"
in APPPATH\Views\back\cart\cartPage.php on line 67.
 1 SYSTEMPATH\View\View.php(216): CodeIgniter\View\View->CodeIgniter\View\{closure}()
 2 SYSTEMPATH\Common.php(1184): CodeIgniter\View\View->render('back/cart/cartPage', [], true)
 3 APPPATH\Controllers\CartController.php(22): view('back/cart/cartPage')
 4 SYSTEMPATH\CodeIgniter.php(934): App\Controllers\CartController->cartList()
 5 SYSTEMPATH\CodeIgniter.php(499): CodeIgniter\CodeIgniter->runController(Object(App\Controllers\CartController))
 6 SYSTEMPATH\CodeIgniter.php(368): CodeIgniter\CodeIgniter->handleRequest(null, Object(Config\Cache), false)
 7 FCPATH\index.php(67): CodeIgniter\CodeIgniter->run()
INFO - 2023-06-04 01:26:17 --> Session: Class initialized using 'CodeIgniter\Session\Handlers\FileHandler' driver.
INFO - 2023-06-04 01:26:17 --> Cart Class Initialized
CRITICAL - 2023-06-04 01:26:17 --> syntax error, unexpected token "else"
in APPPATH\Views\back\cart\cartPage.php on line 67.
 1 SYSTEMPATH\View\View.php(216): CodeIgniter\View\View->CodeIgniter\View\{closure}()
 2 SYSTEMPATH\Common.php(1184): CodeIgniter\View\View->render('back/cart/cartPage', [], true)
 3 APPPATH\Controllers\CartController.php(22): view('back/cart/cartPage')
 4 SYSTEMPATH\CodeIgniter.php(934): App\Controllers\CartController->cartList()
 5 SYSTEMPATH\CodeIgniter.php(499): CodeIgniter\CodeIgniter->runController(Object(App\Controllers\CartController))
 6 SYSTEMPATH\CodeIgniter.php(368): CodeIgniter\CodeIgniter->handleRequest(null, Object(Config\Cache), false)
 7 FCPATH\index.php(67): CodeIgniter\CodeIgniter->run()
INFO - 2023-06-04 01:26:18 --> Session: Class initialized using 'CodeIgniter\Session\Handlers\FileHandler' driver.
INFO - 2023-06-04 01:26:18 --> Cart Class Initialized
CRITICAL - 2023-06-04 01:26:18 --> syntax error, unexpected token "else"
in APPPATH\Views\back\cart\cartPage.php on line 67.
 1 SYSTEMPATH\View\View.php(216): CodeIgniter\View\View->CodeIgniter\View\{closure}()
 2 SYSTEMPATH\Common.php(1184): CodeIgniter\View\View->render('back/cart/cartPage', [], true)
 3 APPPATH\Controllers\CartController.php(22): view('back/cart/cartPage')
 4 SYSTEMPATH\CodeIgniter.php(934): App\Controllers\CartController->cartList()
 5 SYSTEMPATH\CodeIgniter.php(499): CodeIgniter\CodeIgniter->runController(Object(App\Controllers\CartController))
 6 SYSTEMPATH\CodeIgniter.php(368): CodeIgniter\CodeIgniter->handleRequest(null, Object(Config\Cache), false)
 7 FCPATH\index.php(67): CodeIgniter\CodeIgniter->run()
INFO - 2023-06-04 01:28:56 --> Session: Class initialized using 'CodeIgniter\Session\Handlers\FileHandler' driver.
INFO - 2023-06-04 01:28:56 --> Cart Class Initialized
INFO - 2023-06-04 01:28:56 --> Session: Class initialized using 'CodeIgniter\Session\Handlers\FileHandler' driver.
INFO - 2023-06-04 01:28:56 --> Cart Class Initialized
INFO - 2023-06-04 01:29:08 --> Session: Class initialized using 'CodeIgniter\Session\Handlers\FileHandler' driver.
INFO - 2023-06-04 01:29:09 --> Session: Class initialized using 'CodeIgniter\Session\Handlers\FileHandler' driver.
INFO - 2023-06-04 01:29:09 --> Cart Class Initialized
INFO - 2023-06-04 01:29:10 --> Session: Class initialized using 'CodeIgniter\Session\Handlers\FileHandler' driver.
INFO - 2023-06-04 01:29:10 --> Cart Class Initialized
INFO - 2023-06-04 01:30:19 --> Session: Class initialized using 'CodeIgniter\Session\Handlers\FileHandler' driver.
INFO - 2023-06-04 01:30:19 --> Cart Class Initialized
INFO - 2023-06-04 01:30:36 --> Session: Class initialized using 'CodeIgniter\Session\Handlers\FileHandler' driver.
INFO - 2023-06-04 01:30:36 --> Cart Class Initialized
INFO - 2023-06-04 01:30:37 --> Session: Class initialized using 'CodeIgniter\Session\Handlers\FileHandler' driver.
INFO - 2023-06-04 01:30:37 --> Cart Class Initialized
INFO - 2023-06-04 01:30:38 --> Session: Class initialized using 'CodeIgniter\Session\Handlers\FileHandler' driver.
INFO - 2023-06-04 01:30:38 --> Cart Class Initialized
INFO - 2023-06-04 01:30:38 --> Session: Class initialized using 'CodeIgniter\Session\Handlers\FileHandler' driver.
INFO - 2023-06-04 01:30:38 --> Cart Class Initialized
INFO - 2023-06-04 01:30:42 --> Session: Class initialized using 'CodeIgniter\Session\Handlers\FileHandler' driver.
INFO - 2023-06-04 01:30:42 --> Cart Class Initialized
INFO - 2023-06-04 01:30:42 --> Session: Class initialized using 'CodeIgniter\Session\Handlers\FileHandler' driver.
INFO - 2023-06-04 01:30:42 --> Cart Class Initialized
INFO - 2023-06-04 01:30:44 --> Session: Class initialized using 'CodeIgniter\Session\Handlers\FileHandler' driver.
INFO - 2023-06-04 01:30:45 --> Session: Class initialized using 'CodeIgniter\Session\Handlers\FileHandler' driver.
INFO - 2023-06-04 01:30:45 --> Cart Class Initialized
INFO - 2023-06-04 01:30:46 --> Session: Class initialized using 'CodeIgniter\Session\Handlers\FileHandler' driver.
INFO - 2023-06-04 01:30:46 --> Cart Class Initialized
INFO - 2023-06-04 01:30:46 --> Session: Class initialized using 'CodeIgniter\Session\Handlers\FileHandler' driver.
INFO - 2023-06-04 01:30:46 --> Cart Class Initialized
INFO - 2023-06-04 01:32:45 --> Session: Class initialized using 'CodeIgniter\Session\Handlers\FileHandler' driver.
INFO - 2023-06-04 01:32:45 --> Cart Class Initialized
INFO - 2023-06-04 01:32:46 --> Session: Class initialized using 'CodeIgniter\Session\Handlers\FileHandler' driver.
INFO - 2023-06-04 01:32:46 --> Cart Class Initialized
INFO - 2023-06-04 01:32:50 --> Session: Class initialized using 'CodeIgniter\Session\Handlers\FileHandler' driver.
INFO - 2023-06-04 01:32:50 --> Cart Class Initialized
INFO - 2023-06-04 01:34:12 --> Session: Class initialized using 'CodeIgniter\Session\Handlers\FileHandler' driver.
INFO - 2023-06-04 01:34:12 --> Cart Class Initialized
INFO - 2023-06-04 01:34:13 --> Session: Class initialized using 'CodeIgniter\Session\Handlers\FileHandler' driver.
INFO - 2023-06-04 01:34:13 --> Cart Class Initialized
INFO - 2023-06-04 01:34:16 --> Session: Class initialized using 'CodeIgniter\Session\Handlers\FileHandler' driver.
INFO - 2023-06-04 01:34:16 --> Cart Class Initialized
INFO - 2023-06-04 01:34:16 --> Session: Class initialized using 'CodeIgniter\Session\Handlers\FileHandler' driver.
INFO - 2023-06-04 01:34:16 --> Cart Class Initialized
INFO - 2023-06-04 01:34:18 --> Session: Class initialized using 'CodeIgniter\Session\Handlers\FileHandler' driver.
INFO - 2023-06-04 01:34:18 --> Cart Class Initialized
INFO - 2023-06-04 01:34:19 --> Session: Class initialized using 'CodeIgniter\Session\Handlers\FileHandler' driver.
INFO - 2023-06-04 01:34:19 --> Cart Class Initialized
INFO - 2023-06-04 01:34:19 --> Session: Class initialized using 'CodeIgniter\Session\Handlers\FileHandler' driver.
INFO - 2023-06-04 01:34:19 --> Cart Class Initialized
INFO - 2023-06-04 01:34:19 --> Session: Class initialized using 'CodeIgniter\Session\Handlers\FileHandler' driver.
INFO - 2023-06-04 01:34:19 --> Cart Class Initialized
INFO - 2023-06-04 01:34:20 --> Session: Class initialized using 'CodeIgniter\Session\Handlers\FileHandler' driver.
INFO - 2023-06-04 01:34:20 --> Cart Class Initialized
INFO - 2023-06-04 01:34:20 --> Session: Class initialized using 'CodeIgniter\Session\Handlers\FileHandler' driver.
INFO - 2023-06-04 01:34:20 --> Cart Class Initialized
INFO - 2023-06-04 01:34:20 --> Session: Class initialized using 'CodeIgniter\Session\Handlers\FileHandler' driver.
INFO - 2023-06-04 01:34:20 --> Cart Class Initialized
INFO - 2023-06-04 01:34:20 --> Session: Class initialized using 'CodeIgniter\Session\Handlers\FileHandler' driver.
INFO - 2023-06-04 01:34:20 --> Cart Class Initialized
INFO - 2023-06-04 01:34:20 --> Session: Class initialized using 'CodeIgniter\Session\Handlers\FileHandler' driver.
INFO - 2023-06-04 01:34:20 --> Cart Class Initialized
INFO - 2023-06-04 01:34:21 --> Session: Class initialized using 'CodeIgniter\Session\Handlers\FileHandler' driver.
INFO - 2023-06-04 01:34:21 --> Cart Class Initialized
INFO - 2023-06-04 01:34:22 --> Session: Class initialized using 'CodeIgniter\Session\Handlers\FileHandler' driver.
INFO - 2023-06-04 01:34:22 --> Cart Class Initialized
INFO - 2023-06-04 01:34:55 --> Session: Class initialized using 'CodeIgniter\Session\Handlers\FileHandler' driver.
INFO - 2023-06-04 01:34:55 --> Cart Class Initialized
INFO - 2023-06-04 01:34:56 --> Session: Class initialized using 'CodeIgniter\Session\Handlers\FileHandler' driver.
INFO - 2023-06-04 01:34:56 --> Cart Class Initialized
INFO - 2023-06-04 01:34:57 --> Session: Class initialized using 'CodeIgniter\Session\Handlers\FileHandler' driver.
INFO - 2023-06-04 01:34:57 --> Cart Class Initialized
INFO - 2023-06-04 01:34:57 --> Session: Class initialized using 'CodeIgniter\Session\Handlers\FileHandler' driver.
INFO - 2023-06-04 01:34:57 --> Cart Class Initialized
INFO - 2023-06-04 01:34:58 --> Session: Class initialized using 'CodeIgniter\Session\Handlers\FileHandler' driver.
INFO - 2023-06-04 01:34:58 --> Cart Class Initialized
INFO - 2023-06-04 01:34:59 --> Session: Class initialized using 'CodeIgniter\Session\Handlers\FileHandler' driver.
INFO - 2023-06-04 01:34:59 --> Cart Class Initialized
INFO - 2023-06-04 01:34:59 --> Session: Class initialized using 'CodeIgniter\Session\Handlers\FileHandler' driver.
INFO - 2023-06-04 01:34:59 --> Cart Class Initialized
INFO - 2023-06-04 01:35:00 --> Session: Class initialized using 'CodeIgniter\Session\Handlers\FileHandler' driver.
INFO - 2023-06-04 01:35:00 --> Cart Class Initialized
INFO - 2023-06-04 01:35:00 --> Session: Class initialized using 'CodeIgniter\Session\Handlers\FileHandler' driver.
INFO - 2023-06-04 01:35:00 --> Cart Class Initialized
INFO - 2023-06-04 01:35:00 --> Session: Class initialized using 'CodeIgniter\Session\Handlers\FileHandler' driver.
INFO - 2023-06-04 01:35:00 --> Cart Class Initialized
INFO - 2023-06-04 01:35:00 --> Session: Class initialized using 'CodeIgniter\Session\Handlers\FileHandler' driver.
INFO - 2023-06-04 01:35:00 --> Cart Class Initialized
INFO - 2023-06-04 01:35:00 --> Session: Class initialized using 'CodeIgniter\Session\Handlers\FileHandler' driver.
INFO - 2023-06-04 01:35:00 --> Cart Class Initialized
INFO - 2023-06-04 01:35:00 --> Session: Class initialized using 'CodeIgniter\Session\Handlers\FileHandler' driver.
INFO - 2023-06-04 01:35:00 --> Cart Class Initialized
INFO - 2023-06-04 01:35:02 --> Session: Class initialized using 'CodeIgniter\Session\Handlers\FileHandler' driver.
INFO - 2023-06-04 01:35:02 --> Cart Class Initialized
INFO - 2023-06-04 01:35:32 --> Session: Class initialized using 'CodeIgniter\Session\Handlers\FileHandler' driver.
INFO - 2023-06-04 01:35:32 --> Cart Class Initialized
INFO - 2023-06-04 01:35:32 --> Session: Class initialized using 'CodeIgniter\Session\Handlers\FileHandler' driver.
INFO - 2023-06-04 01:35:32 --> Cart Class Initialized
INFO - 2023-06-04 01:36:03 --> Session: Class initialized using 'CodeIgniter\Session\Handlers\FileHandler' driver.
INFO - 2023-06-04 01:36:03 --> Cart Class Initialized
INFO - 2023-06-04 01:36:06 --> Session: Class initialized using 'CodeIgniter\Session\Handlers\FileHandler' driver.
INFO - 2023-06-04 01:36:06 --> Cart Class Initialized
INFO - 2023-06-04 01:36:06 --> Session: Class initialized using 'CodeIgniter\Session\Handlers\FileHandler' driver.
INFO - 2023-06-04 01:36:06 --> Cart Class Initialized
INFO - 2023-06-04 01:36:06 --> Session: Class initialized using 'CodeIgniter\Session\Handlers\FileHandler' driver.
INFO - 2023-06-04 01:36:06 --> Cart Class Initialized
INFO - 2023-06-04 01:36:07 --> Session: Class initialized using 'CodeIgniter\Session\Handlers\FileHandler' driver.
INFO - 2023-06-04 01:36:07 --> Cart Class Initialized
INFO - 2023-06-04 01:36:08 --> Session: Class initialized using 'CodeIgniter\Session\Handlers\FileHandler' driver.
INFO - 2023-06-04 01:36:08 --> Cart Class Initialized
INFO - 2023-06-04 01:36:13 --> Session: Class initialized using 'CodeIgniter\Session\Handlers\FileHandler' driver.
INFO - 2023-06-04 01:36:17 --> Session: Class initialized using 'CodeIgniter\Session\Handlers\FileHandler' driver.
INFO - 2023-06-04 01:36:17 --> Cart Class Initialized
INFO - 2023-06-04 01:36:17 --> Session: Class initialized using 'CodeIgniter\Session\Handlers\FileHandler' driver.
INFO - 2023-06-04 01:36:20 --> Session: Class initialized using 'CodeIgniter\Session\Handlers\FileHandler' driver.
INFO - 2023-06-04 01:36:20 --> Cart Class Initialized
INFO - 2023-06-04 01:36:25 --> Session: Class initialized using 'CodeIgniter\Session\Handlers\FileHandler' driver.
INFO - 2023-06-04 01:36:25 --> Cart Class Initialized
INFO - 2023-06-04 01:36:25 --> Session: Class initialized using 'CodeIgniter\Session\Handlers\FileHandler' driver.
INFO - 2023-06-04 01:36:25 --> Cart Class Initialized
INFO - 2023-06-04 01:36:25 --> Session: Class initialized using 'CodeIgniter\Session\Handlers\FileHandler' driver.
INFO - 2023-06-04 01:36:25 --> Cart Class Initialized
INFO - 2023-06-04 01:36:25 --> Session: Class initialized using 'CodeIgniter\Session\Handlers\FileHandler' driver.
INFO - 2023-06-04 01:36:25 --> Cart Class Initialized
INFO - 2023-06-04 01:36:26 --> Session: Class initialized using 'CodeIgniter\Session\Handlers\FileHandler' driver.
INFO - 2023-06-04 01:36:26 --> Cart Class Initialized
INFO - 2023-06-04 01:36:26 --> Session: Class initialized using 'CodeIgniter\Session\Handlers\FileHandler' driver.
INFO - 2023-06-04 01:36:26 --> Cart Class Initialized
INFO - 2023-06-04 01:37:11 --> Session: Class initialized using 'CodeIgniter\Session\Handlers\FileHandler' driver.
INFO - 2023-06-04 01:37:11 --> Cart Class Initialized
INFO - 2023-06-04 01:37:13 --> Session: Class initialized using 'CodeIgniter\Session\Handlers\FileHandler' driver.
INFO - 2023-06-04 01:37:13 --> Cart Class Initialized
INFO - 2023-06-04 01:37:13 --> Session: Class initialized using 'CodeIgniter\Session\Handlers\FileHandler' driver.
INFO - 2023-06-04 01:37:13 --> Cart Class Initialized
INFO - 2023-06-04 01:37:13 --> Session: Class initialized using 'CodeIgniter\Session\Handlers\FileHandler' driver.
INFO - 2023-06-04 01:37:13 --> Cart Class Initialized
INFO - 2023-06-04 01:37:15 --> Session: Class initialized using 'CodeIgniter\Session\Handlers\FileHandler' driver.
INFO - 2023-06-04 01:37:15 --> Cart Class Initialized
INFO - 2023-06-04 01:37:15 --> Session: Class initialized using 'CodeIgniter\Session\Handlers\FileHandler' driver.
INFO - 2023-06-04 01:37:15 --> Cart Class Initialized
INFO - 2023-06-04 01:37:19 --> Session: Class initialized using 'CodeIgniter\Session\Handlers\FileHandler' driver.
INFO - 2023-06-04 01:37:19 --> Cart Class Initialized
INFO - 2023-06-04 01:37:20 --> Session: Class initialized using 'CodeIgniter\Session\Handlers\FileHandler' driver.
INFO - 2023-06-04 01:37:20 --> Cart Class Initialized
INFO - 2023-06-04 01:37:23 --> Session: Class initialized using 'CodeIgniter\Session\Handlers\FileHandler' driver.
INFO - 2023-06-04 01:37:25 --> Session: Class initialized using 'CodeIgniter\Session\Handlers\FileHandler' driver.
INFO - 2023-06-04 01:37:27 --> Session: Class initialized using 'CodeIgniter\Session\Handlers\FileHandler' driver.
INFO - 2023-06-04 01:37:29 --> Session: Class initialized using 'CodeIgniter\Session\Handlers\FileHandler' driver.
INFO - 2023-06-04 01:37:29 --> Cart Class Initialized
INFO - 2023-06-04 01:37:29 --> Session: Class initialized using 'CodeIgniter\Session\Handlers\FileHandler' driver.
INFO - 2023-06-04 01:37:30 --> Session: Class initialized using 'CodeIgniter\Session\Handlers\FileHandler' driver.
INFO - 2023-06-04 01:37:30 --> Cart Class Initialized
INFO - 2023-06-04 01:37:52 --> Session: Class initialized using 'CodeIgniter\Session\Handlers\FileHandler' driver.
INFO - 2023-06-04 01:37:52 --> Cart Class Initialized
INFO - 2023-06-04 01:37:53 --> Session: Class initialized using 'CodeIgniter\Session\Handlers\FileHandler' driver.
INFO - 2023-06-04 01:37:53 --> Cart Class Initialized
INFO - 2023-06-04 01:37:53 --> Session: Class initialized using 'CodeIgniter\Session\Handlers\FileHandler' driver.
INFO - 2023-06-04 01:37:53 --> Cart Class Initialized
INFO - 2023-06-04 01:37:55 --> Session: Class initialized using 'CodeIgniter\Session\Handlers\FileHandler' driver.
INFO - 2023-06-04 01:37:55 --> Cart Class Initialized
INFO - 2023-06-04 01:38:53 --> Session: Class initialized using 'CodeIgniter\Session\Handlers\FileHandler' driver.
INFO - 2023-06-04 01:38:53 --> Cart Class Initialized
INFO - 2023-06-04 01:38:53 --> Session: Class initialized using 'CodeIgniter\Session\Handlers\FileHandler' driver.
INFO - 2023-06-04 01:38:54 --> Cart Class Initialized
INFO - 2023-06-04 01:38:56 --> Session: Class initialized using 'CodeIgniter\Session\Handlers\FileHandler' driver.
INFO - 2023-06-04 01:38:56 --> Session: Class initialized using 'CodeIgniter\Session\Handlers\FileHandler' driver.
INFO - 2023-06-04 01:38:56 --> Cart Class Initialized
INFO - 2023-06-04 01:38:58 --> Session: Class initialized using 'CodeIgniter\Session\Handlers\FileHandler' driver.
INFO - 2023-06-04 01:38:58 --> Cart Class Initialized
INFO - 2023-06-04 01:39:00 --> Session: Class initialized using 'CodeIgniter\Session\Handlers\FileHandler' driver.
WARNING - 2023-06-04 01:39:00 --> Session: Sessions is enabled, and one exists.Please don't $session->start();
INFO - 2023-06-04 01:39:00 --> Session: Class initialized using 'CodeIgniter\Session\Handlers\FileHandler' driver.
INFO - 2023-06-04 01:39:00 --> Cart Class Initialized
INFO - 2023-06-04 01:40:13 --> Session: Class initialized using 'CodeIgniter\Session\Handlers\FileHandler' driver.
INFO - 2023-06-04 01:40:13 --> Cart Class Initialized
INFO - 2023-06-04 01:40:16 --> Session: Class initialized using 'CodeIgniter\Session\Handlers\FileHandler' driver.
INFO - 2023-06-04 01:40:16 --> Cart Class Initialized
INFO - 2023-06-04 01:41:45 --> Session: Class initialized using 'CodeIgniter\Session\Handlers\FileHandler' driver.
CRITICAL - 2023-06-04 01:41:45 --> syntax error, unexpected token "endforeach", expecting "elseif" or "else" or "endif"
in APPPATH\Views\front\components\navbar.php on line 134.
 1 SYSTEMPATH\View\View.php(216): CodeIgniter\View\View->CodeIgniter\View\{closure}()
 2 SYSTEMPATH\Common.php(1184): CodeIgniter\View\View->render('front/components/navbar', [], true)
 3 APPPATH\Controllers\UserController.php(44): view('front/components/navbar')
 4 SYSTEMPATH\CodeIgniter.php(934): App\Controllers\UserController->myAccount()
 5 SYSTEMPATH\CodeIgniter.php(499): CodeIgniter\CodeIgniter->runController(Object(App\Controllers\UserController))
 6 SYSTEMPATH\CodeIgniter.php(368): CodeIgniter\CodeIgniter->handleRequest(null, Object(Config\Cache), false)
 7 FCPATH\index.php(67): CodeIgniter\CodeIgniter->run()
INFO - 2023-06-04 01:43:44 --> Session: Class initialized using 'CodeIgniter\Session\Handlers\FileHandler' driver.
INFO - 2023-06-04 01:43:44 --> Cart Class Initialized
INFO - 2023-06-04 01:44:49 --> Session: Class initialized using 'CodeIgniter\Session\Handlers\FileHandler' driver.
INFO - 2023-06-04 01:44:49 --> Cart Class Initialized
INFO - 2023-06-04 01:44:49 --> Session: Class initialized using 'CodeIgniter\Session\Handlers\FileHandler' driver.
INFO - 2023-06-04 01:44:49 --> Cart Class Initialized
INFO - 2023-06-04 01:45:30 --> Session: Class initialized using 'CodeIgniter\Session\Handlers\FileHandler' driver.
INFO - 2023-06-04 01:45:30 --> Cart Class Initialized
INFO - 2023-06-04 01:46:15 --> Session: Class initialized using 'CodeIgniter\Session\Handlers\FileHandler' driver.
INFO - 2023-06-04 01:46:15 --> Cart Class Initialized
INFO - 2023-06-04 01:46:25 --> Session: Class initialized using 'CodeIgniter\Session\Handlers\FileHandler' driver.
INFO - 2023-06-04 01:46:26 --> Cart Class Initialized
INFO - 2023-06-04 01:46:41 --> Session: Class initialized using 'CodeIgniter\Session\Handlers\FileHandler' driver.
INFO - 2023-06-04 01:46:41 --> Cart Class Initialized
INFO - 2023-06-04 01:46:41 --> Session: Class initialized using 'CodeIgniter\Session\Handlers\FileHandler' driver.
INFO - 2023-06-04 01:46:41 --> Cart Class Initialized
INFO - 2023-06-04 01:47:23 --> Session: Class initialized using 'CodeIgniter\Session\Handlers\FileHandler' driver.
INFO - 2023-06-04 01:47:23 --> Cart Class Initialized
INFO - 2023-06-04 01:47:56 --> Session: Class initialized using 'CodeIgniter\Session\Handlers\FileHandler' driver.
INFO - 2023-06-04 01:47:56 --> Cart Class Initialized
INFO - 2023-06-04 01:48:04 --> Session: Class initialized using 'CodeIgniter\Session\Handlers\FileHandler' driver.
INFO - 2023-06-04 01:48:04 --> Cart Class Initialized
INFO - 2023-06-04 01:48:08 --> Session: Class initialized using 'CodeIgniter\Session\Handlers\FileHandler' driver.
INFO - 2023-06-04 01:48:08 --> Cart Class Initialized
INFO - 2023-06-04 01:48:10 --> Session: Class initialized using 'CodeIgniter\Session\Handlers\FileHandler' driver.
INFO - 2023-06-04 01:48:10 --> Cart Class Initialized
INFO - 2023-06-04 01:48:10 --> Session: Class initialized using 'CodeIgniter\Session\Handlers\FileHandler' driver.
INFO - 2023-06-04 01:48:10 --> Cart Class Initialized
INFO - 2023-06-04 01:49:25 --> Session: Class initialized using 'CodeIgniter\Session\Handlers\FileHandler' driver.
INFO - 2023-06-04 01:49:25 --> Cart Class Initialized
INFO - 2023-06-04 01:49:36 --> Session: Class initialized using 'CodeIgniter\Session\Handlers\FileHandler' driver.
INFO - 2023-06-04 01:49:36 --> Cart Class Initialized
INFO - 2023-06-04 01:49:37 --> Session: Class initialized using 'CodeIgniter\Session\Handlers\FileHandler' driver.
INFO - 2023-06-04 01:49:37 --> Cart Class Initialized
INFO - 2023-06-04 01:49:40 --> Session: Class initialized using 'CodeIgniter\Session\Handlers\FileHandler' driver.
INFO - 2023-06-04 01:49:40 --> Cart Class Initialized
INFO - 2023-06-04 01:49:57 --> Session: Class initialized using 'CodeIgniter\Session\Handlers\FileHandler' driver.
INFO - 2023-06-04 01:49:57 --> Cart Class Initialized
INFO - 2023-06-04 01:50:10 --> Session: Class initialized using 'CodeIgniter\Session\Handlers\FileHandler' driver.
INFO - 2023-06-04 01:50:10 --> Cart Class Initialized
INFO - 2023-06-04 01:50:20 --> Session: Class initialized using 'CodeIgniter\Session\Handlers\FileHandler' driver.
INFO - 2023-06-04 01:50:20 --> Cart Class Initialized
INFO - 2023-06-04 01:50:44 --> Session: Class initialized using 'CodeIgniter\Session\Handlers\FileHandler' driver.
INFO - 2023-06-04 01:50:44 --> Cart Class Initialized
INFO - 2023-06-04 01:51:00 --> Session: Class initialized using 'CodeIgniter\Session\Handlers\FileHandler' driver.
INFO - 2023-06-04 01:51:00 --> Cart Class Initialized
INFO - 2023-06-04 01:51:12 --> Session: Class initialized using 'CodeIgniter\Session\Handlers\FileHandler' driver.
INFO - 2023-06-04 01:51:12 --> Cart Class Initialized
INFO - 2023-06-04 01:51:13 --> Session: Class initialized using 'CodeIgniter\Session\Handlers\FileHandler' driver.
INFO - 2023-06-04 01:51:13 --> Cart Class Initialized
INFO - 2023-06-04 01:51:36 --> Session: Class initialized using 'CodeIgniter\Session\Handlers\FileHandler' driver.
INFO - 2023-06-04 01:51:36 --> Cart Class Initialized
INFO - 2023-06-04 01:51:46 --> Session: Class initialized using 'CodeIgniter\Session\Handlers\FileHandler' driver.
INFO - 2023-06-04 01:51:46 --> Cart Class Initialized
INFO - 2023-06-04 01:51:47 --> Session: Class initialized using 'CodeIgniter\Session\Handlers\FileHandler' driver.
INFO - 2023-06-04 01:51:47 --> Cart Class Initialized
INFO - 2023-06-04 01:52:02 --> Session: Class initialized using 'CodeIgniter\Session\Handlers\FileHandler' driver.
INFO - 2023-06-04 01:52:02 --> Cart Class Initialized
INFO - 2023-06-04 01:52:03 --> Session: Class initialized using 'CodeIgniter\Session\Handlers\FileHandler' driver.
INFO - 2023-06-04 01:52:03 --> Cart Class Initialized
INFO - 2023-06-04 01:52:39 --> Session: Class initialized using 'CodeIgniter\Session\Handlers\FileHandler' driver.
INFO - 2023-06-04 01:52:39 --> Cart Class Initialized
INFO - 2023-06-04 01:52:41 --> Session: Class initialized using 'CodeIgniter\Session\Handlers\FileHandler' driver.
INFO - 2023-06-04 01:52:41 --> Cart Class Initialized
INFO - 2023-06-04 01:53:32 --> Session: Class initialized using 'CodeIgniter\Session\Handlers\FileHandler' driver.
INFO - 2023-06-04 01:53:32 --> Cart Class Initialized
INFO - 2023-06-04 01:53:42 --> Session: Class initialized using 'CodeIgniter\Session\Handlers\FileHandler' driver.
INFO - 2023-06-04 01:53:42 --> Cart Class Initialized
INFO - 2023-06-04 01:53:46 --> Session: Class initialized using 'CodeIgniter\Session\Handlers\FileHandler' driver.
INFO - 2023-06-04 01:53:46 --> Cart Class Initialized
INFO - 2023-06-04 01:53:46 --> Session: Class initialized using 'CodeIgniter\Session\Handlers\FileHandler' driver.
INFO - 2023-06-04 01:53:46 --> Cart Class Initialized
INFO - 2023-06-04 01:54:01 --> Session: Class initialized using 'CodeIgniter\Session\Handlers\FileHandler' driver.
INFO - 2023-06-04 01:54:01 --> Cart Class Initialized
INFO - 2023-06-04 01:54:07 --> Session: Class initialized using 'CodeIgniter\Session\Handlers\FileHandler' driver.
INFO - 2023-06-04 01:54:07 --> Cart Class Initialized
INFO - 2023-06-04 01:57:39 --> Session: Class initialized using 'CodeIgniter\Session\Handlers\FileHandler' driver.
INFO - 2023-06-04 01:57:39 --> Cart Class Initialized
INFO - 2023-06-04 01:57:54 --> Session: Class initialized using 'CodeIgniter\Session\Handlers\FileHandler' driver.
INFO - 2023-06-04 01:57:54 --> Cart Class Initialized
INFO - 2023-06-04 01:57:57 --> Session: Class initialized using 'CodeIgniter\Session\Handlers\FileHandler' driver.
INFO - 2023-06-04 01:57:57 --> Cart Class Initialized
INFO - 2023-06-04 01:58:22 --> Session: Class initialized using 'CodeIgniter\Session\Handlers\FileHandler' driver.
INFO - 2023-06-04 01:58:22 --> Cart Class Initialized
INFO - 2023-06-04 01:58:25 --> Session: Class initialized using 'CodeIgniter\Session\Handlers\FileHandler' driver.
INFO - 2023-06-04 01:58:25 --> Cart Class Initialized
INFO - 2023-06-04 01:58:25 --> Session: Class initialized using 'CodeIgniter\Session\Handlers\FileHandler' driver.
INFO - 2023-06-04 01:58:25 --> Cart Class Initialized
INFO - 2023-06-04 01:58:26 --> Session: Class initialized using 'CodeIgniter\Session\Handlers\FileHandler' driver.
INFO - 2023-06-04 01:58:26 --> Cart Class Initialized
INFO - 2023-06-04 01:58:29 --> Session: Class initialized using 'CodeIgniter\Session\Handlers\FileHandler' driver.
INFO - 2023-06-04 01:58:29 --> Cart Class Initialized
INFO - 2023-06-04 01:58:34 --> Session: Class initialized using 'CodeIgniter\Session\Handlers\FileHandler' driver.
INFO - 2023-06-04 01:58:34 --> Cart Class Initialized
INFO - 2023-06-04 01:59:41 --> Session: Class initialized using 'CodeIgniter\Session\Handlers\FileHandler' driver.
INFO - 2023-06-04 01:59:41 --> Cart Class Initialized
INFO - 2023-06-04 01:59:47 --> Session: Class initialized using 'CodeIgniter\Session\Handlers\FileHandler' driver.
INFO - 2023-06-04 01:59:47 --> Cart Class Initialized
INFO - 2023-06-04 01:59:48 --> Session: Class initialized using 'CodeIgniter\Session\Handlers\FileHandler' driver.
INFO - 2023-06-04 01:59:48 --> Cart Class Initialized
INFO - 2023-06-04 02:00:12 --> Session: Class initialized using 'CodeIgniter\Session\Handlers\FileHandler' driver.
INFO - 2023-06-04 02:00:12 --> Cart Class Initialized
INFO - 2023-06-04 02:00:18 --> Session: Class initialized using 'CodeIgniter\Session\Handlers\FileHandler' driver.
INFO - 2023-06-04 02:00:18 --> Cart Class Initialized
INFO - 2023-06-04 02:00:19 --> Session: Class initialized using 'CodeIgniter\Session\Handlers\FileHandler' driver.
INFO - 2023-06-04 02:00:19 --> Cart Class Initialized
INFO - 2023-06-04 02:00:53 --> Session: Class initialized using 'CodeIgniter\Session\Handlers\FileHandler' driver.
INFO - 2023-06-04 02:00:53 --> Cart Class Initialized
INFO - 2023-06-04 02:00:53 --> Session: Class initialized using 'CodeIgniter\Session\Handlers\FileHandler' driver.
INFO - 2023-06-04 02:00:53 --> Cart Class Initialized
INFO - 2023-06-04 02:00:53 --> Session: Class initialized using 'CodeIgniter\Session\Handlers\FileHandler' driver.
INFO - 2023-06-04 02:00:53 --> Cart Class Initialized
INFO - 2023-06-04 02:01:03 --> Session: Class initialized using 'CodeIgniter\Session\Handlers\FileHandler' driver.
INFO - 2023-06-04 02:01:03 --> Cart Class Initialized
INFO - 2023-06-04 02:01:03 --> Session: Class initialized using 'CodeIgniter\Session\Handlers\FileHandler' driver.
INFO - 2023-06-04 02:01:03 --> Cart Class Initialized
INFO - 2023-06-04 02:01:09 --> Session: Class initialized using 'CodeIgniter\Session\Handlers\FileHandler' driver.
INFO - 2023-06-04 02:01:09 --> Cart Class Initialized
INFO - 2023-06-04 02:01:13 --> Session: Class initialized using 'CodeIgniter\Session\Handlers\FileHandler' driver.
INFO - 2023-06-04 02:01:13 --> Cart Class Initialized
INFO - 2023-06-04 02:01:13 --> Session: Class initialized using 'CodeIgniter\Session\Handlers\FileHandler' driver.
INFO - 2023-06-04 02:01:13 --> Cart Class Initialized
INFO - 2023-06-04 02:01:21 --> Session: Class initialized using 'CodeIgniter\Session\Handlers\FileHandler' driver.
INFO - 2023-06-04 02:01:21 --> Cart Class Initialized
INFO - 2023-06-04 02:01:22 --> Session: Class initialized using 'CodeIgniter\Session\Handlers\FileHandler' driver.
INFO - 2023-06-04 02:01:22 --> Cart Class Initialized
INFO - 2023-06-04 02:01:40 --> Session: Class initialized using 'CodeIgniter\Session\Handlers\FileHandler' driver.
INFO - 2023-06-04 02:01:40 --> Cart Class Initialized
INFO - 2023-06-04 02:01:41 --> Session: Class initialized using 'CodeIgniter\Session\Handlers\FileHandler' driver.
INFO - 2023-06-04 02:01:41 --> Cart Class Initialized
INFO - 2023-06-04 02:01:53 --> Session: Class initialized using 'CodeIgniter\Session\Handlers\FileHandler' driver.
INFO - 2023-06-04 02:01:53 --> Cart Class Initialized
INFO - 2023-06-04 02:02:07 --> Session: Class initialized using 'CodeIgniter\Session\Handlers\FileHandler' driver.
INFO - 2023-06-04 02:02:07 --> Session: Class initialized using 'CodeIgniter\Session\Handlers\FileHandler' driver.
INFO - 2023-06-04 02:02:07 --> Cart Class Initialized
INFO - 2023-06-04 02:02:11 --> Session: Class initialized using 'CodeIgniter\Session\Handlers\FileHandler' driver.
INFO - 2023-06-04 02:02:11 --> Session: Class initialized using 'CodeIgniter\Session\Handlers\FileHandler' driver.
INFO - 2023-06-04 02:02:11 --> Cart Class Initialized
INFO - 2023-06-04 02:02:13 --> Session: Class initialized using 'CodeIgniter\Session\Handlers\FileHandler' driver.
INFO - 2023-06-04 02:02:13 --> Cart Class Initialized
INFO - 2023-06-04 02:02:20 --> Session: Class initialized using 'CodeIgniter\Session\Handlers\FileHandler' driver.
WARNING - 2023-06-04 02:02:20 --> Session: Sessions is enabled, and one exists.Please don't $session->start();
INFO - 2023-06-04 02:02:20 --> Session: Class initialized using 'CodeIgniter\Session\Handlers\FileHandler' driver.
INFO - 2023-06-04 02:02:23 --> Session: Class initialized using 'CodeIgniter\Session\Handlers\FileHandler' driver.
INFO - 2023-06-04 02:02:34 --> Session: Class initialized using 'CodeIgniter\Session\Handlers\FileHandler' driver.
INFO - 2023-06-04 02:02:34 --> Session: Class initialized using 'CodeIgniter\Session\Handlers\FileHandler' driver.
INFO - 2023-06-04 02:02:34 --> Cart Class Initialized
INFO - 2023-06-04 02:02:37 --> Session: Class initialized using 'CodeIgniter\Session\Handlers\FileHandler' driver.
INFO - 2023-06-04 02:02:38 --> Session: Class initialized using 'CodeIgniter\Session\Handlers\FileHandler' driver.
INFO - 2023-06-04 02:03:46 --> Session: Class initialized using 'CodeIgniter\Session\Handlers\FileHandler' driver.
INFO - 2023-06-04 02:03:54 --> Session: Class initialized using 'CodeIgniter\Session\Handlers\FileHandler' driver.
INFO - 2023-06-04 02:03:54 --> Session: Class initialized using 'CodeIgniter\Session\Handlers\FileHandler' driver.
INFO - 2023-06-04 02:03:56 --> Session: Class initialized using 'CodeIgniter\Session\Handlers\FileHandler' driver.
INFO - 2023-06-04 02:03:56 --> Cart Class Initialized
INFO - 2023-06-04 02:03:58 --> Session: Class initialized using 'CodeIgniter\Session\Handlers\FileHandler' driver.
INFO - 2023-06-04 02:03:58 --> Session: Class initialized using 'CodeIgniter\Session\Handlers\FileHandler' driver.
INFO - 2023-06-04 02:03:58 --> Cart Class Initialized
INFO - 2023-06-04 02:03:59 --> Session: Class initialized using 'CodeIgniter\Session\Handlers\FileHandler' driver.
INFO - 2023-06-04 02:03:59 --> Cart Class Initialized
INFO - 2023-06-04 02:04:01 --> Session: Class initialized using 'CodeIgniter\Session\Handlers\FileHandler' driver.
WARNING - 2023-06-04 02:04:01 --> Session: Sessions is enabled, and one exists.Please don't $session->start();
INFO - 2023-06-04 02:04:01 --> Session: Class initialized using 'CodeIgniter\Session\Handlers\FileHandler' driver.
INFO - 2023-06-04 02:04:01 --> Cart Class Initialized
INFO - 2023-06-04 02:04:03 --> Session: Class initialized using 'CodeIgniter\Session\Handlers\FileHandler' driver.
INFO - 2023-06-04 02:04:03 --> Cart Class Initialized
INFO - 2023-06-04 02:04:10 --> Session: Class initialized using 'CodeIgniter\Session\Handlers\FileHandler' driver.
INFO - 2023-06-04 02:04:10 --> Cart Class Initialized
INFO - 2023-06-04 02:04:24 --> Session: Class initialized using 'CodeIgniter\Session\Handlers\FileHandler' driver.
INFO - 2023-06-04 02:04:24 --> Cart Class Initialized
INFO - 2023-06-04 02:05:25 --> Session: Class initialized using 'CodeIgniter\Session\Handlers\FileHandler' driver.
INFO - 2023-06-04 02:05:25 --> Cart Class Initialized
INFO - 2023-06-04 02:06:15 --> Session: Class initialized using 'CodeIgniter\Session\Handlers\FileHandler' driver.
INFO - 2023-06-04 02:06:15 --> Cart Class Initialized
INFO - 2023-06-04 02:06:15 --> Session: Class initialized using 'CodeIgniter\Session\Handlers\FileHandler' driver.
INFO - 2023-06-04 02:06:15 --> Cart Class Initialized
INFO - 2023-06-04 02:07:42 --> Session: Class initialized using 'CodeIgniter\Session\Handlers\FileHandler' driver.
INFO - 2023-06-04 02:07:42 --> Cart Class Initialized
INFO - 2023-06-04 02:07:46 --> Session: Class initialized using 'CodeIgniter\Session\Handlers\FileHandler' driver.
INFO - 2023-06-04 02:07:46 --> Cart Class Initialized
INFO - 2023-06-04 02:07:49 --> Session: Class initialized using 'CodeIgniter\Session\Handlers\FileHandler' driver.
INFO - 2023-06-04 02:07:49 --> Cart Class Initialized
INFO - 2023-06-04 02:07:53 --> Session: Class initialized using 'CodeIgniter\Session\Handlers\FileHandler' driver.
INFO - 2023-06-04 02:07:53 --> Cart Class Initialized
INFO - 2023-06-04 02:07:55 --> Session: Class initialized using 'CodeIgniter\Session\Handlers\FileHandler' driver.
INFO - 2023-06-04 02:07:55 --> Cart Class Initialized
INFO - 2023-06-04 02:07:56 --> Session: Class initialized using 'CodeIgniter\Session\Handlers\FileHandler' driver.
INFO - 2023-06-04 02:07:56 --> Cart Class Initialized
INFO - 2023-06-04 02:08:01 --> Session: Class initialized using 'CodeIgniter\Session\Handlers\FileHandler' driver.
INFO - 2023-06-04 02:08:01 --> Cart Class Initialized
INFO - 2023-06-04 02:08:01 --> Session: Class initialized using 'CodeIgniter\Session\Handlers\FileHandler' driver.
INFO - 2023-06-04 02:08:01 --> Cart Class Initialized
INFO - 2023-06-04 02:08:06 --> Session: Class initialized using 'CodeIgniter\Session\Handlers\FileHandler' driver.
INFO - 2023-06-04 02:08:06 --> Cart Class Initialized
INFO - 2023-06-04 02:08:12 --> Session: Class initialized using 'CodeIgniter\Session\Handlers\FileHandler' driver.
INFO - 2023-06-04 02:08:12 --> Cart Class Initialized
INFO - 2023-06-04 02:08:12 --> Session: Class initialized using 'CodeIgniter\Session\Handlers\FileHandler' driver.
INFO - 2023-06-04 02:08:12 --> Cart Class Initialized
INFO - 2023-06-04 02:08:14 --> Session: Class initialized using 'CodeIgniter\Session\Handlers\FileHandler' driver.
INFO - 2023-06-04 02:08:14 --> Cart Class Initialized
INFO - 2023-06-04 02:08:44 --> Session: Class initialized using 'CodeIgniter\Session\Handlers\FileHandler' driver.
INFO - 2023-06-04 02:08:44 --> Session: Class initialized using 'CodeIgniter\Session\Handlers\FileHandler' driver.
INFO - 2023-06-04 02:08:44 --> Cart Class Initialized
INFO - 2023-06-04 13:18:01 --> Session: Class initialized using 'CodeIgniter\Session\Handlers\FileHandler' driver.
INFO - 2023-06-04 13:18:01 --> Cart Class Initialized
ERROR - 2023-06-04 13:18:22 --> Error connecting to the database: mysqli_sql_exception: No se puede establecer una conexin ya que el equipo de destino deneg expresamente dicha conexin in C:\xampp\htdocs\gauna_octavio\system\Database\MySQLi\Connection.php:173
Stack trace:
#0 C:\xampp\htdocs\gauna_octavio\system\Database\MySQLi\Connection.php(173): mysqli->real_connect('localhost', 'root', Object(SensitiveParameterValue), 'bd_gauna_octavi...', 3306, '', 0)
#1 C:\xampp\htdocs\gauna_octavio\system\Database\BaseConnection.php(391): CodeIgniter\Database\MySQLi\Connection->connect(false)
#2 C:\xampp\htdocs\gauna_octavio\system\Database\BaseConnection.php(573): CodeIgniter\Database\BaseConnection->initialize()
#3 C:\xampp\htdocs\gauna_octavio\system\Database\BaseBuilder.php(1616): CodeIgniter\Database\BaseConnection->query('SELECT *\nFROM `...', Array, false)
#4 C:\xampp\htdocs\gauna_octavio\system\Model.php(241): CodeIgniter\Database\BaseBuilder->get()
#5 C:\xampp\htdocs\gauna_octavio\system\BaseModel.php(618): CodeIgniter\Model->doFindAll(0, 0)
#6 C:\xampp\htdocs\gauna_octavio\app\Models\ShoeModel.php(40): CodeIgniter\BaseModel->findAll()
#7 C:\xampp\htdocs\gauna_octavio\app\Controllers\Main.php(58): App\Models\ShoeModel->get_shoes()
#8 C:\xampp\htdocs\gauna_octavio\system\CodeIgniter.php(934): App\Controllers\Main->products()
#9 C:\xampp\htdocs\gauna_octavio\system\CodeIgniter.php(499): CodeIgniter\CodeIgniter->runController(Object(App\Controllers\Main))
#10 C:\xampp\htdocs\gauna_octavio\system\CodeIgniter.php(368): CodeIgniter\CodeIgniter->handleRequest(NULL, Object(Config\Cache), false)
#11 C:\xampp\htdocs\gauna_octavio\index.php(67): CodeIgniter\CodeIgniter->run()
#12 {main}

Next CodeIgniter\Database\Exceptions\DatabaseException: No se puede establecer una conexin ya que el equipo de destino deneg expresamente dicha conexin in C:\xampp\htdocs\gauna_octavio\system\Database\MySQLi\Connection.php:218
Stack trace:
#0 C:\xampp\htdocs\gauna_octavio\system\Database\BaseConnection.php(391): CodeIgniter\Database\MySQLi\Connection->connect(false)
#1 C:\xampp\htdocs\gauna_octavio\system\Database\BaseConnection.php(573): CodeIgniter\Database\BaseConnection->initialize()
#2 C:\xampp\htdocs\gauna_octavio\system\Database\BaseBuilder.php(1616): CodeIgniter\Database\BaseConnection->query('SELECT *\nFROM `...', Array, false)
#3 C:\xampp\htdocs\gauna_octavio\system\Model.php(241): CodeIgniter\Database\BaseBuilder->get()
#4 C:\xampp\htdocs\gauna_octavio\system\BaseModel.php(618): CodeIgniter\Model->doFindAll(0, 0)
#5 C:\xampp\htdocs\gauna_octavio\app\Models\ShoeModel.php(40): CodeIgniter\BaseModel->findAll()
#6 C:\xampp\htdocs\gauna_octavio\app\Controllers\Main.php(58): App\Models\ShoeModel->get_shoes()
#7 C:\xampp\htdocs\gauna_octavio\system\CodeIgniter.php(934): App\Controllers\Main->products()
#8 C:\xampp\htdocs\gauna_octavio\system\CodeIgniter.php(499): CodeIgniter\CodeIgniter->runController(Object(App\Controllers\Main))
#9 C:\xampp\htdocs\gauna_octavio\system\CodeIgniter.php(368): CodeIgniter\CodeIgniter->handleRequest(NULL, Object(Config\Cache), false)
#10 C:\xampp\htdocs\gauna_octavio\index.php(67): CodeIgniter\CodeIgniter->run()
#11 {main}
CRITICAL - 2023-06-04 13:18:22 --> Unable to connect to the database.
Main connection [MySQLi]: No se puede establecer una conexin ya que el equipo de destino deneg expresamente dicha conexin
in SYSTEMPATH\Database\BaseConnection.php on line 427.
 1 SYSTEMPATH\Database\BaseConnection.php(573): CodeIgniter\Database\BaseConnection->initialize()
 2 SYSTEMPATH\Database\BaseBuilder.php(1616): CodeIgniter\Database\BaseConnection->query('SELECT *
FROM `shoes`
WHERE `isEnabled` = :isEnabled:
ORDER BY `createdAt` DESC', [...], false)
 3 SYSTEMPATH\Model.php(241): CodeIgniter\Database\BaseBuilder->get()
 4 SYSTEMPATH\BaseModel.php(618): CodeIgniter\Model->doFindAll(0, 0)
 5 APPPATH\Models\ShoeModel.php(40): CodeIgniter\BaseModel->findAll()
 6 APPPATH\Controllers\Main.php(58): App\Models\ShoeModel->get_shoes()
 7 SYSTEMPATH\CodeIgniter.php(934): App\Controllers\Main->products()
 8 SYSTEMPATH\CodeIgniter.php(499): CodeIgniter\CodeIgniter->runController(Object(App\Controllers\Main))
 9 SYSTEMPATH\CodeIgniter.php(368): CodeIgniter\CodeIgniter->handleRequest(null, Object(Config\Cache), false)
10 FCPATH\index.php(67): CodeIgniter\CodeIgniter->run()
INFO - 2023-06-04 13:18:36 --> Session: Class initialized using 'CodeIgniter\Session\Handlers\FileHandler' driver.
INFO - 2023-06-04 13:18:36 --> Cart Class Initialized
INFO - 2023-06-04 13:26:03 --> Session: Class initialized using 'CodeIgniter\Session\Handlers\FileHandler' driver.
INFO - 2023-06-04 13:26:03 --> Cart Class Initialized
INFO - 2023-06-04 14:06:06 --> Session: Class initialized using 'CodeIgniter\Session\Handlers\FileHandler' driver.
INFO - 2023-06-04 14:06:06 --> Cart Class Initialized
INFO - 2023-06-04 14:06:09 --> Session: Class initialized using 'CodeIgniter\Session\Handlers\FileHandler' driver.
INFO - 2023-06-04 14:06:09 --> Session: Class initialized using 'CodeIgniter\Session\Handlers\FileHandler' driver.
INFO - 2023-06-04 14:06:09 --> Cart Class Initialized
INFO - 2023-06-04 14:06:16 --> Session: Class initialized using 'CodeIgniter\Session\Handlers\FileHandler' driver.
WARNING - 2023-06-04 14:06:16 --> Session: Sessions is enabled, and one exists.Please don't $session->start();
INFO - 2023-06-04 14:06:16 --> Session: Class initialized using 'CodeIgniter\Session\Handlers\FileHandler' driver.
INFO - 2023-06-04 14:06:16 --> Cart Class Initialized
INFO - 2023-06-04 14:06:18 --> Session: Class initialized using 'CodeIgniter\Session\Handlers\FileHandler' driver.
INFO - 2023-06-04 14:06:18 --> Cart Class Initialized
INFO - 2023-06-04 14:06:20 --> Session: Class initialized using 'CodeIgniter\Session\Handlers\FileHandler' driver.
INFO - 2023-06-04 14:06:20 --> Cart Class Initialized
INFO - 2023-06-04 14:06:20 --> Session: Class initialized using 'CodeIgniter\Session\Handlers\FileHandler' driver.
INFO - 2023-06-04 14:06:20 --> Cart Class Initialized
INFO - 2023-06-04 14:07:27 --> Session: Class initialized using 'CodeIgniter\Session\Handlers\FileHandler' driver.
INFO - 2023-06-04 14:07:27 --> Cart Class Initialized
INFO - 2023-06-04 14:07:29 --> Session: Class initialized using 'CodeIgniter\Session\Handlers\FileHandler' driver.
INFO - 2023-06-04 14:07:29 --> Cart Class Initialized
INFO - 2023-06-04 14:07:29 --> Session: Class initialized using 'CodeIgniter\Session\Handlers\FileHandler' driver.
INFO - 2023-06-04 14:07:29 --> Cart Class Initialized
INFO - 2023-06-04 14:07:34 --> Session: Class initialized using 'CodeIgniter\Session\Handlers\FileHandler' driver.
INFO - 2023-06-04 14:07:34 --> Cart Class Initialized
INFO - 2023-06-04 14:08:02 --> Session: Class initialized using 'CodeIgniter\Session\Handlers\FileHandler' driver.
INFO - 2023-06-04 14:08:02 --> Cart Class Initialized
INFO - 2023-06-04 14:08:15 --> Session: Class initialized using 'CodeIgniter\Session\Handlers\FileHandler' driver.
INFO - 2023-06-04 14:08:15 --> Cart Class Initialized
INFO - 2023-06-04 14:08:19 --> Session: Class initialized using 'CodeIgniter\Session\Handlers\FileHandler' driver.
INFO - 2023-06-04 14:08:19 --> Cart Class Initialized
INFO - 2023-06-04 14:08:19 --> Session: Class initialized using 'CodeIgniter\Session\Handlers\FileHandler' driver.
INFO - 2023-06-04 14:08:19 --> Cart Class Initialized
INFO - 2023-06-04 14:08:21 --> Session: Class initialized using 'CodeIgniter\Session\Handlers\FileHandler' driver.
INFO - 2023-06-04 14:08:21 --> Cart Class Initialized
INFO - 2023-06-04 14:08:25 --> Session: Class initialized using 'CodeIgniter\Session\Handlers\FileHandler' driver.
INFO - 2023-06-04 14:08:25 --> Cart Class Initialized
INFO - 2023-06-04 14:08:26 --> Session: Class initialized using 'CodeIgniter\Session\Handlers\FileHandler' driver.
INFO - 2023-06-04 14:08:26 --> Cart Class Initialized
INFO - 2023-06-04 14:08:26 --> Session: Class initialized using 'CodeIgniter\Session\Handlers\FileHandler' driver.
INFO - 2023-06-04 14:08:26 --> Cart Class Initialized
INFO - 2023-06-04 14:08:27 --> Session: Class initialized using 'CodeIgniter\Session\Handlers\FileHandler' driver.
INFO - 2023-06-04 14:08:27 --> Cart Class Initialized
INFO - 2023-06-04 14:08:28 --> Session: Class initialized using 'CodeIgniter\Session\Handlers\FileHandler' driver.
INFO - 2023-06-04 14:08:28 --> Cart Class Initialized
INFO - 2023-06-04 14:08:32 --> Session: Class initialized using 'CodeIgniter\Session\Handlers\FileHandler' driver.
INFO - 2023-06-04 14:08:32 --> Cart Class Initialized
INFO - 2023-06-04 14:08:32 --> Session: Class initialized using 'CodeIgniter\Session\Handlers\FileHandler' driver.
INFO - 2023-06-04 14:08:32 --> Cart Class Initialized
INFO - 2023-06-04 14:08:34 --> Session: Class initialized using 'CodeIgniter\Session\Handlers\FileHandler' driver.
INFO - 2023-06-04 14:08:34 --> Cart Class Initialized
INFO - 2023-06-04 14:08:38 --> Session: Class initialized using 'CodeIgniter\Session\Handlers\FileHandler' driver.
INFO - 2023-06-04 14:08:38 --> Cart Class Initialized
INFO - 2023-06-04 14:08:38 --> Session: Class initialized using 'CodeIgniter\Session\Handlers\FileHandler' driver.
INFO - 2023-06-04 14:08:38 --> Cart Class Initialized
INFO - 2023-06-04 14:08:40 --> Session: Class initialized using 'CodeIgniter\Session\Handlers\FileHandler' driver.
INFO - 2023-06-04 14:08:40 --> Cart Class Initialized
INFO - 2023-06-04 14:08:41 --> Session: Class initialized using 'CodeIgniter\Session\Handlers\FileHandler' driver.
INFO - 2023-06-04 14:08:41 --> Cart Class Initialized
INFO - 2023-06-04 14:08:43 --> Session: Class initialized using 'CodeIgniter\Session\Handlers\FileHandler' driver.
INFO - 2023-06-04 14:08:43 --> Cart Class Initialized
INFO - 2023-06-04 14:08:46 --> Session: Class initialized using 'CodeIgniter\Session\Handlers\FileHandler' driver.
INFO - 2023-06-04 14:08:46 --> Cart Class Initialized
INFO - 2023-06-04 14:08:47 --> Session: Class initialized using 'CodeIgniter\Session\Handlers\FileHandler' driver.
INFO - 2023-06-04 14:08:47 --> Cart Class Initialized
INFO - 2023-06-04 14:08:48 --> Session: Class initialized using 'CodeIgniter\Session\Handlers\FileHandler' driver.
INFO - 2023-06-04 14:08:48 --> Cart Class Initialized
INFO - 2023-06-04 14:09:36 --> Session: Class initialized using 'CodeIgniter\Session\Handlers\FileHandler' driver.
INFO - 2023-06-04 14:09:36 --> Cart Class Initialized
INFO - 2023-06-04 14:09:38 --> Session: Class initialized using 'CodeIgniter\Session\Handlers\FileHandler' driver.
INFO - 2023-06-04 14:09:38 --> Cart Class Initialized
INFO - 2023-06-04 14:09:40 --> Session: Class initialized using 'CodeIgniter\Session\Handlers\FileHandler' driver.
INFO - 2023-06-04 14:09:40 --> Cart Class Initialized
INFO - 2023-06-04 14:09:42 --> Session: Class initialized using 'CodeIgniter\Session\Handlers\FileHandler' driver.
INFO - 2023-06-04 14:09:42 --> Cart Class Initialized
INFO - 2023-06-04 14:09:44 --> Session: Class initialized using 'CodeIgniter\Session\Handlers\FileHandler' driver.
INFO - 2023-06-04 14:09:44 --> Cart Class Initialized
INFO - 2023-06-04 14:09:45 --> Session: Class initialized using 'CodeIgniter\Session\Handlers\FileHandler' driver.
INFO - 2023-06-04 14:09:46 --> Cart Class Initialized
INFO - 2023-06-04 14:09:46 --> Session: Class initialized using 'CodeIgniter\Session\Handlers\FileHandler' driver.
INFO - 2023-06-04 14:09:46 --> Cart Class Initialized
INFO - 2023-06-04 14:09:48 --> Session: Class initialized using 'CodeIgniter\Session\Handlers\FileHandler' driver.
INFO - 2023-06-04 14:09:48 --> Cart Class Initialized
INFO - 2023-06-04 14:10:23 --> Session: Class initialized using 'CodeIgniter\Session\Handlers\FileHandler' driver.
INFO - 2023-06-04 14:10:23 --> Cart Class Initialized
INFO - 2023-06-04 14:10:34 --> Session: Class initialized using 'CodeIgniter\Session\Handlers\FileHandler' driver.
INFO - 2023-06-04 14:10:34 --> Cart Class Initialized
INFO - 2023-06-04 14:10:38 --> Session: Class initialized using 'CodeIgniter\Session\Handlers\FileHandler' driver.
INFO - 2023-06-04 14:10:38 --> Cart Class Initialized
INFO - 2023-06-04 14:10:38 --> Session: Class initialized using 'CodeIgniter\Session\Handlers\FileHandler' driver.
INFO - 2023-06-04 14:10:38 --> Cart Class Initialized
INFO - 2023-06-04 14:10:54 --> Session: Class initialized using 'CodeIgniter\Session\Handlers\FileHandler' driver.
INFO - 2023-06-04 14:10:54 --> Cart Class Initialized
INFO - 2023-06-04 14:10:57 --> Session: Class initialized using 'CodeIgniter\Session\Handlers\FileHandler' driver.
INFO - 2023-06-04 14:10:57 --> Cart Class Initialized
INFO - 2023-06-04 14:10:57 --> Session: Class initialized using 'CodeIgniter\Session\Handlers\FileHandler' driver.
INFO - 2023-06-04 14:10:57 --> Cart Class Initialized
INFO - 2023-06-04 14:11:01 --> Session: Class initialized using 'CodeIgniter\Session\Handlers\FileHandler' driver.
INFO - 2023-06-04 14:11:01 --> Cart Class Initialized
INFO - 2023-06-04 14:11:03 --> Session: Class initialized using 'CodeIgniter\Session\Handlers\FileHandler' driver.
INFO - 2023-06-04 14:11:03 --> Cart Class Initialized
INFO - 2023-06-04 14:11:03 --> Session: Class initialized using 'CodeIgniter\Session\Handlers\FileHandler' driver.
INFO - 2023-06-04 14:11:03 --> Cart Class Initialized
INFO - 2023-06-04 14:24:51 --> Session: Class initialized using 'CodeIgniter\Session\Handlers\FileHandler' driver.
INFO - 2023-06-04 14:24:51 --> Cart Class Initialized
INFO - 2023-06-04 14:24:52 --> Session: Class initialized using 'CodeIgniter\Session\Handlers\FileHandler' driver.
INFO - 2023-06-04 14:24:52 --> Cart Class Initialized
INFO - 2023-06-04 22:58:28 --> Session: Class initialized using 'CodeIgniter\Session\Handlers\FileHandler' driver.
INFO - 2023-06-04 22:58:28 --> Cart Class Initialized
