CRITICAL - 2023-04-14 11:53:59 --> syntax error, unexpected variable "$data"
in APPPATH\Controllers\Custom.php on line 40.
 1 SYSTEMPATH\Autoloader\Autoloader.php(289): CodeIgniter\Autoloader\Autoloader->includeFile('C:\\xampp\\htdocs\\gauna_octavio\\app\\Controllers\\Custom.php')
 2 SYSTEMPATH\Autoloader\Autoloader.php(267): CodeIgniter\Autoloader\Autoloader->loadInNamespace('App\\Controllers\\Custom')
 3 [internal function]: CodeIgniter\Autoloader\Autoloader->loadClass('App\\Controllers\\Custom')
 4 SYSTEMPATH\CodeIgniter.php(892): class_exists('\\App\\Controllers\\Custom', true)
 5 SYSTEMPATH\CodeIgniter.php(486): CodeIgniter\CodeIgniter->startController()
 6 SYSTEMPATH\CodeIgniter.php(368): CodeIgniter\CodeIgniter->handleRequest(null, Object(Config\Cache), false)
 7 FCPATH\index.php(67): CodeIgniter\CodeIgniter->run()
CRITICAL - 2023-04-14 18:24:29 --> Undefined variable: title
in APPPATH\Views\front\pages\HeaderPage.php on line 9.
 1 APPPATH\Views\front\pages\HeaderPage.php(9): CodeIgniter\Debug\Exceptions->errorHandler(8, 'Undefined variable: title', 'C:\\xampp\\htdocs\\gauna_octavio\\app\\Views\\front\\pages\\HeaderPage.php', 9, [])
 2 SYSTEMPATH\View\View.php(213): include('C:\\xampp\\htdocs\\gauna_octavio\\app\\Views\\front\\pages\\HeaderPage.php')
 3 SYSTEMPATH\View\View.php(216): CodeIgniter\View\View->CodeIgniter\View\{closure}()
 4 SYSTEMPATH\Common.php(1184): CodeIgniter\View\View->render('front/pages/HeaderPage', [], true)
 5 APPPATH\Controllers\Custom.php(25): view('front/pages/HeaderPage')
 6 SYSTEMPATH\CodeIgniter.php(934): App\Controllers\Custom->questions()
 7 SYSTEMPATH\CodeIgniter.php(499): CodeIgniter\CodeIgniter->runController(Object(App\Controllers\Custom))
 8 SYSTEMPATH\CodeIgniter.php(368): CodeIgniter\CodeIgniter->handleRequest(null, Object(Config\Cache), false)
 9 FCPATH\index.php(67): CodeIgniter\CodeIgniter->run()
CRITICAL - 2023-04-14 18:24:31 --> Undefined variable: title
in APPPATH\Views\front\pages\HeaderPage.php on line 9.
 1 APPPATH\Views\front\pages\HeaderPage.php(9): CodeIgniter\Debug\Exceptions->errorHandler(8, 'Undefined variable: title', 'C:\\xampp\\htdocs\\gauna_octavio\\app\\Views\\front\\pages\\HeaderPage.php', 9, [])
 2 SYSTEMPATH\View\View.php(213): include('C:\\xampp\\htdocs\\gauna_octavio\\app\\Views\\front\\pages\\HeaderPage.php')
 3 SYSTEMPATH\View\View.php(216): CodeIgniter\View\View->CodeIgniter\View\{closure}()
 4 SYSTEMPATH\Common.php(1184): CodeIgniter\View\View->render('front/pages/HeaderPage', [], true)
 5 APPPATH\Controllers\Custom.php(25): view('front/pages/HeaderPage')
 6 SYSTEMPATH\CodeIgniter.php(934): App\Controllers\Custom->questions()
 7 SYSTEMPATH\CodeIgniter.php(499): CodeIgniter\CodeIgniter->runController(Object(App\Controllers\Custom))
 8 SYSTEMPATH\CodeIgniter.php(368): CodeIgniter\CodeIgniter->handleRequest(null, Object(Config\Cache), false)
 9 FCPATH\index.php(67): CodeIgniter\CodeIgniter->run()
CRITICAL - 2023-04-14 18:25:52 --> syntax error, unexpected 'echo' (T_ECHO), expecting ';' or ','
in APPPATH\Controllers\Custom.php on line 47.
 1 SYSTEMPATH\Autoloader\Autoloader.php(289): CodeIgniter\Autoloader\Autoloader->includeFile('C:\\xampp\\htdocs\\gauna_octavio\\app\\Controllers\\Custom.php')
 2 SYSTEMPATH\Autoloader\Autoloader.php(267): CodeIgniter\Autoloader\Autoloader->loadInNamespace('App\\Controllers\\Custom')
 3 [internal function]: CodeIgniter\Autoloader\Autoloader->loadClass('App\\Controllers\\Custom')
 4 [internal function]: spl_autoload_call('App\\Controllers\\Custom')
 5 SYSTEMPATH\CodeIgniter.php(892): class_exists('\\App\\Controllers\\Custom', true)
 6 SYSTEMPATH\CodeIgniter.php(486): CodeIgniter\CodeIgniter->startController()
 7 SYSTEMPATH\CodeIgniter.php(368): CodeIgniter\CodeIgniter->handleRequest(null, Object(Config\Cache), false)
 8 FCPATH\index.php(67): CodeIgniter\CodeIgniter->run()
CRITICAL - 2023-04-14 18:25:52 --> syntax error, unexpected 'echo' (T_ECHO), expecting ';' or ','
in APPPATH\Controllers\Custom.php on line 47.
 1 SYSTEMPATH\Autoloader\Autoloader.php(289): CodeIgniter\Autoloader\Autoloader->includeFile('C:\\xampp\\htdocs\\gauna_octavio\\app\\Controllers\\Custom.php')
 2 SYSTEMPATH\Autoloader\Autoloader.php(267): CodeIgniter\Autoloader\Autoloader->loadInNamespace('App\\Controllers\\Custom')
 3 [internal function]: CodeIgniter\Autoloader\Autoloader->loadClass('App\\Controllers\\Custom')
 4 [internal function]: spl_autoload_call('App\\Controllers\\Custom')
 5 SYSTEMPATH\CodeIgniter.php(892): class_exists('\\App\\Controllers\\Custom', true)
 6 SYSTEMPATH\CodeIgniter.php(486): CodeIgniter\CodeIgniter->startController()
 7 SYSTEMPATH\CodeIgniter.php(368): CodeIgniter\CodeIgniter->handleRequest(null, Object(Config\Cache), false)
 8 FCPATH\index.php(67): CodeIgniter\CodeIgniter->run()
CRITICAL - 2023-04-14 18:26:05 --> Undefined variable: title
in APPPATH\Views\front\pages\HeaderPage.php on line 9.
 1 APPPATH\Views\front\pages\HeaderPage.php(9): CodeIgniter\Debug\Exceptions->errorHandler(8, 'Undefined variable: title', 'C:\\xampp\\htdocs\\gauna_octavio\\app\\Views\\front\\pages\\HeaderPage.php', 9, [])
 2 SYSTEMPATH\View\View.php(213): include('C:\\xampp\\htdocs\\gauna_octavio\\app\\Views\\front\\pages\\HeaderPage.php')
 3 SYSTEMPATH\View\View.php(216): CodeIgniter\View\View->CodeIgniter\View\{closure}()
 4 SYSTEMPATH\Common.php(1184): CodeIgniter\View\View->render('front/pages/HeaderPage', [], true)
 5 APPPATH\Controllers\Custom.php(25): view('front/pages/HeaderPage')
 6 SYSTEMPATH\CodeIgniter.php(934): App\Controllers\Custom->questions()
 7 SYSTEMPATH\CodeIgniter.php(499): CodeIgniter\CodeIgniter->runController(Object(App\Controllers\Custom))
 8 SYSTEMPATH\CodeIgniter.php(368): CodeIgniter\CodeIgniter->handleRequest(null, Object(Config\Cache), false)
 9 FCPATH\index.php(67): CodeIgniter\CodeIgniter->run()
CRITICAL - 2023-04-14 18:26:06 --> Undefined variable: title
in APPPATH\Views\front\pages\HeaderPage.php on line 9.
 1 APPPATH\Views\front\pages\HeaderPage.php(9): CodeIgniter\Debug\Exceptions->errorHandler(8, 'Undefined variable: title', 'C:\\xampp\\htdocs\\gauna_octavio\\app\\Views\\front\\pages\\HeaderPage.php', 9, [])
 2 SYSTEMPATH\View\View.php(213): include('C:\\xampp\\htdocs\\gauna_octavio\\app\\Views\\front\\pages\\HeaderPage.php')
 3 SYSTEMPATH\View\View.php(216): CodeIgniter\View\View->CodeIgniter\View\{closure}()
 4 SYSTEMPATH\Common.php(1184): CodeIgniter\View\View->render('front/pages/HeaderPage', [], true)
 5 APPPATH\Controllers\Custom.php(25): view('front/pages/HeaderPage')
 6 SYSTEMPATH\CodeIgniter.php(934): App\Controllers\Custom->questions()
 7 SYSTEMPATH\CodeIgniter.php(499): CodeIgniter\CodeIgniter->runController(Object(App\Controllers\Custom))
 8 SYSTEMPATH\CodeIgniter.php(368): CodeIgniter\CodeIgniter->handleRequest(null, Object(Config\Cache), false)
 9 FCPATH\index.php(67): CodeIgniter\CodeIgniter->run()
CRITICAL - 2023-04-14 18:26:06 --> Undefined variable: title
in APPPATH\Views\front\pages\HeaderPage.php on line 9.
 1 APPPATH\Views\front\pages\HeaderPage.php(9): CodeIgniter\Debug\Exceptions->errorHandler(8, 'Undefined variable: title', 'C:\\xampp\\htdocs\\gauna_octavio\\app\\Views\\front\\pages\\HeaderPage.php', 9, [])
 2 SYSTEMPATH\View\View.php(213): include('C:\\xampp\\htdocs\\gauna_octavio\\app\\Views\\front\\pages\\HeaderPage.php')
 3 SYSTEMPATH\View\View.php(216): CodeIgniter\View\View->CodeIgniter\View\{closure}()
 4 SYSTEMPATH\Common.php(1184): CodeIgniter\View\View->render('front/pages/HeaderPage', [], true)
 5 APPPATH\Controllers\Custom.php(25): view('front/pages/HeaderPage')
 6 SYSTEMPATH\CodeIgniter.php(934): App\Controllers\Custom->questions()
 7 SYSTEMPATH\CodeIgniter.php(499): CodeIgniter\CodeIgniter->runController(Object(App\Controllers\Custom))
 8 SYSTEMPATH\CodeIgniter.php(368): CodeIgniter\CodeIgniter->handleRequest(null, Object(Config\Cache), false)
 9 FCPATH\index.php(67): CodeIgniter\CodeIgniter->run()
CRITICAL - 2023-04-14 18:26:30 --> Undefined variable: title
in APPPATH\Views\front\pages\HeaderPage.php on line 9.
 1 APPPATH\Views\front\pages\HeaderPage.php(9): CodeIgniter\Debug\Exceptions->errorHandler(8, 'Undefined variable: title', 'C:\\xampp\\htdocs\\gauna_octavio\\app\\Views\\front\\pages\\HeaderPage.php', 9, [])
 2 SYSTEMPATH\View\View.php(213): include('C:\\xampp\\htdocs\\gauna_octavio\\app\\Views\\front\\pages\\HeaderPage.php')
 3 SYSTEMPATH\View\View.php(216): CodeIgniter\View\View->CodeIgniter\View\{closure}()
 4 SYSTEMPATH\Common.php(1184): CodeIgniter\View\View->render('front/pages/HeaderPage', [], true)
 5 APPPATH\Controllers\Custom.php(25): view('front/pages/HeaderPage')
 6 SYSTEMPATH\CodeIgniter.php(934): App\Controllers\Custom->questions()
 7 SYSTEMPATH\CodeIgniter.php(499): CodeIgniter\CodeIgniter->runController(Object(App\Controllers\Custom))
 8 SYSTEMPATH\CodeIgniter.php(368): CodeIgniter\CodeIgniter->handleRequest(null, Object(Config\Cache), false)
 9 FCPATH\index.php(67): CodeIgniter\CodeIgniter->run()
CRITICAL - 2023-04-14 18:26:31 --> Undefined variable: title
in APPPATH\Views\front\pages\HeaderPage.php on line 9.
 1 APPPATH\Views\front\pages\HeaderPage.php(9): CodeIgniter\Debug\Exceptions->errorHandler(8, 'Undefined variable: title', 'C:\\xampp\\htdocs\\gauna_octavio\\app\\Views\\front\\pages\\HeaderPage.php', 9, [])
 2 SYSTEMPATH\View\View.php(213): include('C:\\xampp\\htdocs\\gauna_octavio\\app\\Views\\front\\pages\\HeaderPage.php')
 3 SYSTEMPATH\View\View.php(216): CodeIgniter\View\View->CodeIgniter\View\{closure}()
 4 SYSTEMPATH\Common.php(1184): CodeIgniter\View\View->render('front/pages/HeaderPage', [], true)
 5 APPPATH\Controllers\Custom.php(25): view('front/pages/HeaderPage')
 6 SYSTEMPATH\CodeIgniter.php(934): App\Controllers\Custom->questions()
 7 SYSTEMPATH\CodeIgniter.php(499): CodeIgniter\CodeIgniter->runController(Object(App\Controllers\Custom))
 8 SYSTEMPATH\CodeIgniter.php(368): CodeIgniter\CodeIgniter->handleRequest(null, Object(Config\Cache), false)
 9 FCPATH\index.php(67): CodeIgniter\CodeIgniter->run()
CRITICAL - 2023-04-14 18:26:31 --> Undefined variable: title
in APPPATH\Views\front\pages\HeaderPage.php on line 9.
 1 APPPATH\Views\front\pages\HeaderPage.php(9): CodeIgniter\Debug\Exceptions->errorHandler(8, 'Undefined variable: title', 'C:\\xampp\\htdocs\\gauna_octavio\\app\\Views\\front\\pages\\HeaderPage.php', 9, [])
 2 SYSTEMPATH\View\View.php(213): include('C:\\xampp\\htdocs\\gauna_octavio\\app\\Views\\front\\pages\\HeaderPage.php')
 3 SYSTEMPATH\View\View.php(216): CodeIgniter\View\View->CodeIgniter\View\{closure}()
 4 SYSTEMPATH\Common.php(1184): CodeIgniter\View\View->render('front/pages/HeaderPage', [], true)
 5 APPPATH\Controllers\Custom.php(25): view('front/pages/HeaderPage')
 6 SYSTEMPATH\CodeIgniter.php(934): App\Controllers\Custom->questions()
 7 SYSTEMPATH\CodeIgniter.php(499): CodeIgniter\CodeIgniter->runController(Object(App\Controllers\Custom))
 8 SYSTEMPATH\CodeIgniter.php(368): CodeIgniter\CodeIgniter->handleRequest(null, Object(Config\Cache), false)
 9 FCPATH\index.php(67): CodeIgniter\CodeIgniter->run()
CRITICAL - 2023-04-14 18:26:31 --> Undefined variable: title
in APPPATH\Views\front\pages\HeaderPage.php on line 9.
 1 APPPATH\Views\front\pages\HeaderPage.php(9): CodeIgniter\Debug\Exceptions->errorHandler(8, 'Undefined variable: title', 'C:\\xampp\\htdocs\\gauna_octavio\\app\\Views\\front\\pages\\HeaderPage.php', 9, [])
 2 SYSTEMPATH\View\View.php(213): include('C:\\xampp\\htdocs\\gauna_octavio\\app\\Views\\front\\pages\\HeaderPage.php')
 3 SYSTEMPATH\View\View.php(216): CodeIgniter\View\View->CodeIgniter\View\{closure}()
 4 SYSTEMPATH\Common.php(1184): CodeIgniter\View\View->render('front/pages/HeaderPage', [], true)
 5 APPPATH\Controllers\Custom.php(25): view('front/pages/HeaderPage')
 6 SYSTEMPATH\CodeIgniter.php(934): App\Controllers\Custom->questions()
 7 SYSTEMPATH\CodeIgniter.php(499): CodeIgniter\CodeIgniter->runController(Object(App\Controllers\Custom))
 8 SYSTEMPATH\CodeIgniter.php(368): CodeIgniter\CodeIgniter->handleRequest(null, Object(Config\Cache), false)
 9 FCPATH\index.php(67): CodeIgniter\CodeIgniter->run()
CRITICAL - 2023-04-14 19:39:18 --> syntax error, unexpected 'if' (T_IF)
in APPPATH\Config\Routes.php on line 23.
 1 SYSTEMPATH\CodeIgniter.php(802): CodeIgniter\Router\RouteCollection->loadRoutes()
 2 SYSTEMPATH\CodeIgniter.php(449): CodeIgniter\CodeIgniter->tryToRouteIt(null)
 3 SYSTEMPATH\CodeIgniter.php(368): CodeIgniter\CodeIgniter->handleRequest(null, Object(Config\Cache), false)
 4 FCPATH\index.php(67): CodeIgniter\CodeIgniter->run()
CRITICAL - 2023-04-14 19:39:56 --> syntax error, unexpected 'if' (T_IF)
in APPPATH\Config\Routes.php on line 23.
 1 SYSTEMPATH\CodeIgniter.php(802): CodeIgniter\Router\RouteCollection->loadRoutes()
 2 SYSTEMPATH\CodeIgniter.php(449): CodeIgniter\CodeIgniter->tryToRouteIt(null)
 3 SYSTEMPATH\CodeIgniter.php(368): CodeIgniter\CodeIgniter->handleRequest(null, Object(Config\Cache), false)
 4 FCPATH\index.php(67): CodeIgniter\CodeIgniter->run()
CRITICAL - 2023-04-14 19:39:57 --> syntax error, unexpected 'if' (T_IF)
in APPPATH\Config\Routes.php on line 23.
 1 SYSTEMPATH\CodeIgniter.php(802): CodeIgniter\Router\RouteCollection->loadRoutes()
 2 SYSTEMPATH\CodeIgniter.php(449): CodeIgniter\CodeIgniter->tryToRouteIt(null)
 3 SYSTEMPATH\CodeIgniter.php(368): CodeIgniter\CodeIgniter->handleRequest(null, Object(Config\Cache), false)
 4 FCPATH\index.php(67): CodeIgniter\CodeIgniter->run()
CRITICAL - 2023-04-14 19:40:49 --> include(../../components/panelAdmin.php): failed to open stream: No such file or directory
in APPPATH\Views\front\pages\private\DashboardPage.php on line 4.
 1 APPPATH\Views\front\pages\private\DashboardPage.php(4): CodeIgniter\Debug\Exceptions->errorHandler(2, 'include(../../components/panelAdmin.php): failed to open stream: No such file or directory', 'C:\\xampp\\htdocs\\gauna_octavio\\app\\Views\\front\\pages\\private\\DashboardPage.php', 4, [])
 2 APPPATH\Views\front\pages\private\DashboardPage.php(4): include()
 3 SYSTEMPATH\View\View.php(213): include('C:\\xampp\\htdocs\\gauna_octavio\\app\\Views\\front\\pages\\private\\DashboardPage.php')
 4 SYSTEMPATH\View\View.php(216): CodeIgniter\View\View->CodeIgniter\View\{closure}()
 5 SYSTEMPATH\Common.php(1184): CodeIgniter\View\View->render('front/pages/private/DashboardPage', [], true)
 6 APPPATH\Controllers\Custom.php(62): view('front/pages/private/DashboardPage')
 7 SYSTEMPATH\CodeIgniter.php(934): App\Controllers\Custom->dashboardAdmin()
 8 SYSTEMPATH\CodeIgniter.php(499): CodeIgniter\CodeIgniter->runController(Object(App\Controllers\Custom))
 9 SYSTEMPATH\CodeIgniter.php(368): CodeIgniter\CodeIgniter->handleRequest(null, Object(Config\Cache), false)
10 FCPATH\index.php(67): CodeIgniter\CodeIgniter->run()
CRITICAL - 2023-04-14 19:41:26 --> include(../../components/panelAdmin): failed to open stream: No such file or directory
in APPPATH\Views\front\pages\private\DashboardPage.php on line 4.
 1 APPPATH\Views\front\pages\private\DashboardPage.php(4): CodeIgniter\Debug\Exceptions->errorHandler(2, 'include(../../components/panelAdmin): failed to open stream: No such file or directory', 'C:\\xampp\\htdocs\\gauna_octavio\\app\\Views\\front\\pages\\private\\DashboardPage.php', 4, [])
 2 APPPATH\Views\front\pages\private\DashboardPage.php(4): include()
 3 SYSTEMPATH\View\View.php(213): include('C:\\xampp\\htdocs\\gauna_octavio\\app\\Views\\front\\pages\\private\\DashboardPage.php')
 4 SYSTEMPATH\View\View.php(216): CodeIgniter\View\View->CodeIgniter\View\{closure}()
 5 SYSTEMPATH\Common.php(1184): CodeIgniter\View\View->render('front/pages/private/DashboardPage', [], true)
 6 APPPATH\Controllers\Custom.php(62): view('front/pages/private/DashboardPage')
 7 SYSTEMPATH\CodeIgniter.php(934): App\Controllers\Custom->dashboardAdmin()
 8 SYSTEMPATH\CodeIgniter.php(499): CodeIgniter\CodeIgniter->runController(Object(App\Controllers\Custom))
 9 SYSTEMPATH\CodeIgniter.php(368): CodeIgniter\CodeIgniter->handleRequest(null, Object(Config\Cache), false)
10 FCPATH\index.php(67): CodeIgniter\CodeIgniter->run()
CRITICAL - 2023-04-14 19:41:47 --> include(./panelAdmin): failed to open stream: No such file or directory
in APPPATH\Views\front\pages\private\DashboardPage.php on line 4.
 1 APPPATH\Views\front\pages\private\DashboardPage.php(4): CodeIgniter\Debug\Exceptions->errorHandler(2, 'include(./panelAdmin): failed to open stream: No such file or directory', 'C:\\xampp\\htdocs\\gauna_octavio\\app\\Views\\front\\pages\\private\\DashboardPage.php', 4, [])
 2 APPPATH\Views\front\pages\private\DashboardPage.php(4): include()
 3 SYSTEMPATH\View\View.php(213): include('C:\\xampp\\htdocs\\gauna_octavio\\app\\Views\\front\\pages\\private\\DashboardPage.php')
 4 SYSTEMPATH\View\View.php(216): CodeIgniter\View\View->CodeIgniter\View\{closure}()
 5 SYSTEMPATH\Common.php(1184): CodeIgniter\View\View->render('front/pages/private/DashboardPage', [], true)
 6 APPPATH\Controllers\Custom.php(62): view('front/pages/private/DashboardPage')
 7 SYSTEMPATH\CodeIgniter.php(934): App\Controllers\Custom->dashboardAdmin()
 8 SYSTEMPATH\CodeIgniter.php(499): CodeIgniter\CodeIgniter->runController(Object(App\Controllers\Custom))
 9 SYSTEMPATH\CodeIgniter.php(368): CodeIgniter\CodeIgniter->handleRequest(null, Object(Config\Cache), false)
10 FCPATH\index.php(67): CodeIgniter\CodeIgniter->run()
CRITICAL - 2023-04-14 19:41:55 --> include(./panelAdmin.php): failed to open stream: No such file or directory
in APPPATH\Views\front\pages\private\DashboardPage.php on line 4.
 1 APPPATH\Views\front\pages\private\DashboardPage.php(4): CodeIgniter\Debug\Exceptions->errorHandler(2, 'include(./panelAdmin.php): failed to open stream: No such file or directory', 'C:\\xampp\\htdocs\\gauna_octavio\\app\\Views\\front\\pages\\private\\DashboardPage.php', 4, [])
 2 APPPATH\Views\front\pages\private\DashboardPage.php(4): include()
 3 SYSTEMPATH\View\View.php(213): include('C:\\xampp\\htdocs\\gauna_octavio\\app\\Views\\front\\pages\\private\\DashboardPage.php')
 4 SYSTEMPATH\View\View.php(216): CodeIgniter\View\View->CodeIgniter\View\{closure}()
 5 SYSTEMPATH\Common.php(1184): CodeIgniter\View\View->render('front/pages/private/DashboardPage', [], true)
 6 APPPATH\Controllers\Custom.php(62): view('front/pages/private/DashboardPage')
 7 SYSTEMPATH\CodeIgniter.php(934): App\Controllers\Custom->dashboardAdmin()
 8 SYSTEMPATH\CodeIgniter.php(499): CodeIgniter\CodeIgniter->runController(Object(App\Controllers\Custom))
 9 SYSTEMPATH\CodeIgniter.php(368): CodeIgniter\CodeIgniter->handleRequest(null, Object(Config\Cache), false)
10 FCPATH\index.php(67): CodeIgniter\CodeIgniter->run()
CRITICAL - 2023-04-14 19:41:55 --> include(./panelAdmin.php): failed to open stream: No such file or directory
in APPPATH\Views\front\pages\private\DashboardPage.php on line 4.
 1 APPPATH\Views\front\pages\private\DashboardPage.php(4): CodeIgniter\Debug\Exceptions->errorHandler(2, 'include(./panelAdmin.php): failed to open stream: No such file or directory', 'C:\\xampp\\htdocs\\gauna_octavio\\app\\Views\\front\\pages\\private\\DashboardPage.php', 4, [])
 2 APPPATH\Views\front\pages\private\DashboardPage.php(4): include()
 3 SYSTEMPATH\View\View.php(213): include('C:\\xampp\\htdocs\\gauna_octavio\\app\\Views\\front\\pages\\private\\DashboardPage.php')
 4 SYSTEMPATH\View\View.php(216): CodeIgniter\View\View->CodeIgniter\View\{closure}()
 5 SYSTEMPATH\Common.php(1184): CodeIgniter\View\View->render('front/pages/private/DashboardPage', [], true)
 6 APPPATH\Controllers\Custom.php(62): view('front/pages/private/DashboardPage')
 7 SYSTEMPATH\CodeIgniter.php(934): App\Controllers\Custom->dashboardAdmin()
 8 SYSTEMPATH\CodeIgniter.php(499): CodeIgniter\CodeIgniter->runController(Object(App\Controllers\Custom))
 9 SYSTEMPATH\CodeIgniter.php(368): CodeIgniter\CodeIgniter->handleRequest(null, Object(Config\Cache), false)
10 FCPATH\index.php(67): CodeIgniter\CodeIgniter->run()
CRITICAL - 2023-04-14 19:41:55 --> include(./panelAdmin.php): failed to open stream: No such file or directory
in APPPATH\Views\front\pages\private\DashboardPage.php on line 4.
 1 APPPATH\Views\front\pages\private\DashboardPage.php(4): CodeIgniter\Debug\Exceptions->errorHandler(2, 'include(./panelAdmin.php): failed to open stream: No such file or directory', 'C:\\xampp\\htdocs\\gauna_octavio\\app\\Views\\front\\pages\\private\\DashboardPage.php', 4, [])
 2 APPPATH\Views\front\pages\private\DashboardPage.php(4): include()
 3 SYSTEMPATH\View\View.php(213): include('C:\\xampp\\htdocs\\gauna_octavio\\app\\Views\\front\\pages\\private\\DashboardPage.php')
 4 SYSTEMPATH\View\View.php(216): CodeIgniter\View\View->CodeIgniter\View\{closure}()
 5 SYSTEMPATH\Common.php(1184): CodeIgniter\View\View->render('front/pages/private/DashboardPage', [], true)
 6 APPPATH\Controllers\Custom.php(62): view('front/pages/private/DashboardPage')
 7 SYSTEMPATH\CodeIgniter.php(934): App\Controllers\Custom->dashboardAdmin()
 8 SYSTEMPATH\CodeIgniter.php(499): CodeIgniter\CodeIgniter->runController(Object(App\Controllers\Custom))
 9 SYSTEMPATH\CodeIgniter.php(368): CodeIgniter\CodeIgniter->handleRequest(null, Object(Config\Cache), false)
10 FCPATH\index.php(67): CodeIgniter\CodeIgniter->run()
CRITICAL - 2023-04-14 19:41:56 --> include(./panelAdmin.php): failed to open stream: No such file or directory
in APPPATH\Views\front\pages\private\DashboardPage.php on line 4.
 1 APPPATH\Views\front\pages\private\DashboardPage.php(4): CodeIgniter\Debug\Exceptions->errorHandler(2, 'include(./panelAdmin.php): failed to open stream: No such file or directory', 'C:\\xampp\\htdocs\\gauna_octavio\\app\\Views\\front\\pages\\private\\DashboardPage.php', 4, [])
 2 APPPATH\Views\front\pages\private\DashboardPage.php(4): include()
 3 SYSTEMPATH\View\View.php(213): include('C:\\xampp\\htdocs\\gauna_octavio\\app\\Views\\front\\pages\\private\\DashboardPage.php')
 4 SYSTEMPATH\View\View.php(216): CodeIgniter\View\View->CodeIgniter\View\{closure}()
 5 SYSTEMPATH\Common.php(1184): CodeIgniter\View\View->render('front/pages/private/DashboardPage', [], true)
 6 APPPATH\Controllers\Custom.php(62): view('front/pages/private/DashboardPage')
 7 SYSTEMPATH\CodeIgniter.php(934): App\Controllers\Custom->dashboardAdmin()
 8 SYSTEMPATH\CodeIgniter.php(499): CodeIgniter\CodeIgniter->runController(Object(App\Controllers\Custom))
 9 SYSTEMPATH\CodeIgniter.php(368): CodeIgniter\CodeIgniter->handleRequest(null, Object(Config\Cache), false)
10 FCPATH\index.php(67): CodeIgniter\CodeIgniter->run()
CRITICAL - 2023-04-14 19:44:02 --> include(./panelAdmin.php): failed to open stream: No such file or directory
in APPPATH\Views\front\pages\private\DashboardPage.php on line 4.
 1 APPPATH\Views\front\pages\private\DashboardPage.php(4): CodeIgniter\Debug\Exceptions->errorHandler(2, 'include(./panelAdmin.php): failed to open stream: No such file or directory', 'C:\\xampp\\htdocs\\gauna_octavio\\app\\Views\\front\\pages\\private\\DashboardPage.php', 4, [])
 2 APPPATH\Views\front\pages\private\DashboardPage.php(4): include()
 3 SYSTEMPATH\View\View.php(213): include('C:\\xampp\\htdocs\\gauna_octavio\\app\\Views\\front\\pages\\private\\DashboardPage.php')
 4 SYSTEMPATH\View\View.php(216): CodeIgniter\View\View->CodeIgniter\View\{closure}()
 5 SYSTEMPATH\Common.php(1184): CodeIgniter\View\View->render('front/pages/private/DashboardPage', [], true)
 6 APPPATH\Controllers\Custom.php(62): view('front/pages/private/DashboardPage')
 7 SYSTEMPATH\CodeIgniter.php(934): App\Controllers\Custom->dashboardAdmin()
 8 SYSTEMPATH\CodeIgniter.php(499): CodeIgniter\CodeIgniter->runController(Object(App\Controllers\Custom))
 9 SYSTEMPATH\CodeIgniter.php(368): CodeIgniter\CodeIgniter->handleRequest(null, Object(Config\Cache), false)
10 FCPATH\index.php(67): CodeIgniter\CodeIgniter->run()
CRITICAL - 2023-04-14 19:44:03 --> include(./panelAdmin.php): failed to open stream: No such file or directory
in APPPATH\Views\front\pages\private\DashboardPage.php on line 4.
 1 APPPATH\Views\front\pages\private\DashboardPage.php(4): CodeIgniter\Debug\Exceptions->errorHandler(2, 'include(./panelAdmin.php): failed to open stream: No such file or directory', 'C:\\xampp\\htdocs\\gauna_octavio\\app\\Views\\front\\pages\\private\\DashboardPage.php', 4, [])
 2 APPPATH\Views\front\pages\private\DashboardPage.php(4): include()
 3 SYSTEMPATH\View\View.php(213): include('C:\\xampp\\htdocs\\gauna_octavio\\app\\Views\\front\\pages\\private\\DashboardPage.php')
 4 SYSTEMPATH\View\View.php(216): CodeIgniter\View\View->CodeIgniter\View\{closure}()
 5 SYSTEMPATH\Common.php(1184): CodeIgniter\View\View->render('front/pages/private/DashboardPage', [], true)
 6 APPPATH\Controllers\Custom.php(62): view('front/pages/private/DashboardPage')
 7 SYSTEMPATH\CodeIgniter.php(934): App\Controllers\Custom->dashboardAdmin()
 8 SYSTEMPATH\CodeIgniter.php(499): CodeIgniter\CodeIgniter->runController(Object(App\Controllers\Custom))
 9 SYSTEMPATH\CodeIgniter.php(368): CodeIgniter\CodeIgniter->handleRequest(null, Object(Config\Cache), false)
10 FCPATH\index.php(67): CodeIgniter\CodeIgniter->run()
