CRITICAL - 2023-04-15 12:10:20 --> Class "App\Controllers\Shoe" not found
in APPPATH\Controllers\Custom.php on line 33.
 1 SYSTEMPATH\CodeIgniter.php(934): App\Controllers\Custom->product()
 2 SYSTEMPATH\CodeIgniter.php(499): CodeIgniter\CodeIgniter->runController(Object(App\Controllers\Custom))
 3 SYSTEMPATH\CodeIgniter.php(368): CodeIgniter\CodeIgniter->handleRequest(null, Object(Config\Cache), false)
 4 FCPATH\index.php(67): CodeIgniter\CodeIgniter->run()
CRITICAL - 2023-04-15 12:11:50 --> syntax error, unexpected token "."
in APPPATH\Controllers\Custom.php on line 35.
 1 SYSTEMPATH\Autoloader\Autoloader.php(289): CodeIgniter\Autoloader\Autoloader->includeFile('C:\\xampp\\htdocs\\gauna_octavio\\app\\Controllers\\Custom.php')
 2 SYSTEMPATH\Autoloader\Autoloader.php(267): CodeIgniter\Autoloader\Autoloader->loadInNamespace('App\\Controllers\\Custom')
 3 [internal function]: CodeIgniter\Autoloader\Autoloader->loadClass('App\\Controllers\\Custom')
 4 SYSTEMPATH\CodeIgniter.php(892): class_exists('\\App\\Controllers\\Custom', true)
 5 SYSTEMPATH\CodeIgniter.php(486): CodeIgniter\CodeIgniter->startController()
 6 SYSTEMPATH\CodeIgniter.php(368): CodeIgniter\CodeIgniter->handleRequest(null, Object(Config\Cache), false)
 7 FCPATH\index.php(67): CodeIgniter\CodeIgniter->run()
CRITICAL - 2023-04-15 12:11:51 --> syntax error, unexpected token "."
in APPPATH\Controllers\Custom.php on line 35.
 1 SYSTEMPATH\Autoloader\Autoloader.php(289): CodeIgniter\Autoloader\Autoloader->includeFile('C:\\xampp\\htdocs\\gauna_octavio\\app\\Controllers\\Custom.php')
 2 SYSTEMPATH\Autoloader\Autoloader.php(267): CodeIgniter\Autoloader\Autoloader->loadInNamespace('App\\Controllers\\Custom')
 3 [internal function]: CodeIgniter\Autoloader\Autoloader->loadClass('App\\Controllers\\Custom')
 4 SYSTEMPATH\CodeIgniter.php(892): class_exists('\\App\\Controllers\\Custom', true)
 5 SYSTEMPATH\CodeIgniter.php(486): CodeIgniter\CodeIgniter->startController()
 6 SYSTEMPATH\CodeIgniter.php(368): CodeIgniter\CodeIgniter->handleRequest(null, Object(Config\Cache), false)
 7 FCPATH\index.php(67): CodeIgniter\CodeIgniter->run()
CRITICAL - 2023-04-15 12:12:21 --> syntax error, unexpected token "."
in APPPATH\Controllers\Custom.php on line 35.
 1 SYSTEMPATH\Autoloader\Autoloader.php(289): CodeIgniter\Autoloader\Autoloader->includeFile('C:\\xampp\\htdocs\\gauna_octavio\\app\\Controllers\\Custom.php')
 2 SYSTEMPATH\Autoloader\Autoloader.php(267): CodeIgniter\Autoloader\Autoloader->loadInNamespace('App\\Controllers\\Custom')
 3 [internal function]: CodeIgniter\Autoloader\Autoloader->loadClass('App\\Controllers\\Custom')
 4 SYSTEMPATH\CodeIgniter.php(892): class_exists('\\App\\Controllers\\Custom', true)
 5 SYSTEMPATH\CodeIgniter.php(486): CodeIgniter\CodeIgniter->startController()
 6 SYSTEMPATH\CodeIgniter.php(368): CodeIgniter\CodeIgniter->handleRequest(null, Object(Config\Cache), false)
 7 FCPATH\index.php(67): CodeIgniter\CodeIgniter->run()
CRITICAL - 2023-04-15 12:12:22 --> syntax error, unexpected token "."
in APPPATH\Controllers\Custom.php on line 35.
 1 SYSTEMPATH\Autoloader\Autoloader.php(289): CodeIgniter\Autoloader\Autoloader->includeFile('C:\\xampp\\htdocs\\gauna_octavio\\app\\Controllers\\Custom.php')
 2 SYSTEMPATH\Autoloader\Autoloader.php(267): CodeIgniter\Autoloader\Autoloader->loadInNamespace('App\\Controllers\\Custom')
 3 [internal function]: CodeIgniter\Autoloader\Autoloader->loadClass('App\\Controllers\\Custom')
 4 SYSTEMPATH\CodeIgniter.php(892): class_exists('\\App\\Controllers\\Custom', true)
 5 SYSTEMPATH\CodeIgniter.php(486): CodeIgniter\CodeIgniter->startController()
 6 SYSTEMPATH\CodeIgniter.php(368): CodeIgniter\CodeIgniter->handleRequest(null, Object(Config\Cache), false)
 7 FCPATH\index.php(67): CodeIgniter\CodeIgniter->run()
CRITICAL - 2023-04-15 12:12:22 --> syntax error, unexpected token "."
in APPPATH\Controllers\Custom.php on line 35.
 1 SYSTEMPATH\Autoloader\Autoloader.php(289): CodeIgniter\Autoloader\Autoloader->includeFile('C:\\xampp\\htdocs\\gauna_octavio\\app\\Controllers\\Custom.php')
 2 SYSTEMPATH\Autoloader\Autoloader.php(267): CodeIgniter\Autoloader\Autoloader->loadInNamespace('App\\Controllers\\Custom')
 3 [internal function]: CodeIgniter\Autoloader\Autoloader->loadClass('App\\Controllers\\Custom')
 4 SYSTEMPATH\CodeIgniter.php(892): class_exists('\\App\\Controllers\\Custom', true)
 5 SYSTEMPATH\CodeIgniter.php(486): CodeIgniter\CodeIgniter->startController()
 6 SYSTEMPATH\CodeIgniter.php(368): CodeIgniter\CodeIgniter->handleRequest(null, Object(Config\Cache), false)
 7 FCPATH\index.php(67): CodeIgniter\CodeIgniter->run()
CRITICAL - 2023-04-15 12:12:22 --> syntax error, unexpected token "."
in APPPATH\Controllers\Custom.php on line 35.
 1 SYSTEMPATH\Autoloader\Autoloader.php(289): CodeIgniter\Autoloader\Autoloader->includeFile('C:\\xampp\\htdocs\\gauna_octavio\\app\\Controllers\\Custom.php')
 2 SYSTEMPATH\Autoloader\Autoloader.php(267): CodeIgniter\Autoloader\Autoloader->loadInNamespace('App\\Controllers\\Custom')
 3 [internal function]: CodeIgniter\Autoloader\Autoloader->loadClass('App\\Controllers\\Custom')
 4 SYSTEMPATH\CodeIgniter.php(892): class_exists('\\App\\Controllers\\Custom', true)
 5 SYSTEMPATH\CodeIgniter.php(486): CodeIgniter\CodeIgniter->startController()
 6 SYSTEMPATH\CodeIgniter.php(368): CodeIgniter\CodeIgniter->handleRequest(null, Object(Config\Cache), false)
 7 FCPATH\index.php(67): CodeIgniter\CodeIgniter->run()
CRITICAL - 2023-04-15 12:12:39 --> Class "App\Controllers\Shoe" not found
in APPPATH\Controllers\Custom.php on line 33.
 1 SYSTEMPATH\CodeIgniter.php(934): App\Controllers\Custom->product()
 2 SYSTEMPATH\CodeIgniter.php(499): CodeIgniter\CodeIgniter->runController(Object(App\Controllers\Custom))
 3 SYSTEMPATH\CodeIgniter.php(368): CodeIgniter\CodeIgniter->handleRequest(null, Object(Config\Cache), false)
 4 FCPATH\index.php(67): CodeIgniter\CodeIgniter->run()
CRITICAL - 2023-04-15 12:12:40 --> Class "App\Controllers\Shoe" not found
in APPPATH\Controllers\Custom.php on line 33.
 1 SYSTEMPATH\CodeIgniter.php(934): App\Controllers\Custom->product()
 2 SYSTEMPATH\CodeIgniter.php(499): CodeIgniter\CodeIgniter->runController(Object(App\Controllers\Custom))
 3 SYSTEMPATH\CodeIgniter.php(368): CodeIgniter\CodeIgniter->handleRequest(null, Object(Config\Cache), false)
 4 FCPATH\index.php(67): CodeIgniter\CodeIgniter->run()
CRITICAL - 2023-04-15 12:12:40 --> Class "App\Controllers\Shoe" not found
in APPPATH\Controllers\Custom.php on line 33.
 1 SYSTEMPATH\CodeIgniter.php(934): App\Controllers\Custom->product()
 2 SYSTEMPATH\CodeIgniter.php(499): CodeIgniter\CodeIgniter->runController(Object(App\Controllers\Custom))
 3 SYSTEMPATH\CodeIgniter.php(368): CodeIgniter\CodeIgniter->handleRequest(null, Object(Config\Cache), false)
 4 FCPATH\index.php(67): CodeIgniter\CodeIgniter->run()
CRITICAL - 2023-04-15 12:12:40 --> Class "App\Controllers\Shoe" not found
in APPPATH\Controllers\Custom.php on line 33.
 1 SYSTEMPATH\CodeIgniter.php(934): App\Controllers\Custom->product()
 2 SYSTEMPATH\CodeIgniter.php(499): CodeIgniter\CodeIgniter->runController(Object(App\Controllers\Custom))
 3 SYSTEMPATH\CodeIgniter.php(368): CodeIgniter\CodeIgniter->handleRequest(null, Object(Config\Cache), false)
 4 FCPATH\index.php(67): CodeIgniter\CodeIgniter->run()
CRITICAL - 2023-04-15 12:12:58 --> Class "App\Models\BaseController" not found
in APPPATH\Controllers\Custom.php on line 6.
 1 SYSTEMPATH\Autoloader\Autoloader.php(312): include_once()
 2 SYSTEMPATH\Autoloader\Autoloader.php(289): CodeIgniter\Autoloader\Autoloader->includeFile('C:\\xampp\\htdocs\\gauna_octavio\\app\\Controllers\\Custom.php')
 3 SYSTEMPATH\Autoloader\Autoloader.php(267): CodeIgniter\Autoloader\Autoloader->loadInNamespace('App\\Controllers\\Custom')
 4 [internal function]: CodeIgniter\Autoloader\Autoloader->loadClass('App\\Controllers\\Custom')
 5 SYSTEMPATH\CodeIgniter.php(892): class_exists('\\App\\Controllers\\Custom', true)
 6 SYSTEMPATH\CodeIgniter.php(486): CodeIgniter\CodeIgniter->startController()
 7 SYSTEMPATH\CodeIgniter.php(368): CodeIgniter\CodeIgniter->handleRequest(null, Object(Config\Cache), false)
 8 FCPATH\index.php(67): CodeIgniter\CodeIgniter->run()
CRITICAL - 2023-04-15 12:12:59 --> Class "App\Models\BaseController" not found
in APPPATH\Controllers\Custom.php on line 6.
 1 SYSTEMPATH\Autoloader\Autoloader.php(312): include_once()
 2 SYSTEMPATH\Autoloader\Autoloader.php(289): CodeIgniter\Autoloader\Autoloader->includeFile('C:\\xampp\\htdocs\\gauna_octavio\\app\\Controllers\\Custom.php')
 3 SYSTEMPATH\Autoloader\Autoloader.php(267): CodeIgniter\Autoloader\Autoloader->loadInNamespace('App\\Controllers\\Custom')
 4 [internal function]: CodeIgniter\Autoloader\Autoloader->loadClass('App\\Controllers\\Custom')
 5 SYSTEMPATH\CodeIgniter.php(892): class_exists('\\App\\Controllers\\Custom', true)
 6 SYSTEMPATH\CodeIgniter.php(486): CodeIgniter\CodeIgniter->startController()
 7 SYSTEMPATH\CodeIgniter.php(368): CodeIgniter\CodeIgniter->handleRequest(null, Object(Config\Cache), false)
 8 FCPATH\index.php(67): CodeIgniter\CodeIgniter->run()
CRITICAL - 2023-04-15 12:13:00 --> Class "App\Models\BaseController" not found
in APPPATH\Controllers\Custom.php on line 6.
 1 SYSTEMPATH\Autoloader\Autoloader.php(312): include_once()
 2 SYSTEMPATH\Autoloader\Autoloader.php(289): CodeIgniter\Autoloader\Autoloader->includeFile('C:\\xampp\\htdocs\\gauna_octavio\\app\\Controllers\\Custom.php')
 3 SYSTEMPATH\Autoloader\Autoloader.php(267): CodeIgniter\Autoloader\Autoloader->loadInNamespace('App\\Controllers\\Custom')
 4 [internal function]: CodeIgniter\Autoloader\Autoloader->loadClass('App\\Controllers\\Custom')
 5 SYSTEMPATH\CodeIgniter.php(892): class_exists('\\App\\Controllers\\Custom', true)
 6 SYSTEMPATH\CodeIgniter.php(486): CodeIgniter\CodeIgniter->startController()
 7 SYSTEMPATH\CodeIgniter.php(368): CodeIgniter\CodeIgniter->handleRequest(null, Object(Config\Cache), false)
 8 FCPATH\index.php(67): CodeIgniter\CodeIgniter->run()
CRITICAL - 2023-04-15 12:13:39 --> Namespace declaration statement has to be the very first statement or after any declare call in the script
in APPPATH\Controllers\Custom.php on line 23.
 1 [internal function]: CodeIgniter\Debug\Exceptions->shutdownHandler()
CRITICAL - 2023-04-15 12:15:02 --> Too few arguments to function App\Controllers\Shoe::__construct(), 0 passed in C:\xampp\htdocs\gauna_octavio\app\Controllers\Custom.php on line 33 and exactly 4 expected
in APPPATH\Controllers\Custom.php on line 83.
 1 APPPATH\Controllers\Custom.php(33): App\Controllers\Shoe->__construct()
 2 SYSTEMPATH\CodeIgniter.php(934): App\Controllers\Custom->product()
 3 SYSTEMPATH\CodeIgniter.php(499): CodeIgniter\CodeIgniter->runController(Object(App\Controllers\Custom))
 4 SYSTEMPATH\CodeIgniter.php(368): CodeIgniter\CodeIgniter->handleRequest(null, Object(Config\Cache), false)
 5 FCPATH\index.php(67): CodeIgniter\CodeIgniter->run()
CRITICAL - 2023-04-15 12:15:03 --> Too few arguments to function App\Controllers\Shoe::__construct(), 0 passed in C:\xampp\htdocs\gauna_octavio\app\Controllers\Custom.php on line 33 and exactly 4 expected
in APPPATH\Controllers\Custom.php on line 83.
 1 APPPATH\Controllers\Custom.php(33): App\Controllers\Shoe->__construct()
 2 SYSTEMPATH\CodeIgniter.php(934): App\Controllers\Custom->product()
 3 SYSTEMPATH\CodeIgniter.php(499): CodeIgniter\CodeIgniter->runController(Object(App\Controllers\Custom))
 4 SYSTEMPATH\CodeIgniter.php(368): CodeIgniter\CodeIgniter->handleRequest(null, Object(Config\Cache), false)
 5 FCPATH\index.php(67): CodeIgniter\CodeIgniter->run()
WARNING - 2023-04-15 12:15:49 --> [DEPRECATED] Creation of dynamic property App\Controllers\Shoe::$imgesURL is deprecated in APPPATH\Controllers\Custom.php on line 87.
 1 APPPATH\Controllers\Custom.php(33): App\Controllers\Shoe->__construct('Nike', 'This is a new product', 300, [...])
 2 SYSTEMPATH\CodeIgniter.php(934): App\Controllers\Custom->product()
 3 SYSTEMPATH\CodeIgniter.php(499): CodeIgniter\CodeIgniter->runController(Object(App\Controllers\Custom))
 4 SYSTEMPATH\CodeIgniter.php(368): CodeIgniter\CodeIgniter->handleRequest(null, Object(Config\Cache), false)
 5 FCPATH\index.php(67): CodeIgniter\CodeIgniter->run()
WARNING - 2023-04-15 12:15:50 --> [DEPRECATED] Creation of dynamic property App\Controllers\Shoe::$imgesURL is deprecated in APPPATH\Controllers\Custom.php on line 87.
 1 APPPATH\Controllers\Custom.php(33): App\Controllers\Shoe->__construct('Nike', 'This is a new product', 300, [...])
 2 SYSTEMPATH\CodeIgniter.php(934): App\Controllers\Custom->product()
 3 SYSTEMPATH\CodeIgniter.php(499): CodeIgniter\CodeIgniter->runController(Object(App\Controllers\Custom))
 4 SYSTEMPATH\CodeIgniter.php(368): CodeIgniter\CodeIgniter->handleRequest(null, Object(Config\Cache), false)
 5 FCPATH\index.php(67): CodeIgniter\CodeIgniter->run()
WARNING - 2023-04-15 12:16:15 --> [DEPRECATED] Creation of dynamic property App\Controllers\Shoe::$imgesURL is deprecated in APPPATH\Controllers\Custom.php on line 87.
 1 APPPATH\Controllers\Custom.php(33): App\Controllers\Shoe->__construct('Nike', 'This is a new product', 300, [...])
 2 SYSTEMPATH\CodeIgniter.php(934): App\Controllers\Custom->product()
 3 SYSTEMPATH\CodeIgniter.php(499): CodeIgniter\CodeIgniter->runController(Object(App\Controllers\Custom))
 4 SYSTEMPATH\CodeIgniter.php(368): CodeIgniter\CodeIgniter->handleRequest(null, Object(Config\Cache), false)
 5 FCPATH\index.php(67): CodeIgniter\CodeIgniter->run()
WARNING - 2023-04-15 12:17:40 --> [DEPRECATED] Creation of dynamic property App\Controllers\Shoe::$imgesURL is deprecated in APPPATH\Controllers\Custom.php on line 87.
 1 APPPATH\Controllers\Custom.php(33): App\Controllers\Shoe->__construct('Nike', 'This is a new product', 300, [...])
 2 SYSTEMPATH\CodeIgniter.php(934): App\Controllers\Custom->product()
 3 SYSTEMPATH\CodeIgniter.php(499): CodeIgniter\CodeIgniter->runController(Object(App\Controllers\Custom))
 4 SYSTEMPATH\CodeIgniter.php(368): CodeIgniter\CodeIgniter->handleRequest(null, Object(Config\Cache), false)
 5 FCPATH\index.php(67): CodeIgniter\CodeIgniter->run()
CRITICAL - 2023-04-15 12:17:40 --> Undefined constant "shoe"
in APPPATH\Views\front\pages\product.php on line 22.
 1 SYSTEMPATH\View\View.php(213): include()
 2 SYSTEMPATH\View\View.php(216): CodeIgniter\View\View->CodeIgniter\View\{closure}()
 3 SYSTEMPATH\Common.php(1184): CodeIgniter\View\View->render('front/pages/product', [], true)
 4 APPPATH\Controllers\Custom.php(37): view('front/pages/product', [...])
 5 SYSTEMPATH\CodeIgniter.php(934): App\Controllers\Custom->product()
 6 SYSTEMPATH\CodeIgniter.php(499): CodeIgniter\CodeIgniter->runController(Object(App\Controllers\Custom))
 7 SYSTEMPATH\CodeIgniter.php(368): CodeIgniter\CodeIgniter->handleRequest(null, Object(Config\Cache), false)
 8 FCPATH\index.php(67): CodeIgniter\CodeIgniter->run()
WARNING - 2023-04-15 12:17:41 --> [DEPRECATED] Creation of dynamic property App\Controllers\Shoe::$imgesURL is deprecated in APPPATH\Controllers\Custom.php on line 87.
 1 APPPATH\Controllers\Custom.php(33): App\Controllers\Shoe->__construct('Nike', 'This is a new product', 300, [...])
 2 SYSTEMPATH\CodeIgniter.php(934): App\Controllers\Custom->product()
 3 SYSTEMPATH\CodeIgniter.php(499): CodeIgniter\CodeIgniter->runController(Object(App\Controllers\Custom))
 4 SYSTEMPATH\CodeIgniter.php(368): CodeIgniter\CodeIgniter->handleRequest(null, Object(Config\Cache), false)
 5 FCPATH\index.php(67): CodeIgniter\CodeIgniter->run()
CRITICAL - 2023-04-15 12:17:41 --> Undefined constant "shoe"
in APPPATH\Views\front\pages\product.php on line 22.
 1 SYSTEMPATH\View\View.php(213): include()
 2 SYSTEMPATH\View\View.php(216): CodeIgniter\View\View->CodeIgniter\View\{closure}()
 3 SYSTEMPATH\Common.php(1184): CodeIgniter\View\View->render('front/pages/product', [], true)
 4 APPPATH\Controllers\Custom.php(37): view('front/pages/product', [...])
 5 SYSTEMPATH\CodeIgniter.php(934): App\Controllers\Custom->product()
 6 SYSTEMPATH\CodeIgniter.php(499): CodeIgniter\CodeIgniter->runController(Object(App\Controllers\Custom))
 7 SYSTEMPATH\CodeIgniter.php(368): CodeIgniter\CodeIgniter->handleRequest(null, Object(Config\Cache), false)
 8 FCPATH\index.php(67): CodeIgniter\CodeIgniter->run()
WARNING - 2023-04-15 12:18:05 --> [DEPRECATED] Creation of dynamic property App\Controllers\Shoe::$imgesURL is deprecated in APPPATH\Controllers\Custom.php on line 87.
 1 APPPATH\Controllers\Custom.php(33): App\Controllers\Shoe->__construct('Nike', 'This is a new product', 300, [...])
 2 SYSTEMPATH\CodeIgniter.php(934): App\Controllers\Custom->product()
 3 SYSTEMPATH\CodeIgniter.php(499): CodeIgniter\CodeIgniter->runController(Object(App\Controllers\Custom))
 4 SYSTEMPATH\CodeIgniter.php(368): CodeIgniter\CodeIgniter->handleRequest(null, Object(Config\Cache), false)
 5 FCPATH\index.php(67): CodeIgniter\CodeIgniter->run()
CRITICAL - 2023-04-15 12:18:05 --> Undefined constant "shoe"
in APPPATH\Views\front\pages\product.php on line 22.
 1 SYSTEMPATH\View\View.php(213): include()
 2 SYSTEMPATH\View\View.php(216): CodeIgniter\View\View->CodeIgniter\View\{closure}()
 3 SYSTEMPATH\Common.php(1184): CodeIgniter\View\View->render('front/pages/product', [], true)
 4 APPPATH\Controllers\Custom.php(37): view('front/pages/product', [...])
 5 SYSTEMPATH\CodeIgniter.php(934): App\Controllers\Custom->product()
 6 SYSTEMPATH\CodeIgniter.php(499): CodeIgniter\CodeIgniter->runController(Object(App\Controllers\Custom))
 7 SYSTEMPATH\CodeIgniter.php(368): CodeIgniter\CodeIgniter->handleRequest(null, Object(Config\Cache), false)
 8 FCPATH\index.php(67): CodeIgniter\CodeIgniter->run()
WARNING - 2023-04-15 12:18:06 --> [DEPRECATED] Creation of dynamic property App\Controllers\Shoe::$imgesURL is deprecated in APPPATH\Controllers\Custom.php on line 87.
 1 APPPATH\Controllers\Custom.php(33): App\Controllers\Shoe->__construct('Nike', 'This is a new product', 300, [...])
 2 SYSTEMPATH\CodeIgniter.php(934): App\Controllers\Custom->product()
 3 SYSTEMPATH\CodeIgniter.php(499): CodeIgniter\CodeIgniter->runController(Object(App\Controllers\Custom))
 4 SYSTEMPATH\CodeIgniter.php(368): CodeIgniter\CodeIgniter->handleRequest(null, Object(Config\Cache), false)
 5 FCPATH\index.php(67): CodeIgniter\CodeIgniter->run()
CRITICAL - 2023-04-15 12:18:06 --> Undefined constant "shoe"
in APPPATH\Views\front\pages\product.php on line 22.
 1 SYSTEMPATH\View\View.php(213): include()
 2 SYSTEMPATH\View\View.php(216): CodeIgniter\View\View->CodeIgniter\View\{closure}()
 3 SYSTEMPATH\Common.php(1184): CodeIgniter\View\View->render('front/pages/product', [], true)
 4 APPPATH\Controllers\Custom.php(37): view('front/pages/product', [...])
 5 SYSTEMPATH\CodeIgniter.php(934): App\Controllers\Custom->product()
 6 SYSTEMPATH\CodeIgniter.php(499): CodeIgniter\CodeIgniter->runController(Object(App\Controllers\Custom))
 7 SYSTEMPATH\CodeIgniter.php(368): CodeIgniter\CodeIgniter->handleRequest(null, Object(Config\Cache), false)
 8 FCPATH\index.php(67): CodeIgniter\CodeIgniter->run()
WARNING - 2023-04-15 12:18:06 --> [DEPRECATED] Creation of dynamic property App\Controllers\Shoe::$imgesURL is deprecated in APPPATH\Controllers\Custom.php on line 87.
 1 APPPATH\Controllers\Custom.php(33): App\Controllers\Shoe->__construct('Nike', 'This is a new product', 300, [...])
 2 SYSTEMPATH\CodeIgniter.php(934): App\Controllers\Custom->product()
 3 SYSTEMPATH\CodeIgniter.php(499): CodeIgniter\CodeIgniter->runController(Object(App\Controllers\Custom))
 4 SYSTEMPATH\CodeIgniter.php(368): CodeIgniter\CodeIgniter->handleRequest(null, Object(Config\Cache), false)
 5 FCPATH\index.php(67): CodeIgniter\CodeIgniter->run()
CRITICAL - 2023-04-15 12:18:06 --> Undefined constant "shoe"
in APPPATH\Views\front\pages\product.php on line 22.
 1 SYSTEMPATH\View\View.php(213): include()
 2 SYSTEMPATH\View\View.php(216): CodeIgniter\View\View->CodeIgniter\View\{closure}()
 3 SYSTEMPATH\Common.php(1184): CodeIgniter\View\View->render('front/pages/product', [], true)
 4 APPPATH\Controllers\Custom.php(37): view('front/pages/product', [...])
 5 SYSTEMPATH\CodeIgniter.php(934): App\Controllers\Custom->product()
 6 SYSTEMPATH\CodeIgniter.php(499): CodeIgniter\CodeIgniter->runController(Object(App\Controllers\Custom))
 7 SYSTEMPATH\CodeIgniter.php(368): CodeIgniter\CodeIgniter->handleRequest(null, Object(Config\Cache), false)
 8 FCPATH\index.php(67): CodeIgniter\CodeIgniter->run()
WARNING - 2023-04-15 12:18:42 --> [DEPRECATED] Creation of dynamic property App\Controllers\Shoe::$imgesURL is deprecated in APPPATH\Controllers\Custom.php on line 87.
 1 APPPATH\Controllers\Custom.php(33): App\Controllers\Shoe->__construct('Nike', 'This is a new product', 300, [...])
 2 SYSTEMPATH\CodeIgniter.php(934): App\Controllers\Custom->product()
 3 SYSTEMPATH\CodeIgniter.php(499): CodeIgniter\CodeIgniter->runController(Object(App\Controllers\Custom))
 4 SYSTEMPATH\CodeIgniter.php(368): CodeIgniter\CodeIgniter->handleRequest(null, Object(Config\Cache), false)
 5 FCPATH\index.php(67): CodeIgniter\CodeIgniter->run()
CRITICAL - 2023-04-15 12:18:42 --> Undefined constant "shoe"
in APPPATH\Views\front\pages\product.php on line 22.
 1 SYSTEMPATH\View\View.php(213): include()
 2 SYSTEMPATH\View\View.php(216): CodeIgniter\View\View->CodeIgniter\View\{closure}()
 3 SYSTEMPATH\Common.php(1184): CodeIgniter\View\View->render('front/pages/product', [], true)
 4 APPPATH\Controllers\Custom.php(37): view('front/pages/product', [...])
 5 SYSTEMPATH\CodeIgniter.php(934): App\Controllers\Custom->product()
 6 SYSTEMPATH\CodeIgniter.php(499): CodeIgniter\CodeIgniter->runController(Object(App\Controllers\Custom))
 7 SYSTEMPATH\CodeIgniter.php(368): CodeIgniter\CodeIgniter->handleRequest(null, Object(Config\Cache), false)
 8 FCPATH\index.php(67): CodeIgniter\CodeIgniter->run()
WARNING - 2023-04-15 12:18:42 --> [DEPRECATED] Creation of dynamic property App\Controllers\Shoe::$imgesURL is deprecated in APPPATH\Controllers\Custom.php on line 87.
 1 APPPATH\Controllers\Custom.php(33): App\Controllers\Shoe->__construct('Nike', 'This is a new product', 300, [...])
 2 SYSTEMPATH\CodeIgniter.php(934): App\Controllers\Custom->product()
 3 SYSTEMPATH\CodeIgniter.php(499): CodeIgniter\CodeIgniter->runController(Object(App\Controllers\Custom))
 4 SYSTEMPATH\CodeIgniter.php(368): CodeIgniter\CodeIgniter->handleRequest(null, Object(Config\Cache), false)
 5 FCPATH\index.php(67): CodeIgniter\CodeIgniter->run()
CRITICAL - 2023-04-15 12:18:42 --> Undefined constant "shoe"
in APPPATH\Views\front\pages\product.php on line 22.
 1 SYSTEMPATH\View\View.php(213): include()
 2 SYSTEMPATH\View\View.php(216): CodeIgniter\View\View->CodeIgniter\View\{closure}()
 3 SYSTEMPATH\Common.php(1184): CodeIgniter\View\View->render('front/pages/product', [], true)
 4 APPPATH\Controllers\Custom.php(37): view('front/pages/product', [...])
 5 SYSTEMPATH\CodeIgniter.php(934): App\Controllers\Custom->product()
 6 SYSTEMPATH\CodeIgniter.php(499): CodeIgniter\CodeIgniter->runController(Object(App\Controllers\Custom))
 7 SYSTEMPATH\CodeIgniter.php(368): CodeIgniter\CodeIgniter->handleRequest(null, Object(Config\Cache), false)
 8 FCPATH\index.php(67): CodeIgniter\CodeIgniter->run()
WARNING - 2023-04-15 12:19:43 --> [DEPRECATED] Creation of dynamic property App\Controllers\Shoe::$imgesURL is deprecated in APPPATH\Controllers\Custom.php on line 87.
 1 APPPATH\Controllers\Custom.php(33): App\Controllers\Shoe->__construct('Nike', 'This is a new product', 300, [...])
 2 SYSTEMPATH\CodeIgniter.php(934): App\Controllers\Custom->product()
 3 SYSTEMPATH\CodeIgniter.php(499): CodeIgniter\CodeIgniter->runController(Object(App\Controllers\Custom))
 4 SYSTEMPATH\CodeIgniter.php(368): CodeIgniter\CodeIgniter->handleRequest(null, Object(Config\Cache), false)
 5 FCPATH\index.php(67): CodeIgniter\CodeIgniter->run()
CRITICAL - 2023-04-15 12:19:43 --> Undefined constant "shoe"
in APPPATH\Views\front\pages\product.php on line 22.
 1 SYSTEMPATH\View\View.php(213): include()
 2 SYSTEMPATH\View\View.php(216): CodeIgniter\View\View->CodeIgniter\View\{closure}()
 3 SYSTEMPATH\Common.php(1184): CodeIgniter\View\View->render('front/pages/product', [], true)
 4 APPPATH\Controllers\Custom.php(37): view('front/pages/product', [...])
 5 SYSTEMPATH\CodeIgniter.php(934): App\Controllers\Custom->product()
 6 SYSTEMPATH\CodeIgniter.php(499): CodeIgniter\CodeIgniter->runController(Object(App\Controllers\Custom))
 7 SYSTEMPATH\CodeIgniter.php(368): CodeIgniter\CodeIgniter->handleRequest(null, Object(Config\Cache), false)
 8 FCPATH\index.php(67): CodeIgniter\CodeIgniter->run()
WARNING - 2023-04-15 12:19:43 --> [DEPRECATED] Creation of dynamic property App\Controllers\Shoe::$imgesURL is deprecated in APPPATH\Controllers\Custom.php on line 87.
 1 APPPATH\Controllers\Custom.php(33): App\Controllers\Shoe->__construct('Nike', 'This is a new product', 300, [...])
 2 SYSTEMPATH\CodeIgniter.php(934): App\Controllers\Custom->product()
 3 SYSTEMPATH\CodeIgniter.php(499): CodeIgniter\CodeIgniter->runController(Object(App\Controllers\Custom))
 4 SYSTEMPATH\CodeIgniter.php(368): CodeIgniter\CodeIgniter->handleRequest(null, Object(Config\Cache), false)
 5 FCPATH\index.php(67): CodeIgniter\CodeIgniter->run()
CRITICAL - 2023-04-15 12:19:43 --> Undefined constant "shoe"
in APPPATH\Views\front\pages\product.php on line 22.
 1 SYSTEMPATH\View\View.php(213): include()
 2 SYSTEMPATH\View\View.php(216): CodeIgniter\View\View->CodeIgniter\View\{closure}()
 3 SYSTEMPATH\Common.php(1184): CodeIgniter\View\View->render('front/pages/product', [], true)
 4 APPPATH\Controllers\Custom.php(37): view('front/pages/product', [...])
 5 SYSTEMPATH\CodeIgniter.php(934): App\Controllers\Custom->product()
 6 SYSTEMPATH\CodeIgniter.php(499): CodeIgniter\CodeIgniter->runController(Object(App\Controllers\Custom))
 7 SYSTEMPATH\CodeIgniter.php(368): CodeIgniter\CodeIgniter->handleRequest(null, Object(Config\Cache), false)
 8 FCPATH\index.php(67): CodeIgniter\CodeIgniter->run()
WARNING - 2023-04-15 12:19:51 --> [DEPRECATED] Creation of dynamic property App\Controllers\Shoe::$imgesURL is deprecated in APPPATH\Controllers\Custom.php on line 87.
 1 APPPATH\Controllers\Custom.php(33): App\Controllers\Shoe->__construct('Nike', 'This is a new product', 300, [...])
 2 SYSTEMPATH\CodeIgniter.php(934): App\Controllers\Custom->product()
 3 SYSTEMPATH\CodeIgniter.php(499): CodeIgniter\CodeIgniter->runController(Object(App\Controllers\Custom))
 4 SYSTEMPATH\CodeIgniter.php(368): CodeIgniter\CodeIgniter->handleRequest(null, Object(Config\Cache), false)
 5 FCPATH\index.php(67): CodeIgniter\CodeIgniter->run()
CRITICAL - 2023-04-15 12:19:51 --> Undefined constant "data"
in APPPATH\Views\front\pages\product.php on line 22.
 1 SYSTEMPATH\View\View.php(213): include()
 2 SYSTEMPATH\View\View.php(216): CodeIgniter\View\View->CodeIgniter\View\{closure}()
 3 SYSTEMPATH\Common.php(1184): CodeIgniter\View\View->render('front/pages/product', [], true)
 4 APPPATH\Controllers\Custom.php(37): view('front/pages/product', [...])
 5 SYSTEMPATH\CodeIgniter.php(934): App\Controllers\Custom->product()
 6 SYSTEMPATH\CodeIgniter.php(499): CodeIgniter\CodeIgniter->runController(Object(App\Controllers\Custom))
 7 SYSTEMPATH\CodeIgniter.php(368): CodeIgniter\CodeIgniter->handleRequest(null, Object(Config\Cache), false)
 8 FCPATH\index.php(67): CodeIgniter\CodeIgniter->run()
WARNING - 2023-04-15 12:19:52 --> [DEPRECATED] Creation of dynamic property App\Controllers\Shoe::$imgesURL is deprecated in APPPATH\Controllers\Custom.php on line 87.
 1 APPPATH\Controllers\Custom.php(33): App\Controllers\Shoe->__construct('Nike', 'This is a new product', 300, [...])
 2 SYSTEMPATH\CodeIgniter.php(934): App\Controllers\Custom->product()
 3 SYSTEMPATH\CodeIgniter.php(499): CodeIgniter\CodeIgniter->runController(Object(App\Controllers\Custom))
 4 SYSTEMPATH\CodeIgniter.php(368): CodeIgniter\CodeIgniter->handleRequest(null, Object(Config\Cache), false)
 5 FCPATH\index.php(67): CodeIgniter\CodeIgniter->run()
CRITICAL - 2023-04-15 12:19:52 --> Undefined constant "data"
in APPPATH\Views\front\pages\product.php on line 22.
 1 SYSTEMPATH\View\View.php(213): include()
 2 SYSTEMPATH\View\View.php(216): CodeIgniter\View\View->CodeIgniter\View\{closure}()
 3 SYSTEMPATH\Common.php(1184): CodeIgniter\View\View->render('front/pages/product', [], true)
 4 APPPATH\Controllers\Custom.php(37): view('front/pages/product', [...])
 5 SYSTEMPATH\CodeIgniter.php(934): App\Controllers\Custom->product()
 6 SYSTEMPATH\CodeIgniter.php(499): CodeIgniter\CodeIgniter->runController(Object(App\Controllers\Custom))
 7 SYSTEMPATH\CodeIgniter.php(368): CodeIgniter\CodeIgniter->handleRequest(null, Object(Config\Cache), false)
 8 FCPATH\index.php(67): CodeIgniter\CodeIgniter->run()
CRITICAL - 2023-04-15 12:22:07 --> syntax error, unexpected token "echo", expecting "," or ";"
in APPPATH\Controllers\Custom.php on line 10.
 1 SYSTEMPATH\Autoloader\Autoloader.php(289): CodeIgniter\Autoloader\Autoloader->includeFile('C:\\xampp\\htdocs\\gauna_octavio\\app\\Controllers\\Custom.php')
 2 SYSTEMPATH\Autoloader\Autoloader.php(267): CodeIgniter\Autoloader\Autoloader->loadInNamespace('App\\Controllers\\Custom')
 3 [internal function]: CodeIgniter\Autoloader\Autoloader->loadClass('App\\Controllers\\Custom')
 4 SYSTEMPATH\CodeIgniter.php(892): class_exists('\\App\\Controllers\\Custom', true)
 5 SYSTEMPATH\CodeIgniter.php(486): CodeIgniter\CodeIgniter->startController()
 6 SYSTEMPATH\CodeIgniter.php(368): CodeIgniter\CodeIgniter->handleRequest(null, Object(Config\Cache), false)
 7 FCPATH\index.php(67): CodeIgniter\CodeIgniter->run()
