CRITICAL - 2023-04-19 18:01:23 --> Use of undefined constant shoe - assumed 'shoe' (this will throw an Error in a future version of PHP)
in APPPATH\Views\front\pages\product.php on line 22.
 1 APPPATH\Views\front\pages\product.php(22): CodeIgniter\Debug\Exceptions->errorHandler(2, 'Use of undefined constant shoe - assumed \'shoe\' (this will throw an Error in a future version of PHP)', 'C:\\xampp\\htdocs\\gauna_octavio\\app\\Views\\front\\pages\\product.php', 22, [...])
 2 SYSTEMPATH\View\View.php(213): include('C:\\xampp\\htdocs\\gauna_octavio\\app\\Views\\front\\pages\\product.php')
 3 SYSTEMPATH\View\View.php(216): CodeIgniter\View\View->CodeIgniter\View\{closure}()
 4 SYSTEMPATH\Common.php(1184): CodeIgniter\View\View->render('front/pages/product', [], true)
 5 APPPATH\Controllers\Custom.php(37): view('front/pages/product', [...])
 6 SYSTEMPATH\CodeIgniter.php(934): App\Controllers\Custom->product()
 7 SYSTEMPATH\CodeIgniter.php(499): CodeIgniter\CodeIgniter->runController(Object(App\Controllers\Custom))
 8 SYSTEMPATH\CodeIgniter.php(368): CodeIgniter\CodeIgniter->handleRequest(null, Object(Config\Cache), false)
 9 FCPATH\index.php(67): CodeIgniter\CodeIgniter->run()
CRITICAL - 2023-04-19 18:01:58 --> Use of undefined constant shoe - assumed 'shoe' (this will throw an Error in a future version of PHP)
in APPPATH\Views\front\pages\product.php on line 22.
 1 APPPATH\Views\front\pages\product.php(22): CodeIgniter\Debug\Exceptions->errorHandler(2, 'Use of undefined constant shoe - assumed \'shoe\' (this will throw an Error in a future version of PHP)', 'C:\\xampp\\htdocs\\gauna_octavio\\app\\Views\\front\\pages\\product.php', 22, [])
 2 SYSTEMPATH\View\View.php(213): include('C:\\xampp\\htdocs\\gauna_octavio\\app\\Views\\front\\pages\\product.php')
 3 SYSTEMPATH\View\View.php(216): CodeIgniter\View\View->CodeIgniter\View\{closure}()
 4 SYSTEMPATH\Common.php(1184): CodeIgniter\View\View->render('front/pages/product', [], true)
 5 APPPATH\Controllers\Custom.php(37): view('front/pages/product')
 6 SYSTEMPATH\CodeIgniter.php(934): App\Controllers\Custom->product()
 7 SYSTEMPATH\CodeIgniter.php(499): CodeIgniter\CodeIgniter->runController(Object(App\Controllers\Custom))
 8 SYSTEMPATH\CodeIgniter.php(368): CodeIgniter\CodeIgniter->handleRequest(null, Object(Config\Cache), false)
 9 FCPATH\index.php(67): CodeIgniter\CodeIgniter->run()
CRITICAL - 2023-04-19 18:01:59 --> Use of undefined constant shoe - assumed 'shoe' (this will throw an Error in a future version of PHP)
in APPPATH\Views\front\pages\product.php on line 22.
 1 APPPATH\Views\front\pages\product.php(22): CodeIgniter\Debug\Exceptions->errorHandler(2, 'Use of undefined constant shoe - assumed \'shoe\' (this will throw an Error in a future version of PHP)', 'C:\\xampp\\htdocs\\gauna_octavio\\app\\Views\\front\\pages\\product.php', 22, [])
 2 SYSTEMPATH\View\View.php(213): include('C:\\xampp\\htdocs\\gauna_octavio\\app\\Views\\front\\pages\\product.php')
 3 SYSTEMPATH\View\View.php(216): CodeIgniter\View\View->CodeIgniter\View\{closure}()
 4 SYSTEMPATH\Common.php(1184): CodeIgniter\View\View->render('front/pages/product', [], true)
 5 APPPATH\Controllers\Custom.php(37): view('front/pages/product')
 6 SYSTEMPATH\CodeIgniter.php(934): App\Controllers\Custom->product()
 7 SYSTEMPATH\CodeIgniter.php(499): CodeIgniter\CodeIgniter->runController(Object(App\Controllers\Custom))
 8 SYSTEMPATH\CodeIgniter.php(368): CodeIgniter\CodeIgniter->handleRequest(null, Object(Config\Cache), false)
 9 FCPATH\index.php(67): CodeIgniter\CodeIgniter->run()
CRITICAL - 2023-04-19 18:02:07 --> Use of undefined constant shoe - assumed 'shoe' (this will throw an Error in a future version of PHP)
in APPPATH\Views\front\pages\product.php on line 22.
 1 APPPATH\Views\front\pages\product.php(22): CodeIgniter\Debug\Exceptions->errorHandler(2, 'Use of undefined constant shoe - assumed \'shoe\' (this will throw an Error in a future version of PHP)', 'C:\\xampp\\htdocs\\gauna_octavio\\app\\Views\\front\\pages\\product.php', 22, [])
 2 SYSTEMPATH\View\View.php(213): include('C:\\xampp\\htdocs\\gauna_octavio\\app\\Views\\front\\pages\\product.php')
 3 SYSTEMPATH\View\View.php(216): CodeIgniter\View\View->CodeIgniter\View\{closure}()
 4 SYSTEMPATH\Common.php(1184): CodeIgniter\View\View->render('front/pages/product', [], true)
 5 APPPATH\Controllers\Custom.php(37): view('front/pages/product')
 6 SYSTEMPATH\CodeIgniter.php(934): App\Controllers\Custom->product()
 7 SYSTEMPATH\CodeIgniter.php(499): CodeIgniter\CodeIgniter->runController(Object(App\Controllers\Custom))
 8 SYSTEMPATH\CodeIgniter.php(368): CodeIgniter\CodeIgniter->handleRequest(null, Object(Config\Cache), false)
 9 FCPATH\index.php(67): CodeIgniter\CodeIgniter->run()
CRITICAL - 2023-04-19 18:02:07 --> Use of undefined constant shoe - assumed 'shoe' (this will throw an Error in a future version of PHP)
in APPPATH\Views\front\pages\product.php on line 22.
 1 APPPATH\Views\front\pages\product.php(22): CodeIgniter\Debug\Exceptions->errorHandler(2, 'Use of undefined constant shoe - assumed \'shoe\' (this will throw an Error in a future version of PHP)', 'C:\\xampp\\htdocs\\gauna_octavio\\app\\Views\\front\\pages\\product.php', 22, [])
 2 SYSTEMPATH\View\View.php(213): include('C:\\xampp\\htdocs\\gauna_octavio\\app\\Views\\front\\pages\\product.php')
 3 SYSTEMPATH\View\View.php(216): CodeIgniter\View\View->CodeIgniter\View\{closure}()
 4 SYSTEMPATH\Common.php(1184): CodeIgniter\View\View->render('front/pages/product', [], true)
 5 APPPATH\Controllers\Custom.php(37): view('front/pages/product')
 6 SYSTEMPATH\CodeIgniter.php(934): App\Controllers\Custom->product()
 7 SYSTEMPATH\CodeIgniter.php(499): CodeIgniter\CodeIgniter->runController(Object(App\Controllers\Custom))
 8 SYSTEMPATH\CodeIgniter.php(368): CodeIgniter\CodeIgniter->handleRequest(null, Object(Config\Cache), false)
 9 FCPATH\index.php(67): CodeIgniter\CodeIgniter->run()
CRITICAL - 2023-04-19 18:18:15 --> Invalid file: "NotFound404.php"
in SYSTEMPATH\Exceptions\FrameworkException.php on line 33.
 1 SYSTEMPATH\View\View.php(201): CodeIgniter\Exceptions\FrameworkException::forInvalidFile('NotFound404.php')
 2 SYSTEMPATH\Common.php(1184): CodeIgniter\View\View->render('NotFound404', [], true)
 3 APPPATH\Config\Routes.php(25): view('NotFound404')
 4 SYSTEMPATH\CodeIgniter.php(954): CodeIgniter\Router\RouteCollection->Config\{closure}('Can\'t find a route for \'get: nosotros/4\'.')
 5 SYSTEMPATH\CodeIgniter.php(387): CodeIgniter\CodeIgniter->display404errors(Object(CodeIgniter\Exceptions\PageNotFoundException))
 6 FCPATH\index.php(67): CodeIgniter\CodeIgniter->run()
CRITICAL - 2023-04-19 18:18:35 --> Invalid file: "pages/NotFound404.php"
in SYSTEMPATH\Exceptions\FrameworkException.php on line 33.
 1 SYSTEMPATH\View\View.php(201): CodeIgniter\Exceptions\FrameworkException::forInvalidFile('pages/NotFound404.php')
 2 SYSTEMPATH\Common.php(1184): CodeIgniter\View\View->render('pages/NotFound404', [], true)
 3 APPPATH\Config\Routes.php(25): view('pages/NotFound404')
 4 SYSTEMPATH\CodeIgniter.php(954): CodeIgniter\Router\RouteCollection->Config\{closure}('Can\'t find a route for \'get: nosotros/4\'.')
 5 SYSTEMPATH\CodeIgniter.php(387): CodeIgniter\CodeIgniter->display404errors(Object(CodeIgniter\Exceptions\PageNotFoundException))
 6 FCPATH\index.php(67): CodeIgniter\CodeIgniter->run()
CRITICAL - 2023-04-19 18:18:36 --> Invalid file: "pages/NotFound404.php"
in SYSTEMPATH\Exceptions\FrameworkException.php on line 33.
 1 SYSTEMPATH\View\View.php(201): CodeIgniter\Exceptions\FrameworkException::forInvalidFile('pages/NotFound404.php')
 2 SYSTEMPATH\Common.php(1184): CodeIgniter\View\View->render('pages/NotFound404', [], true)
 3 APPPATH\Config\Routes.php(25): view('pages/NotFound404')
 4 SYSTEMPATH\CodeIgniter.php(954): CodeIgniter\Router\RouteCollection->Config\{closure}('Can\'t find a route for \'get: nosotros/4\'.')
 5 SYSTEMPATH\CodeIgniter.php(387): CodeIgniter\CodeIgniter->display404errors(Object(CodeIgniter\Exceptions\PageNotFoundException))
 6 FCPATH\index.php(67): CodeIgniter\CodeIgniter->run()
CRITICAL - 2023-04-19 18:40:29 --> syntax error, unexpected '/', expecting '('
in APPPATH\Controllers\Custom.php on line 63.
 1 SYSTEMPATH\Autoloader\Autoloader.php(289): CodeIgniter\Autoloader\Autoloader->includeFile('C:\\xampp\\htdocs\\gauna_octavio\\app\\Controllers\\Custom.php')
 2 SYSTEMPATH\Autoloader\Autoloader.php(267): CodeIgniter\Autoloader\Autoloader->loadInNamespace('App\\Controllers\\Custom')
 3 [internal function]: CodeIgniter\Autoloader\Autoloader->loadClass('App\\Controllers\\Custom')
 4 [internal function]: spl_autoload_call('App\\Controllers\\Custom')
 5 SYSTEMPATH\CodeIgniter.php(892): class_exists('\\App\\Controllers\\Custom', true)
 6 SYSTEMPATH\CodeIgniter.php(486): CodeIgniter\CodeIgniter->startController()
 7 SYSTEMPATH\CodeIgniter.php(368): CodeIgniter\CodeIgniter->handleRequest(null, Object(Config\Cache), false)
 8 FCPATH\index.php(67): CodeIgniter\CodeIgniter->run()
CRITICAL - 2023-04-19 18:58:06 --> include(../../components/panelAdmin.php): failed to open stream: No such file or directory
in APPPATH\Views\front\pages\private\DashboardPage.php on line 2.
 1 APPPATH\Views\front\pages\private\DashboardPage.php(2): CodeIgniter\Debug\Exceptions->errorHandler(2, 'include(../../components/panelAdmin.php): failed to open stream: No such file or directory', 'C:\\xampp\\htdocs\\gauna_octavio\\app\\Views\\front\\pages\\private\\DashboardPage.php', 2, [])
 2 APPPATH\Views\front\pages\private\DashboardPage.php(2): include()
 3 SYSTEMPATH\View\View.php(213): include('C:\\xampp\\htdocs\\gauna_octavio\\app\\Views\\front\\pages\\private\\DashboardPage.php')
 4 SYSTEMPATH\View\View.php(216): CodeIgniter\View\View->CodeIgniter\View\{closure}()
 5 SYSTEMPATH\Common.php(1184): CodeIgniter\View\View->render('front/pages/private/DashboardPage', [], true)
 6 APPPATH\Controllers\Custom.php(65): view('front/pages/private/DashboardPage')
 7 SYSTEMPATH\CodeIgniter.php(934): App\Controllers\Custom->dashboardAdmin()
 8 SYSTEMPATH\CodeIgniter.php(499): CodeIgniter\CodeIgniter->runController(Object(App\Controllers\Custom))
 9 SYSTEMPATH\CodeIgniter.php(368): CodeIgniter\CodeIgniter->handleRequest(null, Object(Config\Cache), false)
10 FCPATH\index.php(67): CodeIgniter\CodeIgniter->run()
CRITICAL - 2023-04-19 18:58:07 --> include(../../components/panelAdmin.php): failed to open stream: No such file or directory
in APPPATH\Views\front\pages\private\DashboardPage.php on line 2.
 1 APPPATH\Views\front\pages\private\DashboardPage.php(2): CodeIgniter\Debug\Exceptions->errorHandler(2, 'include(../../components/panelAdmin.php): failed to open stream: No such file or directory', 'C:\\xampp\\htdocs\\gauna_octavio\\app\\Views\\front\\pages\\private\\DashboardPage.php', 2, [])
 2 APPPATH\Views\front\pages\private\DashboardPage.php(2): include()
 3 SYSTEMPATH\View\View.php(213): include('C:\\xampp\\htdocs\\gauna_octavio\\app\\Views\\front\\pages\\private\\DashboardPage.php')
 4 SYSTEMPATH\View\View.php(216): CodeIgniter\View\View->CodeIgniter\View\{closure}()
 5 SYSTEMPATH\Common.php(1184): CodeIgniter\View\View->render('front/pages/private/DashboardPage', [], true)
 6 APPPATH\Controllers\Custom.php(65): view('front/pages/private/DashboardPage')
 7 SYSTEMPATH\CodeIgniter.php(934): App\Controllers\Custom->dashboardAdmin()
 8 SYSTEMPATH\CodeIgniter.php(499): CodeIgniter\CodeIgniter->runController(Object(App\Controllers\Custom))
 9 SYSTEMPATH\CodeIgniter.php(368): CodeIgniter\CodeIgniter->handleRequest(null, Object(Config\Cache), false)
10 FCPATH\index.php(67): CodeIgniter\CodeIgniter->run()
CRITICAL - 2023-04-19 18:59:51 --> include(components/panelAdmin.php): failed to open stream: No such file or directory
in APPPATH\Views\front\pages\private\DashboardPage.php on line 3.
 1 APPPATH\Views\front\pages\private\DashboardPage.php(3): CodeIgniter\Debug\Exceptions->errorHandler(2, 'include(components/panelAdmin.php): failed to open stream: No such file or directory', 'C:\\xampp\\htdocs\\gauna_octavio\\app\\Views\\front\\pages\\private\\DashboardPage.php', 3, [])
 2 APPPATH\Views\front\pages\private\DashboardPage.php(3): include()
 3 SYSTEMPATH\View\View.php(213): include('C:\\xampp\\htdocs\\gauna_octavio\\app\\Views\\front\\pages\\private\\DashboardPage.php')
 4 SYSTEMPATH\View\View.php(216): CodeIgniter\View\View->CodeIgniter\View\{closure}()
 5 SYSTEMPATH\Common.php(1184): CodeIgniter\View\View->render('front/pages/private/DashboardPage', [], true)
 6 APPPATH\Controllers\Custom.php(65): view('front/pages/private/DashboardPage')
 7 SYSTEMPATH\CodeIgniter.php(934): App\Controllers\Custom->dashboardAdmin()
 8 SYSTEMPATH\CodeIgniter.php(499): CodeIgniter\CodeIgniter->runController(Object(App\Controllers\Custom))
 9 SYSTEMPATH\CodeIgniter.php(368): CodeIgniter\CodeIgniter->handleRequest(null, Object(Config\Cache), false)
10 FCPATH\index.php(67): CodeIgniter\CodeIgniter->run()
CRITICAL - 2023-04-19 18:59:52 --> include(components/panelAdmin.php): failed to open stream: No such file or directory
in APPPATH\Views\front\pages\private\DashboardPage.php on line 3.
 1 APPPATH\Views\front\pages\private\DashboardPage.php(3): CodeIgniter\Debug\Exceptions->errorHandler(2, 'include(components/panelAdmin.php): failed to open stream: No such file or directory', 'C:\\xampp\\htdocs\\gauna_octavio\\app\\Views\\front\\pages\\private\\DashboardPage.php', 3, [])
 2 APPPATH\Views\front\pages\private\DashboardPage.php(3): include()
 3 SYSTEMPATH\View\View.php(213): include('C:\\xampp\\htdocs\\gauna_octavio\\app\\Views\\front\\pages\\private\\DashboardPage.php')
 4 SYSTEMPATH\View\View.php(216): CodeIgniter\View\View->CodeIgniter\View\{closure}()
 5 SYSTEMPATH\Common.php(1184): CodeIgniter\View\View->render('front/pages/private/DashboardPage', [], true)
 6 APPPATH\Controllers\Custom.php(65): view('front/pages/private/DashboardPage')
 7 SYSTEMPATH\CodeIgniter.php(934): App\Controllers\Custom->dashboardAdmin()
 8 SYSTEMPATH\CodeIgniter.php(499): CodeIgniter\CodeIgniter->runController(Object(App\Controllers\Custom))
 9 SYSTEMPATH\CodeIgniter.php(368): CodeIgniter\CodeIgniter->handleRequest(null, Object(Config\Cache), false)
10 FCPATH\index.php(67): CodeIgniter\CodeIgniter->run()
CRITICAL - 2023-04-19 19:00:17 --> include(front/components/panelAdmin.php): failed to open stream: No such file or directory
in APPPATH\Views\front\pages\private\DashboardPage.php on line 3.
 1 APPPATH\Views\front\pages\private\DashboardPage.php(3): CodeIgniter\Debug\Exceptions->errorHandler(2, 'include(front/components/panelAdmin.php): failed to open stream: No such file or directory', 'C:\\xampp\\htdocs\\gauna_octavio\\app\\Views\\front\\pages\\private\\DashboardPage.php', 3, [])
 2 APPPATH\Views\front\pages\private\DashboardPage.php(3): include()
 3 SYSTEMPATH\View\View.php(213): include('C:\\xampp\\htdocs\\gauna_octavio\\app\\Views\\front\\pages\\private\\DashboardPage.php')
 4 SYSTEMPATH\View\View.php(216): CodeIgniter\View\View->CodeIgniter\View\{closure}()
 5 SYSTEMPATH\Common.php(1184): CodeIgniter\View\View->render('front/pages/private/DashboardPage', [], true)
 6 APPPATH\Controllers\Custom.php(65): view('front/pages/private/DashboardPage')
 7 SYSTEMPATH\CodeIgniter.php(934): App\Controllers\Custom->dashboardAdmin()
 8 SYSTEMPATH\CodeIgniter.php(499): CodeIgniter\CodeIgniter->runController(Object(App\Controllers\Custom))
 9 SYSTEMPATH\CodeIgniter.php(368): CodeIgniter\CodeIgniter->handleRequest(null, Object(Config\Cache), false)
10 FCPATH\index.php(67): CodeIgniter\CodeIgniter->run()
CRITICAL - 2023-04-19 19:00:18 --> include(front/components/panelAdmin.php): failed to open stream: No such file or directory
in APPPATH\Views\front\pages\private\DashboardPage.php on line 3.
 1 APPPATH\Views\front\pages\private\DashboardPage.php(3): CodeIgniter\Debug\Exceptions->errorHandler(2, 'include(front/components/panelAdmin.php): failed to open stream: No such file or directory', 'C:\\xampp\\htdocs\\gauna_octavio\\app\\Views\\front\\pages\\private\\DashboardPage.php', 3, [])
 2 APPPATH\Views\front\pages\private\DashboardPage.php(3): include()
 3 SYSTEMPATH\View\View.php(213): include('C:\\xampp\\htdocs\\gauna_octavio\\app\\Views\\front\\pages\\private\\DashboardPage.php')
 4 SYSTEMPATH\View\View.php(216): CodeIgniter\View\View->CodeIgniter\View\{closure}()
 5 SYSTEMPATH\Common.php(1184): CodeIgniter\View\View->render('front/pages/private/DashboardPage', [], true)
 6 APPPATH\Controllers\Custom.php(65): view('front/pages/private/DashboardPage')
 7 SYSTEMPATH\CodeIgniter.php(934): App\Controllers\Custom->dashboardAdmin()
 8 SYSTEMPATH\CodeIgniter.php(499): CodeIgniter\CodeIgniter->runController(Object(App\Controllers\Custom))
 9 SYSTEMPATH\CodeIgniter.php(368): CodeIgniter\CodeIgniter->handleRequest(null, Object(Config\Cache), false)
10 FCPATH\index.php(67): CodeIgniter\CodeIgniter->run()
CRITICAL - 2023-04-19 19:00:18 --> include(front/components/panelAdmin.php): failed to open stream: No such file or directory
in APPPATH\Views\front\pages\private\DashboardPage.php on line 3.
 1 APPPATH\Views\front\pages\private\DashboardPage.php(3): CodeIgniter\Debug\Exceptions->errorHandler(2, 'include(front/components/panelAdmin.php): failed to open stream: No such file or directory', 'C:\\xampp\\htdocs\\gauna_octavio\\app\\Views\\front\\pages\\private\\DashboardPage.php', 3, [])
 2 APPPATH\Views\front\pages\private\DashboardPage.php(3): include()
 3 SYSTEMPATH\View\View.php(213): include('C:\\xampp\\htdocs\\gauna_octavio\\app\\Views\\front\\pages\\private\\DashboardPage.php')
 4 SYSTEMPATH\View\View.php(216): CodeIgniter\View\View->CodeIgniter\View\{closure}()
 5 SYSTEMPATH\Common.php(1184): CodeIgniter\View\View->render('front/pages/private/DashboardPage', [], true)
 6 APPPATH\Controllers\Custom.php(65): view('front/pages/private/DashboardPage')
 7 SYSTEMPATH\CodeIgniter.php(934): App\Controllers\Custom->dashboardAdmin()
 8 SYSTEMPATH\CodeIgniter.php(499): CodeIgniter\CodeIgniter->runController(Object(App\Controllers\Custom))
 9 SYSTEMPATH\CodeIgniter.php(368): CodeIgniter\CodeIgniter->handleRequest(null, Object(Config\Cache), false)
10 FCPATH\index.php(67): CodeIgniter\CodeIgniter->run()
CRITICAL - 2023-04-19 19:00:19 --> include(front/components/panelAdmin.php): failed to open stream: No such file or directory
in APPPATH\Views\front\pages\private\DashboardPage.php on line 3.
 1 APPPATH\Views\front\pages\private\DashboardPage.php(3): CodeIgniter\Debug\Exceptions->errorHandler(2, 'include(front/components/panelAdmin.php): failed to open stream: No such file or directory', 'C:\\xampp\\htdocs\\gauna_octavio\\app\\Views\\front\\pages\\private\\DashboardPage.php', 3, [])
 2 APPPATH\Views\front\pages\private\DashboardPage.php(3): include()
 3 SYSTEMPATH\View\View.php(213): include('C:\\xampp\\htdocs\\gauna_octavio\\app\\Views\\front\\pages\\private\\DashboardPage.php')
 4 SYSTEMPATH\View\View.php(216): CodeIgniter\View\View->CodeIgniter\View\{closure}()
 5 SYSTEMPATH\Common.php(1184): CodeIgniter\View\View->render('front/pages/private/DashboardPage', [], true)
 6 APPPATH\Controllers\Custom.php(65): view('front/pages/private/DashboardPage')
 7 SYSTEMPATH\CodeIgniter.php(934): App\Controllers\Custom->dashboardAdmin()
 8 SYSTEMPATH\CodeIgniter.php(499): CodeIgniter\CodeIgniter->runController(Object(App\Controllers\Custom))
 9 SYSTEMPATH\CodeIgniter.php(368): CodeIgniter\CodeIgniter->handleRequest(null, Object(Config\Cache), false)
10 FCPATH\index.php(67): CodeIgniter\CodeIgniter->run()
CRITICAL - 2023-04-19 19:00:19 --> include(front/components/panelAdmin.php): failed to open stream: No such file or directory
in APPPATH\Views\front\pages\private\DashboardPage.php on line 3.
 1 APPPATH\Views\front\pages\private\DashboardPage.php(3): CodeIgniter\Debug\Exceptions->errorHandler(2, 'include(front/components/panelAdmin.php): failed to open stream: No such file or directory', 'C:\\xampp\\htdocs\\gauna_octavio\\app\\Views\\front\\pages\\private\\DashboardPage.php', 3, [])
 2 APPPATH\Views\front\pages\private\DashboardPage.php(3): include()
 3 SYSTEMPATH\View\View.php(213): include('C:\\xampp\\htdocs\\gauna_octavio\\app\\Views\\front\\pages\\private\\DashboardPage.php')
 4 SYSTEMPATH\View\View.php(216): CodeIgniter\View\View->CodeIgniter\View\{closure}()
 5 SYSTEMPATH\Common.php(1184): CodeIgniter\View\View->render('front/pages/private/DashboardPage', [], true)
 6 APPPATH\Controllers\Custom.php(65): view('front/pages/private/DashboardPage')
 7 SYSTEMPATH\CodeIgniter.php(934): App\Controllers\Custom->dashboardAdmin()
 8 SYSTEMPATH\CodeIgniter.php(499): CodeIgniter\CodeIgniter->runController(Object(App\Controllers\Custom))
 9 SYSTEMPATH\CodeIgniter.php(368): CodeIgniter\CodeIgniter->handleRequest(null, Object(Config\Cache), false)
10 FCPATH\index.php(67): CodeIgniter\CodeIgniter->run()
CRITICAL - 2023-04-19 19:00:19 --> include(front/components/panelAdmin.php): failed to open stream: No such file or directory
in APPPATH\Views\front\pages\private\DashboardPage.php on line 3.
 1 APPPATH\Views\front\pages\private\DashboardPage.php(3): CodeIgniter\Debug\Exceptions->errorHandler(2, 'include(front/components/panelAdmin.php): failed to open stream: No such file or directory', 'C:\\xampp\\htdocs\\gauna_octavio\\app\\Views\\front\\pages\\private\\DashboardPage.php', 3, [])
 2 APPPATH\Views\front\pages\private\DashboardPage.php(3): include()
 3 SYSTEMPATH\View\View.php(213): include('C:\\xampp\\htdocs\\gauna_octavio\\app\\Views\\front\\pages\\private\\DashboardPage.php')
 4 SYSTEMPATH\View\View.php(216): CodeIgniter\View\View->CodeIgniter\View\{closure}()
 5 SYSTEMPATH\Common.php(1184): CodeIgniter\View\View->render('front/pages/private/DashboardPage', [], true)
 6 APPPATH\Controllers\Custom.php(65): view('front/pages/private/DashboardPage')
 7 SYSTEMPATH\CodeIgniter.php(934): App\Controllers\Custom->dashboardAdmin()
 8 SYSTEMPATH\CodeIgniter.php(499): CodeIgniter\CodeIgniter->runController(Object(App\Controllers\Custom))
 9 SYSTEMPATH\CodeIgniter.php(368): CodeIgniter\CodeIgniter->handleRequest(null, Object(Config\Cache), false)
10 FCPATH\index.php(67): CodeIgniter\CodeIgniter->run()
CRITICAL - 2023-04-19 19:05:17 --> Undefined variable: title
in APPPATH\Views\front\pages\HeaderPage.php on line 9.
 1 APPPATH\Views\front\pages\HeaderPage.php(9): CodeIgniter\Debug\Exceptions->errorHandler(8, 'Undefined variable: title', 'C:\\xampp\\htdocs\\gauna_octavio\\app\\Views\\front\\pages\\HeaderPage.php', 9, [])
 2 SYSTEMPATH\View\View.php(213): include('C:\\xampp\\htdocs\\gauna_octavio\\app\\Views\\front\\pages\\HeaderPage.php')
 3 SYSTEMPATH\View\View.php(216): CodeIgniter\View\View->CodeIgniter\View\{closure}()
 4 SYSTEMPATH\Common.php(1184): CodeIgniter\View\View->render('front/pages/HeaderPage', [], true)
 5 APPPATH\Controllers\Custom.php(10): view('front/pages/HeaderPage')
 6 SYSTEMPATH\CodeIgniter.php(934): App\Controllers\Custom->home()
 7 SYSTEMPATH\CodeIgniter.php(499): CodeIgniter\CodeIgniter->runController(Object(App\Controllers\Custom))
 8 SYSTEMPATH\CodeIgniter.php(368): CodeIgniter\CodeIgniter->handleRequest(null, Object(Config\Cache), false)
 9 FCPATH\index.php(67): CodeIgniter\CodeIgniter->run()
CRITICAL - 2023-04-19 19:05:17 --> Undefined variable: title
in APPPATH\Views\front\pages\HeaderPage.php on line 9.
 1 APPPATH\Views\front\pages\HeaderPage.php(9): CodeIgniter\Debug\Exceptions->errorHandler(8, 'Undefined variable: title', 'C:\\xampp\\htdocs\\gauna_octavio\\app\\Views\\front\\pages\\HeaderPage.php', 9, [])
 2 SYSTEMPATH\View\View.php(213): include('C:\\xampp\\htdocs\\gauna_octavio\\app\\Views\\front\\pages\\HeaderPage.php')
 3 SYSTEMPATH\View\View.php(216): CodeIgniter\View\View->CodeIgniter\View\{closure}()
 4 SYSTEMPATH\Common.php(1184): CodeIgniter\View\View->render('front/pages/HeaderPage', [], true)
 5 APPPATH\Controllers\Custom.php(10): view('front/pages/HeaderPage')
 6 SYSTEMPATH\CodeIgniter.php(934): App\Controllers\Custom->home()
 7 SYSTEMPATH\CodeIgniter.php(499): CodeIgniter\CodeIgniter->runController(Object(App\Controllers\Custom))
 8 SYSTEMPATH\CodeIgniter.php(368): CodeIgniter\CodeIgniter->handleRequest(null, Object(Config\Cache), false)
 9 FCPATH\index.php(67): CodeIgniter\CodeIgniter->run()
CRITICAL - 2023-04-19 19:07:39 --> Undefined property: App\Controllers\Shoe::$title
in APPPATH\Views\front\pages\product.php on line 22.
 1 APPPATH\Views\front\pages\product.php(22): CodeIgniter\Debug\Exceptions->errorHandler(8, 'Undefined property: App\\Controllers\\Shoe::$title', 'C:\\xampp\\htdocs\\gauna_octavio\\app\\Views\\front\\pages\\product.php', 22, [...])
 2 SYSTEMPATH\View\View.php(213): include('C:\\xampp\\htdocs\\gauna_octavio\\app\\Views\\front\\pages\\product.php')
 3 SYSTEMPATH\View\View.php(216): CodeIgniter\View\View->CodeIgniter\View\{closure}()
 4 SYSTEMPATH\Common.php(1184): CodeIgniter\View\View->render('front/pages/product', [], true)
 5 APPPATH\Controllers\Custom.php(41): view('front/pages/product')
 6 SYSTEMPATH\CodeIgniter.php(934): App\Controllers\Custom->product()
 7 SYSTEMPATH\CodeIgniter.php(499): CodeIgniter\CodeIgniter->runController(Object(App\Controllers\Custom))
 8 SYSTEMPATH\CodeIgniter.php(368): CodeIgniter\CodeIgniter->handleRequest(null, Object(Config\Cache), false)
 9 FCPATH\index.php(67): CodeIgniter\CodeIgniter->run()
CRITICAL - 2023-04-19 19:08:32 --> Undefined variable: name
in APPPATH\Views\front\pages\product.php on line 22.
 1 APPPATH\Views\front\pages\product.php(22): CodeIgniter\Debug\Exceptions->errorHandler(8, 'Undefined variable: name', 'C:\\xampp\\htdocs\\gauna_octavio\\app\\Views\\front\\pages\\product.php', 22, [...])
 2 SYSTEMPATH\View\View.php(213): include('C:\\xampp\\htdocs\\gauna_octavio\\app\\Views\\front\\pages\\product.php')
 3 SYSTEMPATH\View\View.php(216): CodeIgniter\View\View->CodeIgniter\View\{closure}()
 4 SYSTEMPATH\Common.php(1184): CodeIgniter\View\View->render('front/pages/product', [], true)
 5 APPPATH\Controllers\Custom.php(41): view('front/pages/product')
 6 SYSTEMPATH\CodeIgniter.php(934): App\Controllers\Custom->product()
 7 SYSTEMPATH\CodeIgniter.php(499): CodeIgniter\CodeIgniter->runController(Object(App\Controllers\Custom))
 8 SYSTEMPATH\CodeIgniter.php(368): CodeIgniter\CodeIgniter->handleRequest(null, Object(Config\Cache), false)
 9 FCPATH\index.php(67): CodeIgniter\CodeIgniter->run()
CRITICAL - 2023-04-19 19:08:32 --> Undefined variable: name
in APPPATH\Views\front\pages\product.php on line 22.
 1 APPPATH\Views\front\pages\product.php(22): CodeIgniter\Debug\Exceptions->errorHandler(8, 'Undefined variable: name', 'C:\\xampp\\htdocs\\gauna_octavio\\app\\Views\\front\\pages\\product.php', 22, [...])
 2 SYSTEMPATH\View\View.php(213): include('C:\\xampp\\htdocs\\gauna_octavio\\app\\Views\\front\\pages\\product.php')
 3 SYSTEMPATH\View\View.php(216): CodeIgniter\View\View->CodeIgniter\View\{closure}()
 4 SYSTEMPATH\Common.php(1184): CodeIgniter\View\View->render('front/pages/product', [], true)
 5 APPPATH\Controllers\Custom.php(41): view('front/pages/product')
 6 SYSTEMPATH\CodeIgniter.php(934): App\Controllers\Custom->product()
 7 SYSTEMPATH\CodeIgniter.php(499): CodeIgniter\CodeIgniter->runController(Object(App\Controllers\Custom))
 8 SYSTEMPATH\CodeIgniter.php(368): CodeIgniter\CodeIgniter->handleRequest(null, Object(Config\Cache), false)
 9 FCPATH\index.php(67): CodeIgniter\CodeIgniter->run()
CRITICAL - 2023-04-19 19:20:02 --> include(../components/card.php): failed to open stream: No such file or directory
in APPPATH\Views\front\pages\ProductsPage.php on line 72.
 1 APPPATH\Views\front\pages\ProductsPage.php(72): CodeIgniter\Debug\Exceptions->errorHandler(2, 'include(../components/card.php): failed to open stream: No such file or directory', 'C:\\xampp\\htdocs\\gauna_octavio\\app\\Views\\front\\pages\\ProductsPage.php', 72, [...])
 2 APPPATH\Views\front\pages\ProductsPage.php(72): include()
 3 SYSTEMPATH\View\View.php(213): include('C:\\xampp\\htdocs\\gauna_octavio\\app\\Views\\front\\pages\\ProductsPage.php')
 4 SYSTEMPATH\View\View.php(216): CodeIgniter\View\View->CodeIgniter\View\{closure}()
 5 SYSTEMPATH\Common.php(1184): CodeIgniter\View\View->render('front/pages/productsPage', [], true)
 6 APPPATH\Controllers\Custom.php(49): view('front/pages/productsPage')
 7 SYSTEMPATH\CodeIgniter.php(934): App\Controllers\Custom->products()
 8 SYSTEMPATH\CodeIgniter.php(499): CodeIgniter\CodeIgniter->runController(Object(App\Controllers\Custom))
 9 SYSTEMPATH\CodeIgniter.php(368): CodeIgniter\CodeIgniter->handleRequest(null, Object(Config\Cache), false)
10 FCPATH\index.php(67): CodeIgniter\CodeIgniter->run()
CRITICAL - 2023-04-19 19:20:03 --> include(../components/card.php): failed to open stream: No such file or directory
in APPPATH\Views\front\pages\ProductsPage.php on line 72.
 1 APPPATH\Views\front\pages\ProductsPage.php(72): CodeIgniter\Debug\Exceptions->errorHandler(2, 'include(../components/card.php): failed to open stream: No such file or directory', 'C:\\xampp\\htdocs\\gauna_octavio\\app\\Views\\front\\pages\\ProductsPage.php', 72, [...])
 2 APPPATH\Views\front\pages\ProductsPage.php(72): include()
 3 SYSTEMPATH\View\View.php(213): include('C:\\xampp\\htdocs\\gauna_octavio\\app\\Views\\front\\pages\\ProductsPage.php')
 4 SYSTEMPATH\View\View.php(216): CodeIgniter\View\View->CodeIgniter\View\{closure}()
 5 SYSTEMPATH\Common.php(1184): CodeIgniter\View\View->render('front/pages/productsPage', [], true)
 6 APPPATH\Controllers\Custom.php(49): view('front/pages/productsPage')
 7 SYSTEMPATH\CodeIgniter.php(934): App\Controllers\Custom->products()
 8 SYSTEMPATH\CodeIgniter.php(499): CodeIgniter\CodeIgniter->runController(Object(App\Controllers\Custom))
 9 SYSTEMPATH\CodeIgniter.php(368): CodeIgniter\CodeIgniter->handleRequest(null, Object(Config\Cache), false)
10 FCPATH\index.php(67): CodeIgniter\CodeIgniter->run()
CRITICAL - 2023-04-19 19:20:12 --> include(components/card.php): failed to open stream: No such file or directory
in APPPATH\Views\front\pages\ProductsPage.php on line 72.
 1 APPPATH\Views\front\pages\ProductsPage.php(72): CodeIgniter\Debug\Exceptions->errorHandler(2, 'include(components/card.php): failed to open stream: No such file or directory', 'C:\\xampp\\htdocs\\gauna_octavio\\app\\Views\\front\\pages\\ProductsPage.php', 72, [...])
 2 APPPATH\Views\front\pages\ProductsPage.php(72): include()
 3 SYSTEMPATH\View\View.php(213): include('C:\\xampp\\htdocs\\gauna_octavio\\app\\Views\\front\\pages\\ProductsPage.php')
 4 SYSTEMPATH\View\View.php(216): CodeIgniter\View\View->CodeIgniter\View\{closure}()
 5 SYSTEMPATH\Common.php(1184): CodeIgniter\View\View->render('front/pages/productsPage', [], true)
 6 APPPATH\Controllers\Custom.php(49): view('front/pages/productsPage')
 7 SYSTEMPATH\CodeIgniter.php(934): App\Controllers\Custom->products()
 8 SYSTEMPATH\CodeIgniter.php(499): CodeIgniter\CodeIgniter->runController(Object(App\Controllers\Custom))
 9 SYSTEMPATH\CodeIgniter.php(368): CodeIgniter\CodeIgniter->handleRequest(null, Object(Config\Cache), false)
10 FCPATH\index.php(67): CodeIgniter\CodeIgniter->run()
CRITICAL - 2023-04-19 19:20:12 --> include(components/card.php): failed to open stream: No such file or directory
in APPPATH\Views\front\pages\ProductsPage.php on line 72.
 1 APPPATH\Views\front\pages\ProductsPage.php(72): CodeIgniter\Debug\Exceptions->errorHandler(2, 'include(components/card.php): failed to open stream: No such file or directory', 'C:\\xampp\\htdocs\\gauna_octavio\\app\\Views\\front\\pages\\ProductsPage.php', 72, [...])
 2 APPPATH\Views\front\pages\ProductsPage.php(72): include()
 3 SYSTEMPATH\View\View.php(213): include('C:\\xampp\\htdocs\\gauna_octavio\\app\\Views\\front\\pages\\ProductsPage.php')
 4 SYSTEMPATH\View\View.php(216): CodeIgniter\View\View->CodeIgniter\View\{closure}()
 5 SYSTEMPATH\Common.php(1184): CodeIgniter\View\View->render('front/pages/productsPage', [], true)
 6 APPPATH\Controllers\Custom.php(49): view('front/pages/productsPage')
 7 SYSTEMPATH\CodeIgniter.php(934): App\Controllers\Custom->products()
 8 SYSTEMPATH\CodeIgniter.php(499): CodeIgniter\CodeIgniter->runController(Object(App\Controllers\Custom))
 9 SYSTEMPATH\CodeIgniter.php(368): CodeIgniter\CodeIgniter->handleRequest(null, Object(Config\Cache), false)
10 FCPATH\index.php(67): CodeIgniter\CodeIgniter->run()
CRITICAL - 2023-04-19 19:20:20 --> include(components/card.php): failed to open stream: No such file or directory
in APPPATH\Views\front\pages\ProductsPage.php on line 72.
 1 APPPATH\Views\front\pages\ProductsPage.php(72): CodeIgniter\Debug\Exceptions->errorHandler(2, 'include(components/card.php): failed to open stream: No such file or directory', 'C:\\xampp\\htdocs\\gauna_octavio\\app\\Views\\front\\pages\\ProductsPage.php', 72, [...])
 2 APPPATH\Views\front\pages\ProductsPage.php(72): include()
 3 SYSTEMPATH\View\View.php(213): include('C:\\xampp\\htdocs\\gauna_octavio\\app\\Views\\front\\pages\\ProductsPage.php')
 4 SYSTEMPATH\View\View.php(216): CodeIgniter\View\View->CodeIgniter\View\{closure}()
 5 SYSTEMPATH\Common.php(1184): CodeIgniter\View\View->render('front/pages/productsPage', [], true)
 6 APPPATH\Controllers\Custom.php(49): view('front/pages/productsPage')
 7 SYSTEMPATH\CodeIgniter.php(934): App\Controllers\Custom->products()
 8 SYSTEMPATH\CodeIgniter.php(499): CodeIgniter\CodeIgniter->runController(Object(App\Controllers\Custom))
 9 SYSTEMPATH\CodeIgniter.php(368): CodeIgniter\CodeIgniter->handleRequest(null, Object(Config\Cache), false)
10 FCPATH\index.php(67): CodeIgniter\CodeIgniter->run()
CRITICAL - 2023-04-19 19:20:21 --> include(components/card.php): failed to open stream: No such file or directory
in APPPATH\Views\front\pages\ProductsPage.php on line 72.
 1 APPPATH\Views\front\pages\ProductsPage.php(72): CodeIgniter\Debug\Exceptions->errorHandler(2, 'include(components/card.php): failed to open stream: No such file or directory', 'C:\\xampp\\htdocs\\gauna_octavio\\app\\Views\\front\\pages\\ProductsPage.php', 72, [...])
 2 APPPATH\Views\front\pages\ProductsPage.php(72): include()
 3 SYSTEMPATH\View\View.php(213): include('C:\\xampp\\htdocs\\gauna_octavio\\app\\Views\\front\\pages\\ProductsPage.php')
 4 SYSTEMPATH\View\View.php(216): CodeIgniter\View\View->CodeIgniter\View\{closure}()
 5 SYSTEMPATH\Common.php(1184): CodeIgniter\View\View->render('front/pages/productsPage', [], true)
 6 APPPATH\Controllers\Custom.php(49): view('front/pages/productsPage')
 7 SYSTEMPATH\CodeIgniter.php(934): App\Controllers\Custom->products()
 8 SYSTEMPATH\CodeIgniter.php(499): CodeIgniter\CodeIgniter->runController(Object(App\Controllers\Custom))
 9 SYSTEMPATH\CodeIgniter.php(368): CodeIgniter\CodeIgniter->handleRequest(null, Object(Config\Cache), false)
10 FCPATH\index.php(67): CodeIgniter\CodeIgniter->run()
CRITICAL - 2023-04-19 19:20:21 --> include(components/card.php): failed to open stream: No such file or directory
in APPPATH\Views\front\pages\ProductsPage.php on line 72.
 1 APPPATH\Views\front\pages\ProductsPage.php(72): CodeIgniter\Debug\Exceptions->errorHandler(2, 'include(components/card.php): failed to open stream: No such file or directory', 'C:\\xampp\\htdocs\\gauna_octavio\\app\\Views\\front\\pages\\ProductsPage.php', 72, [...])
 2 APPPATH\Views\front\pages\ProductsPage.php(72): include()
 3 SYSTEMPATH\View\View.php(213): include('C:\\xampp\\htdocs\\gauna_octavio\\app\\Views\\front\\pages\\ProductsPage.php')
 4 SYSTEMPATH\View\View.php(216): CodeIgniter\View\View->CodeIgniter\View\{closure}()
 5 SYSTEMPATH\Common.php(1184): CodeIgniter\View\View->render('front/pages/productsPage', [], true)
 6 APPPATH\Controllers\Custom.php(49): view('front/pages/productsPage')
 7 SYSTEMPATH\CodeIgniter.php(934): App\Controllers\Custom->products()
 8 SYSTEMPATH\CodeIgniter.php(499): CodeIgniter\CodeIgniter->runController(Object(App\Controllers\Custom))
 9 SYSTEMPATH\CodeIgniter.php(368): CodeIgniter\CodeIgniter->handleRequest(null, Object(Config\Cache), false)
10 FCPATH\index.php(67): CodeIgniter\CodeIgniter->run()
CRITICAL - 2023-04-19 19:24:30 --> Undefined variable: imagesURL
in APPPATH\Views\front\pages\product.php on line 14.
 1 APPPATH\Views\front\pages\product.php(14): CodeIgniter\Debug\Exceptions->errorHandler(8, 'Undefined variable: imagesURL', 'C:\\xampp\\htdocs\\gauna_octavio\\app\\Views\\front\\pages\\product.php', 14, [...])
 2 SYSTEMPATH\View\View.php(213): include('C:\\xampp\\htdocs\\gauna_octavio\\app\\Views\\front\\pages\\product.php')
 3 SYSTEMPATH\View\View.php(216): CodeIgniter\View\View->CodeIgniter\View\{closure}()
 4 SYSTEMPATH\Common.php(1184): CodeIgniter\View\View->render('front/pages/product', [], true)
 5 APPPATH\Controllers\Custom.php(44): view('front/pages/product')
 6 SYSTEMPATH\CodeIgniter.php(934): App\Controllers\Custom->product()
 7 SYSTEMPATH\CodeIgniter.php(499): CodeIgniter\CodeIgniter->runController(Object(App\Controllers\Custom))
 8 SYSTEMPATH\CodeIgniter.php(368): CodeIgniter\CodeIgniter->handleRequest(null, Object(Config\Cache), false)
 9 FCPATH\index.php(67): CodeIgniter\CodeIgniter->run()
CRITICAL - 2023-04-19 19:24:41 --> Trying to access array offset on value of type null
in APPPATH\Views\front\pages\product.php on line 14.
 1 APPPATH\Views\front\pages\product.php(14): CodeIgniter\Debug\Exceptions->errorHandler(8, 'Trying to access array offset on value of type null', 'C:\\xampp\\htdocs\\gauna_octavio\\app\\Views\\front\\pages\\product.php', 14, [...])
 2 SYSTEMPATH\View\View.php(213): include('C:\\xampp\\htdocs\\gauna_octavio\\app\\Views\\front\\pages\\product.php')
 3 SYSTEMPATH\View\View.php(216): CodeIgniter\View\View->CodeIgniter\View\{closure}()
 4 SYSTEMPATH\Common.php(1184): CodeIgniter\View\View->render('front/pages/product', [], true)
 5 APPPATH\Controllers\Custom.php(44): view('front/pages/product')
 6 SYSTEMPATH\CodeIgniter.php(934): App\Controllers\Custom->product()
 7 SYSTEMPATH\CodeIgniter.php(499): CodeIgniter\CodeIgniter->runController(Object(App\Controllers\Custom))
 8 SYSTEMPATH\CodeIgniter.php(368): CodeIgniter\CodeIgniter->handleRequest(null, Object(Config\Cache), false)
 9 FCPATH\index.php(67): CodeIgniter\CodeIgniter->run()
CRITICAL - 2023-04-19 19:24:42 --> Trying to access array offset on value of type null
in APPPATH\Views\front\pages\product.php on line 14.
 1 APPPATH\Views\front\pages\product.php(14): CodeIgniter\Debug\Exceptions->errorHandler(8, 'Trying to access array offset on value of type null', 'C:\\xampp\\htdocs\\gauna_octavio\\app\\Views\\front\\pages\\product.php', 14, [...])
 2 SYSTEMPATH\View\View.php(213): include('C:\\xampp\\htdocs\\gauna_octavio\\app\\Views\\front\\pages\\product.php')
 3 SYSTEMPATH\View\View.php(216): CodeIgniter\View\View->CodeIgniter\View\{closure}()
 4 SYSTEMPATH\Common.php(1184): CodeIgniter\View\View->render('front/pages/product', [], true)
 5 APPPATH\Controllers\Custom.php(44): view('front/pages/product')
 6 SYSTEMPATH\CodeIgniter.php(934): App\Controllers\Custom->product()
 7 SYSTEMPATH\CodeIgniter.php(499): CodeIgniter\CodeIgniter->runController(Object(App\Controllers\Custom))
 8 SYSTEMPATH\CodeIgniter.php(368): CodeIgniter\CodeIgniter->handleRequest(null, Object(Config\Cache), false)
 9 FCPATH\index.php(67): CodeIgniter\CodeIgniter->run()
CRITICAL - 2023-04-19 19:25:31 --> Trying to access array offset on value of type null
in APPPATH\Views\front\pages\product.php on line 14.
 1 APPPATH\Views\front\pages\product.php(14): CodeIgniter\Debug\Exceptions->errorHandler(8, 'Trying to access array offset on value of type null', 'C:\\xampp\\htdocs\\gauna_octavio\\app\\Views\\front\\pages\\product.php', 14, [...])
 2 SYSTEMPATH\View\View.php(213): include('C:\\xampp\\htdocs\\gauna_octavio\\app\\Views\\front\\pages\\product.php')
 3 SYSTEMPATH\View\View.php(216): CodeIgniter\View\View->CodeIgniter\View\{closure}()
 4 SYSTEMPATH\Common.php(1184): CodeIgniter\View\View->render('front/pages/product', [], true)
 5 APPPATH\Controllers\Custom.php(44): view('front/pages/product')
 6 SYSTEMPATH\CodeIgniter.php(934): App\Controllers\Custom->product()
 7 SYSTEMPATH\CodeIgniter.php(499): CodeIgniter\CodeIgniter->runController(Object(App\Controllers\Custom))
 8 SYSTEMPATH\CodeIgniter.php(368): CodeIgniter\CodeIgniter->handleRequest(null, Object(Config\Cache), false)
 9 FCPATH\index.php(67): CodeIgniter\CodeIgniter->run()
CRITICAL - 2023-04-19 19:26:48 --> syntax error, unexpected '/'
in APPPATH\Views\front\pages\product.php on line 26.
 1 SYSTEMPATH\View\View.php(216): CodeIgniter\View\View->CodeIgniter\View\{closure}()
 2 SYSTEMPATH\Common.php(1184): CodeIgniter\View\View->render('front/pages/product', [], true)
 3 APPPATH\Controllers\Custom.php(44): view('front/pages/product')
 4 SYSTEMPATH\CodeIgniter.php(934): App\Controllers\Custom->product()
 5 SYSTEMPATH\CodeIgniter.php(499): CodeIgniter\CodeIgniter->runController(Object(App\Controllers\Custom))
 6 SYSTEMPATH\CodeIgniter.php(368): CodeIgniter\CodeIgniter->handleRequest(null, Object(Config\Cache), false)
 7 FCPATH\index.php(67): CodeIgniter\CodeIgniter->run()
CRITICAL - 2023-04-19 19:26:49 --> syntax error, unexpected '/'
in APPPATH\Views\front\pages\product.php on line 26.
 1 SYSTEMPATH\View\View.php(216): CodeIgniter\View\View->CodeIgniter\View\{closure}()
 2 SYSTEMPATH\Common.php(1184): CodeIgniter\View\View->render('front/pages/product', [], true)
 3 APPPATH\Controllers\Custom.php(44): view('front/pages/product')
 4 SYSTEMPATH\CodeIgniter.php(934): App\Controllers\Custom->product()
 5 SYSTEMPATH\CodeIgniter.php(499): CodeIgniter\CodeIgniter->runController(Object(App\Controllers\Custom))
 6 SYSTEMPATH\CodeIgniter.php(368): CodeIgniter\CodeIgniter->handleRequest(null, Object(Config\Cache), false)
 7 FCPATH\index.php(67): CodeIgniter\CodeIgniter->run()
CRITICAL - 2023-04-19 19:27:33 --> Trying to access array offset on value of type null
in APPPATH\Views\front\pages\product.php on line 14.
 1 APPPATH\Views\front\pages\product.php(14): CodeIgniter\Debug\Exceptions->errorHandler(8, 'Trying to access array offset on value of type null', 'C:\\xampp\\htdocs\\gauna_octavio\\app\\Views\\front\\pages\\product.php', 14, [...])
 2 SYSTEMPATH\View\View.php(213): include('C:\\xampp\\htdocs\\gauna_octavio\\app\\Views\\front\\pages\\product.php')
 3 SYSTEMPATH\View\View.php(216): CodeIgniter\View\View->CodeIgniter\View\{closure}()
 4 SYSTEMPATH\Common.php(1184): CodeIgniter\View\View->render('front/pages/product', [], true)
 5 APPPATH\Controllers\Custom.php(44): view('front/pages/product')
 6 SYSTEMPATH\CodeIgniter.php(934): App\Controllers\Custom->product()
 7 SYSTEMPATH\CodeIgniter.php(499): CodeIgniter\CodeIgniter->runController(Object(App\Controllers\Custom))
 8 SYSTEMPATH\CodeIgniter.php(368): CodeIgniter\CodeIgniter->handleRequest(null, Object(Config\Cache), false)
 9 FCPATH\index.php(67): CodeIgniter\CodeIgniter->run()
CRITICAL - 2023-04-19 19:27:48 --> Trying to access array offset on value of type null
in APPPATH\Views\front\pages\product.php on line 14.
 1 APPPATH\Views\front\pages\product.php(14): CodeIgniter\Debug\Exceptions->errorHandler(8, 'Trying to access array offset on value of type null', 'C:\\xampp\\htdocs\\gauna_octavio\\app\\Views\\front\\pages\\product.php', 14, [...])
 2 SYSTEMPATH\View\View.php(213): include('C:\\xampp\\htdocs\\gauna_octavio\\app\\Views\\front\\pages\\product.php')
 3 SYSTEMPATH\View\View.php(216): CodeIgniter\View\View->CodeIgniter\View\{closure}()
 4 SYSTEMPATH\Common.php(1184): CodeIgniter\View\View->render('front/pages/product', [], true)
 5 APPPATH\Controllers\Custom.php(44): view('front/pages/product')
 6 SYSTEMPATH\CodeIgniter.php(934): App\Controllers\Custom->product()
 7 SYSTEMPATH\CodeIgniter.php(499): CodeIgniter\CodeIgniter->runController(Object(App\Controllers\Custom))
 8 SYSTEMPATH\CodeIgniter.php(368): CodeIgniter\CodeIgniter->handleRequest(null, Object(Config\Cache), false)
 9 FCPATH\index.php(67): CodeIgniter\CodeIgniter->run()
CRITICAL - 2023-04-19 19:28:19 --> syntax error, unexpected ':', expecting ';' or ','
in APPPATH\Controllers\Custom.php on line 102.
 1 SYSTEMPATH\Autoloader\Autoloader.php(289): CodeIgniter\Autoloader\Autoloader->includeFile('C:\\xampp\\htdocs\\gauna_octavio\\app\\Controllers\\Custom.php')
 2 SYSTEMPATH\Autoloader\Autoloader.php(267): CodeIgniter\Autoloader\Autoloader->loadInNamespace('App\\Controllers\\Custom')
 3 [internal function]: CodeIgniter\Autoloader\Autoloader->loadClass('App\\Controllers\\Custom')
 4 [internal function]: spl_autoload_call('App\\Controllers\\Custom')
 5 SYSTEMPATH\CodeIgniter.php(892): class_exists('\\App\\Controllers\\Custom', true)
 6 SYSTEMPATH\CodeIgniter.php(486): CodeIgniter\CodeIgniter->startController()
 7 SYSTEMPATH\CodeIgniter.php(368): CodeIgniter\CodeIgniter->handleRequest(null, Object(Config\Cache), false)
 8 FCPATH\index.php(67): CodeIgniter\CodeIgniter->run()
CRITICAL - 2023-04-19 19:30:44 --> Invalid argument supplied for foreach()
in APPPATH\Views\front\pages\product.php on line 8.
 1 APPPATH\Views\front\pages\product.php(8): CodeIgniter\Debug\Exceptions->errorHandler(2, 'Invalid argument supplied for foreach()', 'C:\\xampp\\htdocs\\gauna_octavio\\app\\Views\\front\\pages\\product.php', 8, [...])
 2 SYSTEMPATH\View\View.php(213): include('C:\\xampp\\htdocs\\gauna_octavio\\app\\Views\\front\\pages\\product.php')
 3 SYSTEMPATH\View\View.php(216): CodeIgniter\View\View->CodeIgniter\View\{closure}()
 4 SYSTEMPATH\Common.php(1184): CodeIgniter\View\View->render('front/pages/product', [], true)
 5 APPPATH\Controllers\Custom.php(44): view('front/pages/product')
 6 SYSTEMPATH\CodeIgniter.php(934): App\Controllers\Custom->product()
 7 SYSTEMPATH\CodeIgniter.php(499): CodeIgniter\CodeIgniter->runController(Object(App\Controllers\Custom))
 8 SYSTEMPATH\CodeIgniter.php(368): CodeIgniter\CodeIgniter->handleRequest(null, Object(Config\Cache), false)
 9 FCPATH\index.php(67): CodeIgniter\CodeIgniter->run()
CRITICAL - 2023-04-19 19:30:45 --> Invalid argument supplied for foreach()
in APPPATH\Views\front\pages\product.php on line 8.
 1 APPPATH\Views\front\pages\product.php(8): CodeIgniter\Debug\Exceptions->errorHandler(2, 'Invalid argument supplied for foreach()', 'C:\\xampp\\htdocs\\gauna_octavio\\app\\Views\\front\\pages\\product.php', 8, [...])
 2 SYSTEMPATH\View\View.php(213): include('C:\\xampp\\htdocs\\gauna_octavio\\app\\Views\\front\\pages\\product.php')
 3 SYSTEMPATH\View\View.php(216): CodeIgniter\View\View->CodeIgniter\View\{closure}()
 4 SYSTEMPATH\Common.php(1184): CodeIgniter\View\View->render('front/pages/product', [], true)
 5 APPPATH\Controllers\Custom.php(44): view('front/pages/product')
 6 SYSTEMPATH\CodeIgniter.php(934): App\Controllers\Custom->product()
 7 SYSTEMPATH\CodeIgniter.php(499): CodeIgniter\CodeIgniter->runController(Object(App\Controllers\Custom))
 8 SYSTEMPATH\CodeIgniter.php(368): CodeIgniter\CodeIgniter->handleRequest(null, Object(Config\Cache), false)
 9 FCPATH\index.php(67): CodeIgniter\CodeIgniter->run()
CRITICAL - 2023-04-19 19:31:26 --> Trying to access array offset on value of type null
in APPPATH\Views\front\pages\product.php on line 15.
 1 APPPATH\Views\front\pages\product.php(15): CodeIgniter\Debug\Exceptions->errorHandler(8, 'Trying to access array offset on value of type null', 'C:\\xampp\\htdocs\\gauna_octavio\\app\\Views\\front\\pages\\product.php', 15, [...])
 2 SYSTEMPATH\View\View.php(213): include('C:\\xampp\\htdocs\\gauna_octavio\\app\\Views\\front\\pages\\product.php')
 3 SYSTEMPATH\View\View.php(216): CodeIgniter\View\View->CodeIgniter\View\{closure}()
 4 SYSTEMPATH\Common.php(1184): CodeIgniter\View\View->render('front/pages/product', [], true)
 5 APPPATH\Controllers\Custom.php(44): view('front/pages/product')
 6 SYSTEMPATH\CodeIgniter.php(934): App\Controllers\Custom->product()
 7 SYSTEMPATH\CodeIgniter.php(499): CodeIgniter\CodeIgniter->runController(Object(App\Controllers\Custom))
 8 SYSTEMPATH\CodeIgniter.php(368): CodeIgniter\CodeIgniter->handleRequest(null, Object(Config\Cache), false)
 9 FCPATH\index.php(67): CodeIgniter\CodeIgniter->run()
CRITICAL - 2023-04-19 19:32:22 --> Trying to access array offset on value of type null
in APPPATH\Views\front\pages\product.php on line 15.
 1 APPPATH\Views\front\pages\product.php(15): CodeIgniter\Debug\Exceptions->errorHandler(8, 'Trying to access array offset on value of type null', 'C:\\xampp\\htdocs\\gauna_octavio\\app\\Views\\front\\pages\\product.php', 15, [...])
 2 SYSTEMPATH\View\View.php(213): include('C:\\xampp\\htdocs\\gauna_octavio\\app\\Views\\front\\pages\\product.php')
 3 SYSTEMPATH\View\View.php(216): CodeIgniter\View\View->CodeIgniter\View\{closure}()
 4 SYSTEMPATH\Common.php(1184): CodeIgniter\View\View->render('front/pages/product', [], true)
 5 APPPATH\Controllers\Custom.php(44): view('front/pages/product')
 6 SYSTEMPATH\CodeIgniter.php(934): App\Controllers\Custom->product()
 7 SYSTEMPATH\CodeIgniter.php(499): CodeIgniter\CodeIgniter->runController(Object(App\Controllers\Custom))
 8 SYSTEMPATH\CodeIgniter.php(368): CodeIgniter\CodeIgniter->handleRequest(null, Object(Config\Cache), false)
 9 FCPATH\index.php(67): CodeIgniter\CodeIgniter->run()
CRITICAL - 2023-04-19 19:32:22 --> Trying to access array offset on value of type null
in APPPATH\Views\front\pages\product.php on line 15.
 1 APPPATH\Views\front\pages\product.php(15): CodeIgniter\Debug\Exceptions->errorHandler(8, 'Trying to access array offset on value of type null', 'C:\\xampp\\htdocs\\gauna_octavio\\app\\Views\\front\\pages\\product.php', 15, [...])
 2 SYSTEMPATH\View\View.php(213): include('C:\\xampp\\htdocs\\gauna_octavio\\app\\Views\\front\\pages\\product.php')
 3 SYSTEMPATH\View\View.php(216): CodeIgniter\View\View->CodeIgniter\View\{closure}()
 4 SYSTEMPATH\Common.php(1184): CodeIgniter\View\View->render('front/pages/product', [], true)
 5 APPPATH\Controllers\Custom.php(44): view('front/pages/product')
 6 SYSTEMPATH\CodeIgniter.php(934): App\Controllers\Custom->product()
 7 SYSTEMPATH\CodeIgniter.php(499): CodeIgniter\CodeIgniter->runController(Object(App\Controllers\Custom))
 8 SYSTEMPATH\CodeIgniter.php(368): CodeIgniter\CodeIgniter->handleRequest(null, Object(Config\Cache), false)
 9 FCPATH\index.php(67): CodeIgniter\CodeIgniter->run()
CRITICAL - 2023-04-19 19:32:37 --> Trying to access array offset on value of type null
in APPPATH\Views\front\pages\product.php on line 15.
 1 APPPATH\Views\front\pages\product.php(15): CodeIgniter\Debug\Exceptions->errorHandler(8, 'Trying to access array offset on value of type null', 'C:\\xampp\\htdocs\\gauna_octavio\\app\\Views\\front\\pages\\product.php', 15, [...])
 2 SYSTEMPATH\View\View.php(213): include('C:\\xampp\\htdocs\\gauna_octavio\\app\\Views\\front\\pages\\product.php')
 3 SYSTEMPATH\View\View.php(216): CodeIgniter\View\View->CodeIgniter\View\{closure}()
 4 SYSTEMPATH\Common.php(1184): CodeIgniter\View\View->render('front/pages/product', [], true)
 5 APPPATH\Controllers\Custom.php(44): view('front/pages/product')
 6 SYSTEMPATH\CodeIgniter.php(934): App\Controllers\Custom->product()
 7 SYSTEMPATH\CodeIgniter.php(499): CodeIgniter\CodeIgniter->runController(Object(App\Controllers\Custom))
 8 SYSTEMPATH\CodeIgniter.php(368): CodeIgniter\CodeIgniter->handleRequest(null, Object(Config\Cache), false)
 9 FCPATH\index.php(67): CodeIgniter\CodeIgniter->run()
CRITICAL - 2023-04-19 19:41:56 --> Undefined variable: title
in APPPATH\Views\front\pages\HeaderPage.php on line 9.
 1 APPPATH\Views\front\pages\HeaderPage.php(9): CodeIgniter\Debug\Exceptions->errorHandler(8, 'Undefined variable: title', 'C:\\xampp\\htdocs\\gauna_octavio\\app\\Views\\front\\pages\\HeaderPage.php', 9, [])
 2 SYSTEMPATH\View\View.php(213): include('C:\\xampp\\htdocs\\gauna_octavio\\app\\Views\\front\\pages\\HeaderPage.php')
 3 SYSTEMPATH\View\View.php(216): CodeIgniter\View\View->CodeIgniter\View\{closure}()
 4 SYSTEMPATH\Common.php(1184): CodeIgniter\View\View->render('front/pages/HeaderPage', [], true)
 5 APPPATH\Config\Routes.php(25): view('front/pages/HeaderPage')
 6 SYSTEMPATH\CodeIgniter.php(954): CodeIgniter\Router\RouteCollection->Config\{closure}('Can\'t find a route for \'get: assets/images/product/nike2.png\'.')
 7 SYSTEMPATH\CodeIgniter.php(387): CodeIgniter\CodeIgniter->display404errors(Object(CodeIgniter\Exceptions\PageNotFoundException))
 8 FCPATH\index.php(67): CodeIgniter\CodeIgniter->run()
CRITICAL - 2023-04-19 19:41:56 --> Undefined variable: title
in APPPATH\Views\front\pages\HeaderPage.php on line 9.
 1 APPPATH\Views\front\pages\HeaderPage.php(9): CodeIgniter\Debug\Exceptions->errorHandler(8, 'Undefined variable: title', 'C:\\xampp\\htdocs\\gauna_octavio\\app\\Views\\front\\pages\\HeaderPage.php', 9, [])
 2 SYSTEMPATH\View\View.php(213): include('C:\\xampp\\htdocs\\gauna_octavio\\app\\Views\\front\\pages\\HeaderPage.php')
 3 SYSTEMPATH\View\View.php(216): CodeIgniter\View\View->CodeIgniter\View\{closure}()
 4 SYSTEMPATH\Common.php(1184): CodeIgniter\View\View->render('front/pages/HeaderPage', [], true)
 5 APPPATH\Config\Routes.php(25): view('front/pages/HeaderPage')
 6 SYSTEMPATH\CodeIgniter.php(954): CodeIgniter\Router\RouteCollection->Config\{closure}('Can\'t find a route for \'get: assets/images/product/nike7.png\'.')
 7 SYSTEMPATH\CodeIgniter.php(387): CodeIgniter\CodeIgniter->display404errors(Object(CodeIgniter\Exceptions\PageNotFoundException))
 8 FCPATH\index.php(67): CodeIgniter\CodeIgniter->run()
CRITICAL - 2023-04-19 19:41:57 --> Undefined variable: title
in APPPATH\Views\front\pages\HeaderPage.php on line 9.
 1 APPPATH\Views\front\pages\HeaderPage.php(9): CodeIgniter\Debug\Exceptions->errorHandler(8, 'Undefined variable: title', 'C:\\xampp\\htdocs\\gauna_octavio\\app\\Views\\front\\pages\\HeaderPage.php', 9, [])
 2 SYSTEMPATH\View\View.php(213): include('C:\\xampp\\htdocs\\gauna_octavio\\app\\Views\\front\\pages\\HeaderPage.php')
 3 SYSTEMPATH\View\View.php(216): CodeIgniter\View\View->CodeIgniter\View\{closure}()
 4 SYSTEMPATH\Common.php(1184): CodeIgniter\View\View->render('front/pages/HeaderPage', [], true)
 5 APPPATH\Config\Routes.php(25): view('front/pages/HeaderPage')
 6 SYSTEMPATH\CodeIgniter.php(954): CodeIgniter\Router\RouteCollection->Config\{closure}('Can\'t find a route for \'get: assets/images/product/nike7.png\'.')
 7 SYSTEMPATH\CodeIgniter.php(387): CodeIgniter\CodeIgniter->display404errors(Object(CodeIgniter\Exceptions\PageNotFoundException))
 8 FCPATH\index.php(67): CodeIgniter\CodeIgniter->run()
CRITICAL - 2023-04-19 19:41:57 --> Undefined variable: title
in APPPATH\Views\front\pages\HeaderPage.php on line 9.
 1 APPPATH\Views\front\pages\HeaderPage.php(9): CodeIgniter\Debug\Exceptions->errorHandler(8, 'Undefined variable: title', 'C:\\xampp\\htdocs\\gauna_octavio\\app\\Views\\front\\pages\\HeaderPage.php', 9, [])
 2 SYSTEMPATH\View\View.php(213): include('C:\\xampp\\htdocs\\gauna_octavio\\app\\Views\\front\\pages\\HeaderPage.php')
 3 SYSTEMPATH\View\View.php(216): CodeIgniter\View\View->CodeIgniter\View\{closure}()
 4 SYSTEMPATH\Common.php(1184): CodeIgniter\View\View->render('front/pages/HeaderPage', [], true)
 5 APPPATH\Config\Routes.php(25): view('front/pages/HeaderPage')
 6 SYSTEMPATH\CodeIgniter.php(954): CodeIgniter\Router\RouteCollection->Config\{closure}('Can\'t find a route for \'get: assets/images/product/nike2.png\'.')
 7 SYSTEMPATH\CodeIgniter.php(387): CodeIgniter\CodeIgniter->display404errors(Object(CodeIgniter\Exceptions\PageNotFoundException))
 8 FCPATH\index.php(67): CodeIgniter\CodeIgniter->run()
CRITICAL - 2023-04-19 19:41:58 --> Undefined variable: title
in APPPATH\Views\front\pages\HeaderPage.php on line 9.
 1 APPPATH\Views\front\pages\HeaderPage.php(9): CodeIgniter\Debug\Exceptions->errorHandler(8, 'Undefined variable: title', 'C:\\xampp\\htdocs\\gauna_octavio\\app\\Views\\front\\pages\\HeaderPage.php', 9, [])
 2 SYSTEMPATH\View\View.php(213): include('C:\\xampp\\htdocs\\gauna_octavio\\app\\Views\\front\\pages\\HeaderPage.php')
 3 SYSTEMPATH\View\View.php(216): CodeIgniter\View\View->CodeIgniter\View\{closure}()
 4 SYSTEMPATH\Common.php(1184): CodeIgniter\View\View->render('front/pages/HeaderPage', [], true)
 5 APPPATH\Config\Routes.php(25): view('front/pages/HeaderPage')
 6 SYSTEMPATH\CodeIgniter.php(954): CodeIgniter\Router\RouteCollection->Config\{closure}('Can\'t find a route for \'get: assets/images/product/nike7.png\'.')
 7 SYSTEMPATH\CodeIgniter.php(387): CodeIgniter\CodeIgniter->display404errors(Object(CodeIgniter\Exceptions\PageNotFoundException))
 8 FCPATH\index.php(67): CodeIgniter\CodeIgniter->run()
CRITICAL - 2023-04-19 19:42:56 --> Undefined variable: title
in APPPATH\Views\front\pages\HeaderPage.php on line 9.
 1 APPPATH\Views\front\pages\HeaderPage.php(9): CodeIgniter\Debug\Exceptions->errorHandler(8, 'Undefined variable: title', 'C:\\xampp\\htdocs\\gauna_octavio\\app\\Views\\front\\pages\\HeaderPage.php', 9, [])
 2 SYSTEMPATH\View\View.php(213): include('C:\\xampp\\htdocs\\gauna_octavio\\app\\Views\\front\\pages\\HeaderPage.php')
 3 SYSTEMPATH\View\View.php(216): CodeIgniter\View\View->CodeIgniter\View\{closure}()
 4 SYSTEMPATH\Common.php(1184): CodeIgniter\View\View->render('front/pages/HeaderPage', [], true)
 5 APPPATH\Config\Routes.php(25): view('front/pages/HeaderPage')
 6 SYSTEMPATH\CodeIgniter.php(954): CodeIgniter\Router\RouteCollection->Config\{closure}('Can\'t find a route for \'get: assets/images/product/nike2.png\'.')
 7 SYSTEMPATH\CodeIgniter.php(387): CodeIgniter\CodeIgniter->display404errors(Object(CodeIgniter\Exceptions\PageNotFoundException))
 8 FCPATH\index.php(67): CodeIgniter\CodeIgniter->run()
CRITICAL - 2023-04-19 19:42:56 --> Undefined variable: title
in APPPATH\Views\front\pages\HeaderPage.php on line 9.
 1 APPPATH\Views\front\pages\HeaderPage.php(9): CodeIgniter\Debug\Exceptions->errorHandler(8, 'Undefined variable: title', 'C:\\xampp\\htdocs\\gauna_octavio\\app\\Views\\front\\pages\\HeaderPage.php', 9, [])
 2 SYSTEMPATH\View\View.php(213): include('C:\\xampp\\htdocs\\gauna_octavio\\app\\Views\\front\\pages\\HeaderPage.php')
 3 SYSTEMPATH\View\View.php(216): CodeIgniter\View\View->CodeIgniter\View\{closure}()
 4 SYSTEMPATH\Common.php(1184): CodeIgniter\View\View->render('front/pages/HeaderPage', [], true)
 5 APPPATH\Config\Routes.php(25): view('front/pages/HeaderPage')
 6 SYSTEMPATH\CodeIgniter.php(954): CodeIgniter\Router\RouteCollection->Config\{closure}('Can\'t find a route for \'get: assets/images/product/nike7.png\'.')
 7 SYSTEMPATH\CodeIgniter.php(387): CodeIgniter\CodeIgniter->display404errors(Object(CodeIgniter\Exceptions\PageNotFoundException))
 8 FCPATH\index.php(67): CodeIgniter\CodeIgniter->run()
CRITICAL - 2023-04-19 19:42:57 --> Undefined variable: title
in APPPATH\Views\front\pages\HeaderPage.php on line 9.
 1 APPPATH\Views\front\pages\HeaderPage.php(9): CodeIgniter\Debug\Exceptions->errorHandler(8, 'Undefined variable: title', 'C:\\xampp\\htdocs\\gauna_octavio\\app\\Views\\front\\pages\\HeaderPage.php', 9, [])
 2 SYSTEMPATH\View\View.php(213): include('C:\\xampp\\htdocs\\gauna_octavio\\app\\Views\\front\\pages\\HeaderPage.php')
 3 SYSTEMPATH\View\View.php(216): CodeIgniter\View\View->CodeIgniter\View\{closure}()
 4 SYSTEMPATH\Common.php(1184): CodeIgniter\View\View->render('front/pages/HeaderPage', [], true)
 5 APPPATH\Config\Routes.php(25): view('front/pages/HeaderPage')
 6 SYSTEMPATH\CodeIgniter.php(954): CodeIgniter\Router\RouteCollection->Config\{closure}('Can\'t find a route for \'get: assets/images/product/nike7.png\'.')
 7 SYSTEMPATH\CodeIgniter.php(387): CodeIgniter\CodeIgniter->display404errors(Object(CodeIgniter\Exceptions\PageNotFoundException))
 8 FCPATH\index.php(67): CodeIgniter\CodeIgniter->run()
CRITICAL - 2023-04-19 19:42:57 --> Undefined variable: title
in APPPATH\Views\front\pages\HeaderPage.php on line 9.
 1 APPPATH\Views\front\pages\HeaderPage.php(9): CodeIgniter\Debug\Exceptions->errorHandler(8, 'Undefined variable: title', 'C:\\xampp\\htdocs\\gauna_octavio\\app\\Views\\front\\pages\\HeaderPage.php', 9, [])
 2 SYSTEMPATH\View\View.php(213): include('C:\\xampp\\htdocs\\gauna_octavio\\app\\Views\\front\\pages\\HeaderPage.php')
 3 SYSTEMPATH\View\View.php(216): CodeIgniter\View\View->CodeIgniter\View\{closure}()
 4 SYSTEMPATH\Common.php(1184): CodeIgniter\View\View->render('front/pages/HeaderPage', [], true)
 5 APPPATH\Config\Routes.php(25): view('front/pages/HeaderPage')
 6 SYSTEMPATH\CodeIgniter.php(954): CodeIgniter\Router\RouteCollection->Config\{closure}('Can\'t find a route for \'get: assets/images/product/nike2.png\'.')
 7 SYSTEMPATH\CodeIgniter.php(387): CodeIgniter\CodeIgniter->display404errors(Object(CodeIgniter\Exceptions\PageNotFoundException))
 8 FCPATH\index.php(67): CodeIgniter\CodeIgniter->run()
CRITICAL - 2023-04-19 19:43:07 --> Undefined variable: title
in APPPATH\Views\front\pages\HeaderPage.php on line 9.
 1 APPPATH\Views\front\pages\HeaderPage.php(9): CodeIgniter\Debug\Exceptions->errorHandler(8, 'Undefined variable: title', 'C:\\xampp\\htdocs\\gauna_octavio\\app\\Views\\front\\pages\\HeaderPage.php', 9, [])
 2 SYSTEMPATH\View\View.php(213): include('C:\\xampp\\htdocs\\gauna_octavio\\app\\Views\\front\\pages\\HeaderPage.php')
 3 SYSTEMPATH\View\View.php(216): CodeIgniter\View\View->CodeIgniter\View\{closure}()
 4 SYSTEMPATH\Common.php(1184): CodeIgniter\View\View->render('front/pages/HeaderPage', [], true)
 5 APPPATH\Config\Routes.php(25): view('front/pages/HeaderPage')
 6 SYSTEMPATH\CodeIgniter.php(954): CodeIgniter\Router\RouteCollection->Config\{closure}('Can\'t find a route for \'get: assets/images/product/nike2.png\'.')
 7 SYSTEMPATH\CodeIgniter.php(387): CodeIgniter\CodeIgniter->display404errors(Object(CodeIgniter\Exceptions\PageNotFoundException))
 8 FCPATH\index.php(67): CodeIgniter\CodeIgniter->run()
CRITICAL - 2023-04-19 19:43:07 --> Undefined variable: title
in APPPATH\Views\front\pages\HeaderPage.php on line 9.
 1 APPPATH\Views\front\pages\HeaderPage.php(9): CodeIgniter\Debug\Exceptions->errorHandler(8, 'Undefined variable: title', 'C:\\xampp\\htdocs\\gauna_octavio\\app\\Views\\front\\pages\\HeaderPage.php', 9, [])
 2 SYSTEMPATH\View\View.php(213): include('C:\\xampp\\htdocs\\gauna_octavio\\app\\Views\\front\\pages\\HeaderPage.php')
 3 SYSTEMPATH\View\View.php(216): CodeIgniter\View\View->CodeIgniter\View\{closure}()
 4 SYSTEMPATH\Common.php(1184): CodeIgniter\View\View->render('front/pages/HeaderPage', [], true)
 5 APPPATH\Config\Routes.php(25): view('front/pages/HeaderPage')
 6 SYSTEMPATH\CodeIgniter.php(954): CodeIgniter\Router\RouteCollection->Config\{closure}('Can\'t find a route for \'get: assets/images/product/nike7.png\'.')
 7 SYSTEMPATH\CodeIgniter.php(387): CodeIgniter\CodeIgniter->display404errors(Object(CodeIgniter\Exceptions\PageNotFoundException))
 8 FCPATH\index.php(67): CodeIgniter\CodeIgniter->run()
CRITICAL - 2023-04-19 19:43:09 --> Undefined variable: title
in APPPATH\Views\front\pages\HeaderPage.php on line 9.
 1 APPPATH\Views\front\pages\HeaderPage.php(9): CodeIgniter\Debug\Exceptions->errorHandler(8, 'Undefined variable: title', 'C:\\xampp\\htdocs\\gauna_octavio\\app\\Views\\front\\pages\\HeaderPage.php', 9, [])
 2 SYSTEMPATH\View\View.php(213): include('C:\\xampp\\htdocs\\gauna_octavio\\app\\Views\\front\\pages\\HeaderPage.php')
 3 SYSTEMPATH\View\View.php(216): CodeIgniter\View\View->CodeIgniter\View\{closure}()
 4 SYSTEMPATH\Common.php(1184): CodeIgniter\View\View->render('front/pages/HeaderPage', [], true)
 5 APPPATH\Config\Routes.php(25): view('front/pages/HeaderPage')
 6 SYSTEMPATH\CodeIgniter.php(954): CodeIgniter\Router\RouteCollection->Config\{closure}('Can\'t find a route for \'get: assets/images/product/nike7.png\'.')
 7 SYSTEMPATH\CodeIgniter.php(387): CodeIgniter\CodeIgniter->display404errors(Object(CodeIgniter\Exceptions\PageNotFoundException))
 8 FCPATH\index.php(67): CodeIgniter\CodeIgniter->run()
CRITICAL - 2023-04-19 19:43:09 --> Undefined variable: title
in APPPATH\Views\front\pages\HeaderPage.php on line 9.
 1 APPPATH\Views\front\pages\HeaderPage.php(9): CodeIgniter\Debug\Exceptions->errorHandler(8, 'Undefined variable: title', 'C:\\xampp\\htdocs\\gauna_octavio\\app\\Views\\front\\pages\\HeaderPage.php', 9, [])
 2 SYSTEMPATH\View\View.php(213): include('C:\\xampp\\htdocs\\gauna_octavio\\app\\Views\\front\\pages\\HeaderPage.php')
 3 SYSTEMPATH\View\View.php(216): CodeIgniter\View\View->CodeIgniter\View\{closure}()
 4 SYSTEMPATH\Common.php(1184): CodeIgniter\View\View->render('front/pages/HeaderPage', [], true)
 5 APPPATH\Config\Routes.php(25): view('front/pages/HeaderPage')
 6 SYSTEMPATH\CodeIgniter.php(954): CodeIgniter\Router\RouteCollection->Config\{closure}('Can\'t find a route for \'get: assets/images/product/nike2.png\'.')
 7 SYSTEMPATH\CodeIgniter.php(387): CodeIgniter\CodeIgniter->display404errors(Object(CodeIgniter\Exceptions\PageNotFoundException))
 8 FCPATH\index.php(67): CodeIgniter\CodeIgniter->run()
CRITICAL - 2023-04-19 19:43:10 --> Undefined variable: title
in APPPATH\Views\front\pages\HeaderPage.php on line 9.
 1 APPPATH\Views\front\pages\HeaderPage.php(9): CodeIgniter\Debug\Exceptions->errorHandler(8, 'Undefined variable: title', 'C:\\xampp\\htdocs\\gauna_octavio\\app\\Views\\front\\pages\\HeaderPage.php', 9, [])
 2 SYSTEMPATH\View\View.php(213): include('C:\\xampp\\htdocs\\gauna_octavio\\app\\Views\\front\\pages\\HeaderPage.php')
 3 SYSTEMPATH\View\View.php(216): CodeIgniter\View\View->CodeIgniter\View\{closure}()
 4 SYSTEMPATH\Common.php(1184): CodeIgniter\View\View->render('front/pages/HeaderPage', [], true)
 5 APPPATH\Config\Routes.php(25): view('front/pages/HeaderPage')
 6 SYSTEMPATH\CodeIgniter.php(954): CodeIgniter\Router\RouteCollection->Config\{closure}('Can\'t find a route for \'get: assets/images/product/nike7.png\'.')
 7 SYSTEMPATH\CodeIgniter.php(387): CodeIgniter\CodeIgniter->display404errors(Object(CodeIgniter\Exceptions\PageNotFoundException))
 8 FCPATH\index.php(67): CodeIgniter\CodeIgniter->run()
CRITICAL - 2023-04-19 19:43:12 --> Undefined variable: title
in APPPATH\Views\front\pages\HeaderPage.php on line 9.
 1 APPPATH\Views\front\pages\HeaderPage.php(9): CodeIgniter\Debug\Exceptions->errorHandler(8, 'Undefined variable: title', 'C:\\xampp\\htdocs\\gauna_octavio\\app\\Views\\front\\pages\\HeaderPage.php', 9, [])
 2 SYSTEMPATH\View\View.php(213): include('C:\\xampp\\htdocs\\gauna_octavio\\app\\Views\\front\\pages\\HeaderPage.php')
 3 SYSTEMPATH\View\View.php(216): CodeIgniter\View\View->CodeIgniter\View\{closure}()
 4 SYSTEMPATH\Common.php(1184): CodeIgniter\View\View->render('front/pages/HeaderPage', [], true)
 5 APPPATH\Config\Routes.php(25): view('front/pages/HeaderPage')
 6 SYSTEMPATH\CodeIgniter.php(954): CodeIgniter\Router\RouteCollection->Config\{closure}('Can\'t find a route for \'get: assets/images/product/nike2.png\'.')
 7 SYSTEMPATH\CodeIgniter.php(387): CodeIgniter\CodeIgniter->display404errors(Object(CodeIgniter\Exceptions\PageNotFoundException))
 8 FCPATH\index.php(67): CodeIgniter\CodeIgniter->run()
CRITICAL - 2023-04-19 19:43:13 --> Undefined variable: title
in APPPATH\Views\front\pages\HeaderPage.php on line 9.
 1 APPPATH\Views\front\pages\HeaderPage.php(9): CodeIgniter\Debug\Exceptions->errorHandler(8, 'Undefined variable: title', 'C:\\xampp\\htdocs\\gauna_octavio\\app\\Views\\front\\pages\\HeaderPage.php', 9, [])
 2 SYSTEMPATH\View\View.php(213): include('C:\\xampp\\htdocs\\gauna_octavio\\app\\Views\\front\\pages\\HeaderPage.php')
 3 SYSTEMPATH\View\View.php(216): CodeIgniter\View\View->CodeIgniter\View\{closure}()
 4 SYSTEMPATH\Common.php(1184): CodeIgniter\View\View->render('front/pages/HeaderPage', [], true)
 5 APPPATH\Config\Routes.php(25): view('front/pages/HeaderPage')
 6 SYSTEMPATH\CodeIgniter.php(954): CodeIgniter\Router\RouteCollection->Config\{closure}('Can\'t find a route for \'get: assets/images/product/nike7.png\'.')
 7 SYSTEMPATH\CodeIgniter.php(387): CodeIgniter\CodeIgniter->display404errors(Object(CodeIgniter\Exceptions\PageNotFoundException))
 8 FCPATH\index.php(67): CodeIgniter\CodeIgniter->run()
